五月 30, 2016 2:02:23 下午 org.apache.coyote.http11.Http11Protocol pause
信息: Pausing Coyote HTTP/1.1 on http-8080
五月 30, 2016 2:02:24 下午 org.apache.catalina.core.StandardService stop
信息: Stopping service Catalina
五月 30, 2016 2:02:24 下午 org.apache.catalina.core.AprLifecycleListener init
信息: The APR based Apache Tomcat Native library which allows optimal performance in production environments was not found on the java.library.path: C:\Program Files\Java\jdk1.8.0_60\bin;C:\Windows\Sun\Java\bin;C:\Windows\system32;C:\Windows;C:\ProgramData\Oracle\Java\javapath;E:\Python2.7.9\;E:\Python2.7.9\Scripts;C:\Program Files (x86)\NVIDIA Corporation\PhysX\Common;C:\Program Files (x86)\Intel\iCLS Client\;C:\Program Files\Intel\iCLS Client\;C:\Windows\system32;C:\Windows;C:\Windows\System32\Wbem;C:\Windows\System32\WindowsPowerShell\v1.0\;C:\Program Files\Intel\Intel(R) Management Engine Components\DAL;C:\Program Files (x86)\Intel\Intel(R) Management Engine Components\DAL;C:\Program Files\Intel\Intel(R) Management Engine Components\IPT;C:\Program Files (x86)\Intel\Intel(R) Management Engine Components\IPT;C:\Program Files (x86)\Windows Kits\8.1\Windows Performance Toolkit\;C:\Program Files\Microsoft SQL Server\110\Tools\Binn\;C:\Program Files (x86)\Microsoft SDKs\TypeScript\1.0\;E:\git\Git\cmd;E:\mysql5.0\bin;C:\Program Files (x86)\GtkSharp\2.12\bin;C:\Program Files\Common Files\Autodesk Shared\;C:\Program Files (x86)\Autodesk\Backburner\;D:\diy\diy_client\cocos2d\templates;D:\diy\diy_client\cocos2d\tools\cocos2d-console\bin;;C:\Program Files\Java\jdk1.8.0_60\bin;D:\apache-ant-1.9.6;F:\cocos2dx\cocos2d-x-3.8.1\tools\cocos2d-console\bin;;.
五月 30, 2016 2:02:24 下午 org.apache.catalina.loader.WebappClassLoader clearReferencesJdbc
严重: The web application [/diy] registered the JBDC driver [com.mysql.jdbc.Driver] but failed to unregister it when the web application was stopped. To prevent a memory leak, the JDBC Driver has been forcibly unregistered.
五月 30, 2016 2:02:24 下午 org.apache.catalina.loader.WebappClassLoader clearReferencesThreads
严重: The web application [/diy] appears to have started a thread named [Abandoned connection cleanup thread] but has failed to stop it. This is very likely to create a memory leak.
五月 30, 2016 2:02:24 下午 org.apache.coyote.http11.Http11Protocol destroy
信息: Stopping Coyote HTTP/1.1 on http-8080
五月 30, 2016 2:02:24 下午 org.apache.coyote.http11.Http11Protocol init
信息: Initializing Coyote HTTP/1.1 on http-8080
五月 30, 2016 2:02:24 下午 org.apache.catalina.startup.Catalina load
信息: Initialization processed in 395 ms
五月 30, 2016 2:02:24 下午 org.apache.catalina.core.StandardService start
信息: Starting service Catalina
五月 30, 2016 2:02:24 下午 org.apache.catalina.core.StandardEngine start
信息: Starting Servlet Engine: Apache Tomcat/6.0.29
五月 30, 2016 2:02:24 下午 org.apache.catalina.startup.HostConfig deployDescriptor
信息: Deploying configuration descriptor host-manager.xml
五月 30, 2016 2:02:25 下午 org.apache.catalina.startup.HostConfig deployDescriptor
信息: Deploying configuration descriptor manager.xml
五月 30, 2016 2:02:25 下午 org.apache.catalina.startup.HostConfig deployDirectory
信息: Deploying web application directory diy
五月 30, 2016 2:02:25 下午 org.apache.catalina.startup.HostConfig deployDirectory
信息: Deploying web application directory ROOT
五月 30, 2016 2:02:25 下午 org.apache.coyote.http11.Http11Protocol start
信息: Starting Coyote HTTP/1.1 on http-8080
五月 30, 2016 2:02:25 下午 org.apache.jk.common.ChannelSocket init
信息: JK: ajp13 listening on /0.0.0.0:8009
五月 30, 2016 2:02:25 下午 org.apache.jk.server.JkMain start
信息: Jk running ID=0 time=0/15  config=null
五月 30, 2016 2:02:25 下午 org.apache.catalina.startup.Catalina start
信息: Server startup in 377 ms
五月 30, 2016 3:10:08 下午 org.apache.coyote.http11.Http11Protocol pause
信息: Pausing Coyote HTTP/1.1 on http-8080
五月 30, 2016 3:10:09 下午 org.apache.catalina.core.StandardService stop
信息: Stopping service Catalina
五月 30, 2016 3:10:09 下午 org.apache.catalina.loader.WebappClassLoader clearReferencesJdbc
严重: The web application [/diy] registered the JBDC driver [com.mysql.jdbc.Driver] but failed to unregister it when the web application was stopped. To prevent a memory leak, the JDBC Driver has been forcibly unregistered.
五月 30, 2016 3:10:09 下午 org.apache.catalina.loader.WebappClassLoader clearReferencesThreads
严重: The web application [/diy] appears to have started a thread named [Abandoned connection cleanup thread] but has failed to stop it. This is very likely to create a memory leak.
五月 30, 2016 3:10:09 下午 org.apache.coyote.http11.Http11Protocol destroy
信息: Stopping Coyote HTTP/1.1 on http-8080
