十二月 02, 2015 11:13:44 下午 org.apache.catalina.core.AprLifecycleListener init
信息: The APR based Apache Tomcat Native library which allows optimal performance in production environments was not found on the java.library.path: C:\Program Files\Java\jdk1.8.0_60\bin;C:\Windows\Sun\Java\bin;C:\Windows\system32;C:\Windows;C:\ProgramData\Oracle\Java\javapath;E:\Python2.7.9\;E:\Python2.7.9\Scripts;C:\Program Files (x86)\NVIDIA Corporation\PhysX\Common;C:\Program Files (x86)\Intel\iCLS Client\;C:\Program Files\Intel\iCLS Client\;C:\Windows\system32;C:\Windows;C:\Windows\System32\Wbem;C:\Windows\System32\WindowsPowerShell\v1.0\;C:\Program Files\Intel\Intel(R) Management Engine Components\DAL;C:\Program Files (x86)\Intel\Intel(R) Management Engine Components\DAL;C:\Program Files\Intel\Intel(R) Management Engine Components\IPT;C:\Program Files (x86)\Intel\Intel(R) Management Engine Components\IPT;C:\Program Files (x86)\Windows Kits\8.1\Windows Performance Toolkit\;C:\Program Files\Microsoft SQL Server\110\Tools\Binn\;C:\Program Files (x86)\Microsoft SDKs\TypeScript\1.0\;E:\git\Git\cmd;E:\mysql5.0\bin;C:\Program Files (x86)\GtkSharp\2.12\bin;C:\Program Files\Common Files\Autodesk Shared\;C:\Program Files (x86)\Autodesk\Backburner\;F:\cocos2dx\cocos2d-x-3.8.1\templates;F:\cocos2dx\cocos2d-x-3.8.1\tools\cocos2d-console\bin;;%JAVA_HOME%\bin;;.
十二月 02, 2015 11:13:44 下午 org.apache.coyote.http11.Http11Protocol init
信息: Initializing Coyote HTTP/1.1 on http-8080
十二月 02, 2015 11:13:44 下午 org.apache.catalina.startup.Catalina load
信息: Initialization processed in 386 ms
十二月 02, 2015 11:13:44 下午 org.apache.catalina.core.StandardService start
信息: Starting service Catalina
十二月 02, 2015 11:13:44 下午 org.apache.catalina.core.StandardEngine start
信息: Starting Servlet Engine: Apache Tomcat/6.0.29
十二月 02, 2015 11:13:44 下午 org.apache.catalina.startup.HostConfig deployDescriptor
信息: Deploying configuration descriptor host-manager.xml
十二月 02, 2015 11:13:44 下午 org.apache.catalina.core.StandardContext resourcesStart
严重: Error starting static Resources
java.lang.IllegalArgumentException: Document base D:\diy\diy_server\apache-tomcat-6.0.29\webapps\host-manager does not exist or is not a readable directory
	at org.apache.naming.resources.FileDirContext.setDocBase(FileDirContext.java:142)
	at org.apache.catalina.core.StandardContext.resourcesStart(StandardContext.java:4249)
	at org.apache.catalina.core.StandardContext.start(StandardContext.java:4418)
	at org.apache.catalina.core.ContainerBase.addChildInternal(ContainerBase.java:791)
	at org.apache.catalina.core.ContainerBase.addChild(ContainerBase.java:771)
	at org.apache.catalina.core.StandardHost.addChild(StandardHost.java:546)
	at org.apache.catalina.startup.HostConfig.deployDescriptor(HostConfig.java:637)
	at org.apache.catalina.startup.HostConfig.deployDescriptors(HostConfig.java:563)
	at org.apache.catalina.startup.HostConfig.deployApps(HostConfig.java:498)
	at org.apache.catalina.startup.HostConfig.start(HostConfig.java:1277)
	at org.apache.catalina.startup.HostConfig.lifecycleEvent(HostConfig.java:321)
	at org.apache.catalina.util.LifecycleSupport.fireLifecycleEvent(LifecycleSupport.java:119)
	at org.apache.catalina.core.ContainerBase.start(ContainerBase.java:1053)
	at org.apache.catalina.core.StandardHost.start(StandardHost.java:785)
	at org.apache.catalina.core.ContainerBase.start(ContainerBase.java:1045)
	at org.apache.catalina.core.StandardEngine.start(StandardEngine.java:445)
	at org.apache.catalina.core.StandardService.start(StandardService.java:519)
	at org.apache.catalina.core.StandardServer.start(StandardServer.java:710)
	at org.apache.catalina.startup.Catalina.start(Catalina.java:581)
	at sun.reflect.NativeMethodAccessorImpl.invoke0(Native Method)
	at sun.reflect.NativeMethodAccessorImpl.invoke(NativeMethodAccessorImpl.java:62)
	at sun.reflect.DelegatingMethodAccessorImpl.invoke(DelegatingMethodAccessorImpl.java:43)
	at java.lang.reflect.Method.invoke(Method.java:497)
	at org.apache.catalina.startup.Bootstrap.start(Bootstrap.java:289)
	at org.apache.catalina.startup.Bootstrap.main(Bootstrap.java:414)

十二月 02, 2015 11:13:44 下午 org.apache.catalina.core.StandardContext start
严重: Error in resourceStart()
十二月 02, 2015 11:13:44 下午 org.apache.catalina.core.StandardContext start
严重: Error getConfigured
十二月 02, 2015 11:13:44 下午 org.apache.catalina.core.StandardContext start
严重: Context [/host-manager] startup failed due to previous errors
十二月 02, 2015 11:13:44 下午 org.apache.catalina.core.StandardContext stop
信息: Container org.apache.catalina.core.ContainerBase.[Catalina].[localhost].[/host-manager] has not been started
十二月 02, 2015 11:13:44 下午 org.apache.catalina.startup.HostConfig deployDescriptor
信息: Deploying configuration descriptor manager.xml
十二月 02, 2015 11:13:44 下午 org.apache.catalina.core.StandardContext resourcesStart
严重: Error starting static Resources
java.lang.IllegalArgumentException: Document base D:\diy\diy_server\apache-tomcat-6.0.29\webapps\manager does not exist or is not a readable directory
	at org.apache.naming.resources.FileDirContext.setDocBase(FileDirContext.java:142)
	at org.apache.catalina.core.StandardContext.resourcesStart(StandardContext.java:4249)
	at org.apache.catalina.core.StandardContext.start(StandardContext.java:4418)
	at org.apache.catalina.core.ContainerBase.addChildInternal(ContainerBase.java:791)
	at org.apache.catalina.core.ContainerBase.addChild(ContainerBase.java:771)
	at org.apache.catalina.core.StandardHost.addChild(StandardHost.java:546)
	at org.apache.catalina.startup.HostConfig.deployDescriptor(HostConfig.java:637)
	at org.apache.catalina.startup.HostConfig.deployDescriptors(HostConfig.java:563)
	at org.apache.catalina.startup.HostConfig.deployApps(HostConfig.java:498)
	at org.apache.catalina.startup.HostConfig.start(HostConfig.java:1277)
	at org.apache.catalina.startup.HostConfig.lifecycleEvent(HostConfig.java:321)
	at org.apache.catalina.util.LifecycleSupport.fireLifecycleEvent(LifecycleSupport.java:119)
	at org.apache.catalina.core.ContainerBase.start(ContainerBase.java:1053)
	at org.apache.catalina.core.StandardHost.start(StandardHost.java:785)
	at org.apache.catalina.core.ContainerBase.start(ContainerBase.java:1045)
	at org.apache.catalina.core.StandardEngine.start(StandardEngine.java:445)
	at org.apache.catalina.core.StandardService.start(StandardService.java:519)
	at org.apache.catalina.core.StandardServer.start(StandardServer.java:710)
	at org.apache.catalina.startup.Catalina.start(Catalina.java:581)
	at sun.reflect.NativeMethodAccessorImpl.invoke0(Native Method)
	at sun.reflect.NativeMethodAccessorImpl.invoke(NativeMethodAccessorImpl.java:62)
	at sun.reflect.DelegatingMethodAccessorImpl.invoke(DelegatingMethodAccessorImpl.java:43)
	at java.lang.reflect.Method.invoke(Method.java:497)
	at org.apache.catalina.startup.Bootstrap.start(Bootstrap.java:289)
	at org.apache.catalina.startup.Bootstrap.main(Bootstrap.java:414)

十二月 02, 2015 11:13:44 下午 org.apache.catalina.core.StandardContext start
严重: Error in resourceStart()
十二月 02, 2015 11:13:44 下午 org.apache.catalina.core.StandardContext start
严重: Error getConfigured
十二月 02, 2015 11:13:44 下午 org.apache.catalina.core.StandardContext start
严重: Context [/manager] startup failed due to previous errors
十二月 02, 2015 11:13:44 下午 org.apache.catalina.core.StandardContext stop
信息: Container org.apache.catalina.core.ContainerBase.[Catalina].[localhost].[/manager] has not been started
十二月 02, 2015 11:13:44 下午 org.apache.catalina.startup.HostConfig deployDirectory
信息: Deploying web application directory diy
十二月 02, 2015 11:13:44 下午 org.apache.coyote.http11.Http11Protocol start
信息: Starting Coyote HTTP/1.1 on http-8080
十二月 02, 2015 11:13:44 下午 org.apache.jk.common.ChannelSocket init
信息: JK: ajp13 listening on /0.0.0.0:8009
十二月 02, 2015 11:13:44 下午 org.apache.jk.server.JkMain start
信息: Jk running ID=0 time=1/14  config=null
十二月 02, 2015 11:13:44 下午 org.apache.catalina.startup.Catalina start
信息: Server startup in 248 ms
十二月 02, 2015 11:14:28 下午 org.apache.catalina.core.AprLifecycleListener init
信息: The APR based Apache Tomcat Native library which allows optimal performance in production environments was not found on the java.library.path: C:\Program Files\Java\jdk1.8.0_60\bin;C:\Windows\Sun\Java\bin;C:\Windows\system32;C:\Windows;C:\ProgramData\Oracle\Java\javapath;E:\Python2.7.9\;E:\Python2.7.9\Scripts;C:\Program Files (x86)\NVIDIA Corporation\PhysX\Common;C:\Program Files (x86)\Intel\iCLS Client\;C:\Program Files\Intel\iCLS Client\;C:\Windows\system32;C:\Windows;C:\Windows\System32\Wbem;C:\Windows\System32\WindowsPowerShell\v1.0\;C:\Program Files\Intel\Intel(R) Management Engine Components\DAL;C:\Program Files (x86)\Intel\Intel(R) Management Engine Components\DAL;C:\Program Files\Intel\Intel(R) Management Engine Components\IPT;C:\Program Files (x86)\Intel\Intel(R) Management Engine Components\IPT;C:\Program Files (x86)\Windows Kits\8.1\Windows Performance Toolkit\;C:\Program Files\Microsoft SQL Server\110\Tools\Binn\;C:\Program Files (x86)\Microsoft SDKs\TypeScript\1.0\;E:\git\Git\cmd;E:\mysql5.0\bin;C:\Program Files (x86)\GtkSharp\2.12\bin;C:\Program Files\Common Files\Autodesk Shared\;C:\Program Files (x86)\Autodesk\Backburner\;F:\cocos2dx\cocos2d-x-3.8.1\templates;F:\cocos2dx\cocos2d-x-3.8.1\tools\cocos2d-console\bin;;%JAVA_HOME%\bin;;.
十二月 02, 2015 11:14:28 下午 org.apache.coyote.http11.Http11Protocol init
信息: Initializing Coyote HTTP/1.1 on http-8080
十二月 02, 2015 11:14:28 下午 org.apache.catalina.startup.Catalina load
信息: Initialization processed in 262 ms
十二月 02, 2015 11:14:28 下午 org.apache.catalina.core.StandardService start
信息: Starting service Catalina
十二月 02, 2015 11:14:28 下午 org.apache.catalina.core.StandardEngine start
信息: Starting Servlet Engine: Apache Tomcat/6.0.29
十二月 02, 2015 11:14:28 下午 org.apache.catalina.startup.HostConfig deployDescriptor
信息: Deploying configuration descriptor host-manager.xml
十二月 02, 2015 11:14:28 下午 org.apache.catalina.startup.HostConfig deployDescriptor
信息: Deploying configuration descriptor manager.xml
十二月 02, 2015 11:14:28 下午 org.apache.catalina.core.StandardContext resourcesStart
严重: Error starting static Resources
java.lang.IllegalArgumentException: Document base D:\diy\diy_server\apache-tomcat-6.0.29\webapps\manager does not exist or is not a readable directory
	at org.apache.naming.resources.FileDirContext.setDocBase(FileDirContext.java:142)
	at org.apache.catalina.core.StandardContext.resourcesStart(StandardContext.java:4249)
	at org.apache.catalina.core.StandardContext.start(StandardContext.java:4418)
	at org.apache.catalina.core.ContainerBase.addChildInternal(ContainerBase.java:791)
	at org.apache.catalina.core.ContainerBase.addChild(ContainerBase.java:771)
	at org.apache.catalina.core.StandardHost.addChild(StandardHost.java:546)
	at org.apache.catalina.startup.HostConfig.deployDescriptor(HostConfig.java:637)
	at org.apache.catalina.startup.HostConfig.deployDescriptors(HostConfig.java:563)
	at org.apache.catalina.startup.HostConfig.deployApps(HostConfig.java:498)
	at org.apache.catalina.startup.HostConfig.start(HostConfig.java:1277)
	at org.apache.catalina.startup.HostConfig.lifecycleEvent(HostConfig.java:321)
	at org.apache.catalina.util.LifecycleSupport.fireLifecycleEvent(LifecycleSupport.java:119)
	at org.apache.catalina.core.ContainerBase.start(ContainerBase.java:1053)
	at org.apache.catalina.core.StandardHost.start(StandardHost.java:785)
	at org.apache.catalina.core.ContainerBase.start(ContainerBase.java:1045)
	at org.apache.catalina.core.StandardEngine.start(StandardEngine.java:445)
	at org.apache.catalina.core.StandardService.start(StandardService.java:519)
	at org.apache.catalina.core.StandardServer.start(StandardServer.java:710)
	at org.apache.catalina.startup.Catalina.start(Catalina.java:581)
	at sun.reflect.NativeMethodAccessorImpl.invoke0(Native Method)
	at sun.reflect.NativeMethodAccessorImpl.invoke(NativeMethodAccessorImpl.java:62)
	at sun.reflect.DelegatingMethodAccessorImpl.invoke(DelegatingMethodAccessorImpl.java:43)
	at java.lang.reflect.Method.invoke(Method.java:497)
	at org.apache.catalina.startup.Bootstrap.start(Bootstrap.java:289)
	at org.apache.catalina.startup.Bootstrap.main(Bootstrap.java:414)

十二月 02, 2015 11:14:28 下午 org.apache.catalina.core.StandardContext start
严重: Error in resourceStart()
十二月 02, 2015 11:14:28 下午 org.apache.catalina.core.StandardContext start
严重: Error getConfigured
十二月 02, 2015 11:14:28 下午 org.apache.catalina.core.StandardContext start
严重: Context [/manager] startup failed due to previous errors
十二月 02, 2015 11:14:28 下午 org.apache.catalina.core.StandardContext stop
信息: Container org.apache.catalina.core.ContainerBase.[Catalina].[localhost].[/manager] has not been started
十二月 02, 2015 11:14:28 下午 org.apache.catalina.startup.HostConfig deployDirectory
信息: Deploying web application directory diy
十二月 02, 2015 11:14:28 下午 org.apache.coyote.http11.Http11Protocol start
信息: Starting Coyote HTTP/1.1 on http-8080
十二月 02, 2015 11:14:28 下午 org.apache.jk.common.ChannelSocket init
信息: JK: ajp13 listening on /0.0.0.0:8009
十二月 02, 2015 11:14:28 下午 org.apache.jk.server.JkMain start
信息: Jk running ID=0 time=0/13  config=null
十二月 02, 2015 11:14:28 下午 org.apache.catalina.startup.Catalina start
信息: Server startup in 256 ms
十二月 02, 2015 11:14:58 下午 org.apache.catalina.core.AprLifecycleListener init
信息: The APR based Apache Tomcat Native library which allows optimal performance in production environments was not found on the java.library.path: C:\Program Files\Java\jdk1.8.0_60\bin;C:\Windows\Sun\Java\bin;C:\Windows\system32;C:\Windows;C:\ProgramData\Oracle\Java\javapath;E:\Python2.7.9\;E:\Python2.7.9\Scripts;C:\Program Files (x86)\NVIDIA Corporation\PhysX\Common;C:\Program Files (x86)\Intel\iCLS Client\;C:\Program Files\Intel\iCLS Client\;C:\Windows\system32;C:\Windows;C:\Windows\System32\Wbem;C:\Windows\System32\WindowsPowerShell\v1.0\;C:\Program Files\Intel\Intel(R) Management Engine Components\DAL;C:\Program Files (x86)\Intel\Intel(R) Management Engine Components\DAL;C:\Program Files\Intel\Intel(R) Management Engine Components\IPT;C:\Program Files (x86)\Intel\Intel(R) Management Engine Components\IPT;C:\Program Files (x86)\Windows Kits\8.1\Windows Performance Toolkit\;C:\Program Files\Microsoft SQL Server\110\Tools\Binn\;C:\Program Files (x86)\Microsoft SDKs\TypeScript\1.0\;E:\git\Git\cmd;E:\mysql5.0\bin;C:\Program Files (x86)\GtkSharp\2.12\bin;C:\Program Files\Common Files\Autodesk Shared\;C:\Program Files (x86)\Autodesk\Backburner\;F:\cocos2dx\cocos2d-x-3.8.1\templates;F:\cocos2dx\cocos2d-x-3.8.1\tools\cocos2d-console\bin;;%JAVA_HOME%\bin;;.
十二月 02, 2015 11:14:58 下午 org.apache.coyote.http11.Http11Protocol init
信息: Initializing Coyote HTTP/1.1 on http-8080
十二月 02, 2015 11:14:58 下午 org.apache.catalina.startup.Catalina load
信息: Initialization processed in 269 ms
十二月 02, 2015 11:14:58 下午 org.apache.catalina.core.StandardService start
信息: Starting service Catalina
十二月 02, 2015 11:14:58 下午 org.apache.catalina.core.StandardEngine start
信息: Starting Servlet Engine: Apache Tomcat/6.0.29
十二月 02, 2015 11:14:58 下午 org.apache.catalina.startup.HostConfig deployDescriptor
信息: Deploying configuration descriptor host-manager.xml
十二月 02, 2015 11:14:58 下午 org.apache.catalina.startup.HostConfig deployDescriptor
信息: Deploying configuration descriptor manager.xml
十二月 02, 2015 11:14:58 下午 org.apache.catalina.startup.HostConfig deployDirectory
信息: Deploying web application directory diy
十二月 02, 2015 11:14:58 下午 org.apache.catalina.startup.HostConfig deployDirectory
信息: Deploying web application directory ROOT
十二月 02, 2015 11:14:58 下午 org.apache.coyote.http11.Http11Protocol start
信息: Starting Coyote HTTP/1.1 on http-8080
十二月 02, 2015 11:14:58 下午 org.apache.jk.common.ChannelSocket init
信息: JK: ajp13 listening on /0.0.0.0:8009
十二月 02, 2015 11:14:58 下午 org.apache.jk.server.JkMain start
信息: Jk running ID=0 time=0/23  config=null
十二月 02, 2015 11:14:58 下午 org.apache.catalina.startup.Catalina start
信息: Server startup in 280 ms
十二月 02, 2015 11:16:54 下午 org.apache.coyote.http11.Http11Protocol pause
信息: Pausing Coyote HTTP/1.1 on http-8080
十二月 02, 2015 11:16:55 下午 org.apache.catalina.core.StandardService stop
信息: Stopping service Catalina
十二月 02, 2015 11:16:55 下午 org.apache.coyote.http11.Http11Protocol destroy
信息: Stopping Coyote HTTP/1.1 on http-8080
十二月 02, 2015 11:16:56 下午 org.apache.catalina.core.AprLifecycleListener init
信息: The APR based Apache Tomcat Native library which allows optimal performance in production environments was not found on the java.library.path: C:\Program Files\Java\jdk1.8.0_60\bin;C:\Windows\Sun\Java\bin;C:\Windows\system32;C:\Windows;C:\ProgramData\Oracle\Java\javapath;E:\Python2.7.9\;E:\Python2.7.9\Scripts;C:\Program Files (x86)\NVIDIA Corporation\PhysX\Common;C:\Program Files (x86)\Intel\iCLS Client\;C:\Program Files\Intel\iCLS Client\;C:\Windows\system32;C:\Windows;C:\Windows\System32\Wbem;C:\Windows\System32\WindowsPowerShell\v1.0\;C:\Program Files\Intel\Intel(R) Management Engine Components\DAL;C:\Program Files (x86)\Intel\Intel(R) Management Engine Components\DAL;C:\Program Files\Intel\Intel(R) Management Engine Components\IPT;C:\Program Files (x86)\Intel\Intel(R) Management Engine Components\IPT;C:\Program Files (x86)\Windows Kits\8.1\Windows Performance Toolkit\;C:\Program Files\Microsoft SQL Server\110\Tools\Binn\;C:\Program Files (x86)\Microsoft SDKs\TypeScript\1.0\;E:\git\Git\cmd;E:\mysql5.0\bin;C:\Program Files (x86)\GtkSharp\2.12\bin;C:\Program Files\Common Files\Autodesk Shared\;C:\Program Files (x86)\Autodesk\Backburner\;F:\cocos2dx\cocos2d-x-3.8.1\templates;F:\cocos2dx\cocos2d-x-3.8.1\tools\cocos2d-console\bin;;%JAVA_HOME%\bin;;.
十二月 02, 2015 11:16:56 下午 org.apache.coyote.http11.Http11Protocol init
信息: Initializing Coyote HTTP/1.1 on http-8080
十二月 02, 2015 11:16:56 下午 org.apache.catalina.startup.Catalina load
信息: Initialization processed in 265 ms
十二月 02, 2015 11:16:56 下午 org.apache.catalina.core.StandardService start
信息: Starting service Catalina
十二月 02, 2015 11:16:56 下午 org.apache.catalina.core.StandardEngine start
信息: Starting Servlet Engine: Apache Tomcat/6.0.29
十二月 02, 2015 11:16:56 下午 org.apache.catalina.startup.HostConfig deployDescriptor
信息: Deploying configuration descriptor host-manager.xml
十二月 02, 2015 11:16:56 下午 org.apache.catalina.startup.HostConfig deployDescriptor
信息: Deploying configuration descriptor manager.xml
十二月 02, 2015 11:16:56 下午 org.apache.catalina.startup.HostConfig deployDirectory
信息: Deploying web application directory diy
十二月 02, 2015 11:16:56 下午 org.apache.catalina.startup.HostConfig deployDirectory
信息: Deploying web application directory ROOT
十二月 02, 2015 11:16:56 下午 org.apache.coyote.http11.Http11Protocol start
信息: Starting Coyote HTTP/1.1 on http-8080
十二月 02, 2015 11:16:56 下午 org.apache.jk.common.ChannelSocket init
信息: JK: ajp13 listening on /0.0.0.0:8009
十二月 02, 2015 11:16:56 下午 org.apache.jk.server.JkMain start
信息: Jk running ID=0 time=0/12  config=null
十二月 02, 2015 11:16:56 下午 org.apache.catalina.startup.Catalina start
信息: Server startup in 283 ms
十二月 02, 2015 11:19:26 下午 org.apache.coyote.http11.Http11Protocol pause
信息: Pausing Coyote HTTP/1.1 on http-8080
十二月 02, 2015 11:19:27 下午 org.apache.catalina.core.StandardService stop
信息: Stopping service Catalina
十二月 02, 2015 11:19:27 下午 org.apache.catalina.loader.WebappClassLoader clearReferencesJdbc
严重: The web application [/diy] registered the JBDC driver [com.mysql.jdbc.Driver] but failed to unregister it when the web application was stopped. To prevent a memory leak, the JDBC Driver has been forcibly unregistered.
十二月 02, 2015 11:19:27 下午 org.apache.catalina.loader.WebappClassLoader clearReferencesThreads
严重: The web application [/diy] appears to have started a thread named [Abandoned connection cleanup thread] but has failed to stop it. This is very likely to create a memory leak.
十二月 02, 2015 11:19:27 下午 org.apache.coyote.http11.Http11Protocol destroy
信息: Stopping Coyote HTTP/1.1 on http-8080
十二月 02, 2015 11:20:10 下午 org.apache.catalina.core.AprLifecycleListener init
信息: The APR based Apache Tomcat Native library which allows optimal performance in production environments was not found on the java.library.path: C:\Program Files\Java\jdk1.8.0_60\bin;C:\Windows\Sun\Java\bin;C:\Windows\system32;C:\Windows;C:\ProgramData\Oracle\Java\javapath;E:\Python2.7.9\;E:\Python2.7.9\Scripts;C:\Program Files (x86)\NVIDIA Corporation\PhysX\Common;C:\Program Files (x86)\Intel\iCLS Client\;C:\Program Files\Intel\iCLS Client\;C:\Windows\system32;C:\Windows;C:\Windows\System32\Wbem;C:\Windows\System32\WindowsPowerShell\v1.0\;C:\Program Files\Intel\Intel(R) Management Engine Components\DAL;C:\Program Files (x86)\Intel\Intel(R) Management Engine Components\DAL;C:\Program Files\Intel\Intel(R) Management Engine Components\IPT;C:\Program Files (x86)\Intel\Intel(R) Management Engine Components\IPT;C:\Program Files (x86)\Windows Kits\8.1\Windows Performance Toolkit\;C:\Program Files\Microsoft SQL Server\110\Tools\Binn\;C:\Program Files (x86)\Microsoft SDKs\TypeScript\1.0\;E:\git\Git\cmd;E:\mysql5.0\bin;C:\Program Files (x86)\GtkSharp\2.12\bin;C:\Program Files\Common Files\Autodesk Shared\;C:\Program Files (x86)\Autodesk\Backburner\;F:\cocos2dx\cocos2d-x-3.8.1\templates;F:\cocos2dx\cocos2d-x-3.8.1\tools\cocos2d-console\bin;;%JAVA_HOME%\bin;;.
十二月 02, 2015 11:20:11 下午 org.apache.coyote.http11.Http11Protocol init
信息: Initializing Coyote HTTP/1.1 on http-8080
十二月 02, 2015 11:20:11 下午 org.apache.catalina.startup.Catalina load
信息: Initialization processed in 267 ms
十二月 02, 2015 11:20:11 下午 org.apache.catalina.core.StandardService start
信息: Starting service Catalina
十二月 02, 2015 11:20:11 下午 org.apache.catalina.core.StandardEngine start
信息: Starting Servlet Engine: Apache Tomcat/6.0.29
十二月 02, 2015 11:20:11 下午 org.apache.catalina.startup.HostConfig deployDescriptor
信息: Deploying configuration descriptor host-manager.xml
十二月 02, 2015 11:20:11 下午 org.apache.catalina.startup.HostConfig deployDescriptor
信息: Deploying configuration descriptor manager.xml
十二月 02, 2015 11:20:11 下午 org.apache.catalina.startup.HostConfig deployDirectory
信息: Deploying web application directory diy
十二月 02, 2015 11:20:11 下午 org.apache.catalina.startup.HostConfig deployDirectory
信息: Deploying web application directory ROOT
十二月 02, 2015 11:20:11 下午 org.apache.coyote.http11.Http11Protocol start
信息: Starting Coyote HTTP/1.1 on http-8080
十二月 02, 2015 11:20:11 下午 org.apache.jk.common.ChannelSocket init
信息: JK: ajp13 listening on /0.0.0.0:8009
十二月 02, 2015 11:20:11 下午 org.apache.jk.server.JkMain start
信息: Jk running ID=0 time=0/56  config=null
十二月 02, 2015 11:20:11 下午 org.apache.catalina.startup.Catalina start
信息: Server startup in 364 ms
十二月 02, 2015 11:21:48 下午 org.apache.coyote.http11.Http11Protocol pause
信息: Pausing Coyote HTTP/1.1 on http-8080
十二月 02, 2015 11:21:49 下午 org.apache.catalina.core.StandardService stop
信息: Stopping service Catalina
十二月 02, 2015 11:21:49 下午 org.apache.catalina.loader.WebappClassLoader clearReferencesJdbc
严重: The web application [/diy] registered the JBDC driver [com.mysql.jdbc.Driver] but failed to unregister it when the web application was stopped. To prevent a memory leak, the JDBC Driver has been forcibly unregistered.
十二月 02, 2015 11:21:49 下午 org.apache.catalina.loader.WebappClassLoader clearReferencesThreads
严重: The web application [/diy] appears to have started a thread named [Abandoned connection cleanup thread] but has failed to stop it. This is very likely to create a memory leak.
十二月 02, 2015 11:21:49 下午 org.apache.coyote.http11.Http11Protocol destroy
信息: Stopping Coyote HTTP/1.1 on http-8080
十二月 02, 2015 11:21:50 下午 org.apache.catalina.core.AprLifecycleListener init
信息: The APR based Apache Tomcat Native library which allows optimal performance in production environments was not found on the java.library.path: C:\Program Files\Java\jdk1.8.0_60\bin;C:\Windows\Sun\Java\bin;C:\Windows\system32;C:\Windows;C:\ProgramData\Oracle\Java\javapath;E:\Python2.7.9\;E:\Python2.7.9\Scripts;C:\Program Files (x86)\NVIDIA Corporation\PhysX\Common;C:\Program Files (x86)\Intel\iCLS Client\;C:\Program Files\Intel\iCLS Client\;C:\Windows\system32;C:\Windows;C:\Windows\System32\Wbem;C:\Windows\System32\WindowsPowerShell\v1.0\;C:\Program Files\Intel\Intel(R) Management Engine Components\DAL;C:\Program Files (x86)\Intel\Intel(R) Management Engine Components\DAL;C:\Program Files\Intel\Intel(R) Management Engine Components\IPT;C:\Program Files (x86)\Intel\Intel(R) Management Engine Components\IPT;C:\Program Files (x86)\Windows Kits\8.1\Windows Performance Toolkit\;C:\Program Files\Microsoft SQL Server\110\Tools\Binn\;C:\Program Files (x86)\Microsoft SDKs\TypeScript\1.0\;E:\git\Git\cmd;E:\mysql5.0\bin;C:\Program Files (x86)\GtkSharp\2.12\bin;C:\Program Files\Common Files\Autodesk Shared\;C:\Program Files (x86)\Autodesk\Backburner\;F:\cocos2dx\cocos2d-x-3.8.1\templates;F:\cocos2dx\cocos2d-x-3.8.1\tools\cocos2d-console\bin;;%JAVA_HOME%\bin;;.
十二月 02, 2015 11:21:50 下午 org.apache.coyote.http11.Http11Protocol init
信息: Initializing Coyote HTTP/1.1 on http-8080
十二月 02, 2015 11:21:50 下午 org.apache.catalina.startup.Catalina load
信息: Initialization processed in 286 ms
十二月 02, 2015 11:21:50 下午 org.apache.catalina.core.StandardService start
信息: Starting service Catalina
十二月 02, 2015 11:21:50 下午 org.apache.catalina.core.StandardEngine start
信息: Starting Servlet Engine: Apache Tomcat/6.0.29
十二月 02, 2015 11:21:50 下午 org.apache.catalina.startup.HostConfig deployDescriptor
信息: Deploying configuration descriptor host-manager.xml
十二月 02, 2015 11:21:50 下午 org.apache.catalina.startup.HostConfig deployDescriptor
信息: Deploying configuration descriptor manager.xml
十二月 02, 2015 11:21:50 下午 org.apache.catalina.startup.HostConfig deployDirectory
信息: Deploying web application directory diy
十二月 02, 2015 11:21:50 下午 org.apache.catalina.startup.HostConfig deployDirectory
信息: Deploying web application directory ROOT
十二月 02, 2015 11:21:50 下午 org.apache.coyote.http11.Http11Protocol start
信息: Starting Coyote HTTP/1.1 on http-8080
十二月 02, 2015 11:21:50 下午 org.apache.jk.common.ChannelSocket init
信息: JK: ajp13 listening on /0.0.0.0:8009
十二月 02, 2015 11:21:50 下午 org.apache.jk.server.JkMain start
信息: Jk running ID=0 time=0/13  config=null
十二月 02, 2015 11:21:50 下午 org.apache.catalina.startup.Catalina start
信息: Server startup in 290 ms
十二月 02, 2015 11:23:40 下午 org.apache.coyote.http11.Http11Protocol pause
信息: Pausing Coyote HTTP/1.1 on http-8080
十二月 02, 2015 11:23:41 下午 org.apache.catalina.core.StandardService stop
信息: Stopping service Catalina
十二月 02, 2015 11:23:41 下午 org.apache.catalina.loader.WebappClassLoader clearReferencesJdbc
严重: The web application [/diy] registered the JBDC driver [com.mysql.jdbc.Driver] but failed to unregister it when the web application was stopped. To prevent a memory leak, the JDBC Driver has been forcibly unregistered.
十二月 02, 2015 11:23:41 下午 org.apache.catalina.loader.WebappClassLoader clearReferencesThreads
严重: The web application [/diy] appears to have started a thread named [Abandoned connection cleanup thread] but has failed to stop it. This is very likely to create a memory leak.
十二月 02, 2015 11:23:41 下午 org.apache.coyote.http11.Http11Protocol destroy
信息: Stopping Coyote HTTP/1.1 on http-8080
十二月 02, 2015 11:23:41 下午 org.apache.catalina.core.AprLifecycleListener init
信息: The APR based Apache Tomcat Native library which allows optimal performance in production environments was not found on the java.library.path: C:\Program Files\Java\jdk1.8.0_60\bin;C:\Windows\Sun\Java\bin;C:\Windows\system32;C:\Windows;C:\ProgramData\Oracle\Java\javapath;E:\Python2.7.9\;E:\Python2.7.9\Scripts;C:\Program Files (x86)\NVIDIA Corporation\PhysX\Common;C:\Program Files (x86)\Intel\iCLS Client\;C:\Program Files\Intel\iCLS Client\;C:\Windows\system32;C:\Windows;C:\Windows\System32\Wbem;C:\Windows\System32\WindowsPowerShell\v1.0\;C:\Program Files\Intel\Intel(R) Management Engine Components\DAL;C:\Program Files (x86)\Intel\Intel(R) Management Engine Components\DAL;C:\Program Files\Intel\Intel(R) Management Engine Components\IPT;C:\Program Files (x86)\Intel\Intel(R) Management Engine Components\IPT;C:\Program Files (x86)\Windows Kits\8.1\Windows Performance Toolkit\;C:\Program Files\Microsoft SQL Server\110\Tools\Binn\;C:\Program Files (x86)\Microsoft SDKs\TypeScript\1.0\;E:\git\Git\cmd;E:\mysql5.0\bin;C:\Program Files (x86)\GtkSharp\2.12\bin;C:\Program Files\Common Files\Autodesk Shared\;C:\Program Files (x86)\Autodesk\Backburner\;F:\cocos2dx\cocos2d-x-3.8.1\templates;F:\cocos2dx\cocos2d-x-3.8.1\tools\cocos2d-console\bin;;%JAVA_HOME%\bin;;.
十二月 02, 2015 11:23:41 下午 org.apache.coyote.http11.Http11Protocol init
信息: Initializing Coyote HTTP/1.1 on http-8080
十二月 02, 2015 11:23:41 下午 org.apache.catalina.startup.Catalina load
信息: Initialization processed in 270 ms
十二月 02, 2015 11:23:42 下午 org.apache.catalina.core.StandardService start
信息: Starting service Catalina
十二月 02, 2015 11:23:42 下午 org.apache.catalina.core.StandardEngine start
信息: Starting Servlet Engine: Apache Tomcat/6.0.29
十二月 02, 2015 11:23:42 下午 org.apache.catalina.startup.HostConfig deployDescriptor
信息: Deploying configuration descriptor host-manager.xml
十二月 02, 2015 11:23:42 下午 org.apache.catalina.startup.HostConfig deployDescriptor
信息: Deploying configuration descriptor manager.xml
十二月 02, 2015 11:23:42 下午 org.apache.catalina.startup.HostConfig deployDirectory
信息: Deploying web application directory diy
十二月 02, 2015 11:23:42 下午 org.apache.catalina.startup.HostConfig deployDirectory
信息: Deploying web application directory ROOT
十二月 02, 2015 11:23:42 下午 org.apache.coyote.http11.Http11Protocol start
信息: Starting Coyote HTTP/1.1 on http-8080
十二月 02, 2015 11:23:42 下午 org.apache.jk.common.ChannelSocket init
信息: JK: ajp13 listening on /0.0.0.0:8009
十二月 02, 2015 11:23:42 下午 org.apache.jk.server.JkMain start
信息: Jk running ID=0 time=0/12  config=null
十二月 02, 2015 11:23:42 下午 org.apache.catalina.startup.Catalina start
信息: Server startup in 336 ms
十二月 02, 2015 11:24:47 下午 org.apache.coyote.http11.Http11Protocol pause
信息: Pausing Coyote HTTP/1.1 on http-8080
十二月 02, 2015 11:24:48 下午 org.apache.catalina.core.StandardService stop
信息: Stopping service Catalina
十二月 02, 2015 11:24:48 下午 org.apache.catalina.loader.WebappClassLoader clearReferencesJdbc
严重: The web application [/diy] registered the JBDC driver [com.mysql.jdbc.Driver] but failed to unregister it when the web application was stopped. To prevent a memory leak, the JDBC Driver has been forcibly unregistered.
十二月 02, 2015 11:24:48 下午 org.apache.catalina.loader.WebappClassLoader clearReferencesThreads
严重: The web application [/diy] appears to have started a thread named [Abandoned connection cleanup thread] but has failed to stop it. This is very likely to create a memory leak.
十二月 02, 2015 11:24:48 下午 org.apache.coyote.http11.Http11Protocol destroy
信息: Stopping Coyote HTTP/1.1 on http-8080
十二月 02, 2015 11:26:23 下午 org.apache.catalina.startup.Catalina stopServer
严重: Catalina.stop: 
java.net.ConnectException: Connection refused: connect
	at java.net.DualStackPlainSocketImpl.connect0(Native Method)
	at java.net.DualStackPlainSocketImpl.socketConnect(DualStackPlainSocketImpl.java:79)
	at java.net.AbstractPlainSocketImpl.doConnect(AbstractPlainSocketImpl.java:350)
	at java.net.AbstractPlainSocketImpl.connectToAddress(AbstractPlainSocketImpl.java:206)
	at java.net.AbstractPlainSocketImpl.connect(AbstractPlainSocketImpl.java:188)
	at java.net.PlainSocketImpl.connect(PlainSocketImpl.java:172)
	at java.net.SocksSocketImpl.connect(SocksSocketImpl.java:392)
	at java.net.Socket.connect(Socket.java:589)
	at java.net.Socket.connect(Socket.java:538)
	at java.net.Socket.<init>(Socket.java:434)
	at java.net.Socket.<init>(Socket.java:211)
	at org.apache.catalina.startup.Catalina.stopServer(Catalina.java:408)
	at sun.reflect.NativeMethodAccessorImpl.invoke0(Native Method)
	at sun.reflect.NativeMethodAccessorImpl.invoke(NativeMethodAccessorImpl.java:62)
	at sun.reflect.DelegatingMethodAccessorImpl.invoke(DelegatingMethodAccessorImpl.java:43)
	at java.lang.reflect.Method.invoke(Method.java:497)
	at org.apache.catalina.startup.Bootstrap.stopServer(Bootstrap.java:338)
	at org.apache.catalina.startup.Bootstrap.main(Bootstrap.java:416)

十二月 02, 2015 11:26:25 下午 org.apache.catalina.core.AprLifecycleListener init
信息: The APR based Apache Tomcat Native library which allows optimal performance in production environments was not found on the java.library.path: C:\Program Files\Java\jdk1.8.0_60\bin;C:\Windows\Sun\Java\bin;C:\Windows\system32;C:\Windows;C:\ProgramData\Oracle\Java\javapath;E:\Python2.7.9\;E:\Python2.7.9\Scripts;C:\Program Files (x86)\NVIDIA Corporation\PhysX\Common;C:\Program Files (x86)\Intel\iCLS Client\;C:\Program Files\Intel\iCLS Client\;C:\Windows\system32;C:\Windows;C:\Windows\System32\Wbem;C:\Windows\System32\WindowsPowerShell\v1.0\;C:\Program Files\Intel\Intel(R) Management Engine Components\DAL;C:\Program Files (x86)\Intel\Intel(R) Management Engine Components\DAL;C:\Program Files\Intel\Intel(R) Management Engine Components\IPT;C:\Program Files (x86)\Intel\Intel(R) Management Engine Components\IPT;C:\Program Files (x86)\Windows Kits\8.1\Windows Performance Toolkit\;C:\Program Files\Microsoft SQL Server\110\Tools\Binn\;C:\Program Files (x86)\Microsoft SDKs\TypeScript\1.0\;E:\git\Git\cmd;E:\mysql5.0\bin;C:\Program Files (x86)\GtkSharp\2.12\bin;C:\Program Files\Common Files\Autodesk Shared\;C:\Program Files (x86)\Autodesk\Backburner\;F:\cocos2dx\cocos2d-x-3.8.1\templates;F:\cocos2dx\cocos2d-x-3.8.1\tools\cocos2d-console\bin;;%JAVA_HOME%\bin;;.
十二月 02, 2015 11:26:25 下午 org.apache.coyote.http11.Http11Protocol init
信息: Initializing Coyote HTTP/1.1 on http-8080
十二月 02, 2015 11:26:25 下午 org.apache.catalina.startup.Catalina load
信息: Initialization processed in 262 ms
十二月 02, 2015 11:26:25 下午 org.apache.catalina.core.StandardService start
信息: Starting service Catalina
十二月 02, 2015 11:26:25 下午 org.apache.catalina.core.StandardEngine start
信息: Starting Servlet Engine: Apache Tomcat/6.0.29
十二月 02, 2015 11:26:25 下午 org.apache.catalina.startup.HostConfig deployDescriptor
信息: Deploying configuration descriptor host-manager.xml
十二月 02, 2015 11:26:25 下午 org.apache.catalina.startup.HostConfig deployDescriptor
信息: Deploying configuration descriptor manager.xml
十二月 02, 2015 11:26:25 下午 org.apache.catalina.startup.HostConfig deployDirectory
信息: Deploying web application directory diy
十二月 02, 2015 11:26:25 下午 org.apache.catalina.startup.HostConfig deployDirectory
信息: Deploying web application directory ROOT
十二月 02, 2015 11:26:25 下午 org.apache.coyote.http11.Http11Protocol start
信息: Starting Coyote HTTP/1.1 on http-8080
十二月 02, 2015 11:26:25 下午 org.apache.jk.common.ChannelSocket init
信息: JK: ajp13 listening on /0.0.0.0:8009
十二月 02, 2015 11:26:25 下午 org.apache.jk.server.JkMain start
信息: Jk running ID=0 time=0/12  config=null
十二月 02, 2015 11:26:25 下午 org.apache.catalina.startup.Catalina start
信息: Server startup in 292 ms
十二月 02, 2015 11:27:45 下午 org.apache.coyote.http11.Http11Protocol pause
信息: Pausing Coyote HTTP/1.1 on http-8080
十二月 02, 2015 11:27:46 下午 org.apache.catalina.core.StandardService stop
信息: Stopping service Catalina
十二月 02, 2015 11:27:46 下午 org.apache.catalina.loader.WebappClassLoader clearReferencesJdbc
严重: The web application [/diy] registered the JBDC driver [com.mysql.jdbc.Driver] but failed to unregister it when the web application was stopped. To prevent a memory leak, the JDBC Driver has been forcibly unregistered.
十二月 02, 2015 11:27:46 下午 org.apache.catalina.loader.WebappClassLoader clearReferencesThreads
严重: The web application [/diy] appears to have started a thread named [Abandoned connection cleanup thread] but has failed to stop it. This is very likely to create a memory leak.
十二月 02, 2015 11:27:46 下午 org.apache.coyote.http11.Http11Protocol destroy
信息: Stopping Coyote HTTP/1.1 on http-8080
十二月 02, 2015 11:27:46 下午 org.apache.catalina.core.AprLifecycleListener init
信息: The APR based Apache Tomcat Native library which allows optimal performance in production environments was not found on the java.library.path: C:\Program Files\Java\jdk1.8.0_60\bin;C:\Windows\Sun\Java\bin;C:\Windows\system32;C:\Windows;C:\ProgramData\Oracle\Java\javapath;E:\Python2.7.9\;E:\Python2.7.9\Scripts;C:\Program Files (x86)\NVIDIA Corporation\PhysX\Common;C:\Program Files (x86)\Intel\iCLS Client\;C:\Program Files\Intel\iCLS Client\;C:\Windows\system32;C:\Windows;C:\Windows\System32\Wbem;C:\Windows\System32\WindowsPowerShell\v1.0\;C:\Program Files\Intel\Intel(R) Management Engine Components\DAL;C:\Program Files (x86)\Intel\Intel(R) Management Engine Components\DAL;C:\Program Files\Intel\Intel(R) Management Engine Components\IPT;C:\Program Files (x86)\Intel\Intel(R) Management Engine Components\IPT;C:\Program Files (x86)\Windows Kits\8.1\Windows Performance Toolkit\;C:\Program Files\Microsoft SQL Server\110\Tools\Binn\;C:\Program Files (x86)\Microsoft SDKs\TypeScript\1.0\;E:\git\Git\cmd;E:\mysql5.0\bin;C:\Program Files (x86)\GtkSharp\2.12\bin;C:\Program Files\Common Files\Autodesk Shared\;C:\Program Files (x86)\Autodesk\Backburner\;F:\cocos2dx\cocos2d-x-3.8.1\templates;F:\cocos2dx\cocos2d-x-3.8.1\tools\cocos2d-console\bin;;%JAVA_HOME%\bin;;.
十二月 02, 2015 11:27:46 下午 org.apache.coyote.http11.Http11Protocol init
信息: Initializing Coyote HTTP/1.1 on http-8080
十二月 02, 2015 11:27:46 下午 org.apache.catalina.startup.Catalina load
信息: Initialization processed in 284 ms
十二月 02, 2015 11:27:46 下午 org.apache.catalina.core.StandardService start
信息: Starting service Catalina
十二月 02, 2015 11:27:46 下午 org.apache.catalina.core.StandardEngine start
信息: Starting Servlet Engine: Apache Tomcat/6.0.29
十二月 02, 2015 11:27:46 下午 org.apache.catalina.startup.HostConfig deployDescriptor
信息: Deploying configuration descriptor host-manager.xml
十二月 02, 2015 11:27:46 下午 org.apache.catalina.startup.HostConfig deployDescriptor
信息: Deploying configuration descriptor manager.xml
十二月 02, 2015 11:27:46 下午 org.apache.catalina.startup.HostConfig deployDirectory
信息: Deploying web application directory diy
十二月 02, 2015 11:27:47 下午 org.apache.catalina.startup.HostConfig deployDirectory
信息: Deploying web application directory ROOT
十二月 02, 2015 11:27:47 下午 org.apache.coyote.http11.Http11Protocol start
信息: Starting Coyote HTTP/1.1 on http-8080
十二月 02, 2015 11:27:47 下午 org.apache.jk.common.ChannelSocket init
信息: JK: ajp13 listening on /0.0.0.0:8009
十二月 02, 2015 11:27:47 下午 org.apache.jk.server.JkMain start
信息: Jk running ID=0 time=0/14  config=null
十二月 02, 2015 11:27:47 下午 org.apache.catalina.startup.Catalina start
信息: Server startup in 348 ms
十二月 02, 2015 11:31:09 下午 org.apache.coyote.http11.Http11Protocol pause
信息: Pausing Coyote HTTP/1.1 on http-8080
十二月 02, 2015 11:31:10 下午 org.apache.catalina.core.StandardService stop
信息: Stopping service Catalina
十二月 02, 2015 11:31:10 下午 org.apache.catalina.loader.WebappClassLoader clearReferencesJdbc
严重: The web application [/diy] registered the JBDC driver [com.mysql.jdbc.Driver] but failed to unregister it when the web application was stopped. To prevent a memory leak, the JDBC Driver has been forcibly unregistered.
十二月 02, 2015 11:31:10 下午 org.apache.catalina.loader.WebappClassLoader clearReferencesThreads
严重: The web application [/diy] appears to have started a thread named [Abandoned connection cleanup thread] but has failed to stop it. This is very likely to create a memory leak.
十二月 02, 2015 11:31:10 下午 org.apache.coyote.http11.Http11Protocol destroy
信息: Stopping Coyote HTTP/1.1 on http-8080
十二月 02, 2015 11:31:11 下午 org.apache.catalina.core.AprLifecycleListener init
信息: The APR based Apache Tomcat Native library which allows optimal performance in production environments was not found on the java.library.path: C:\Program Files\Java\jdk1.8.0_60\bin;C:\Windows\Sun\Java\bin;C:\Windows\system32;C:\Windows;C:\ProgramData\Oracle\Java\javapath;E:\Python2.7.9\;E:\Python2.7.9\Scripts;C:\Program Files (x86)\NVIDIA Corporation\PhysX\Common;C:\Program Files (x86)\Intel\iCLS Client\;C:\Program Files\Intel\iCLS Client\;C:\Windows\system32;C:\Windows;C:\Windows\System32\Wbem;C:\Windows\System32\WindowsPowerShell\v1.0\;C:\Program Files\Intel\Intel(R) Management Engine Components\DAL;C:\Program Files (x86)\Intel\Intel(R) Management Engine Components\DAL;C:\Program Files\Intel\Intel(R) Management Engine Components\IPT;C:\Program Files (x86)\Intel\Intel(R) Management Engine Components\IPT;C:\Program Files (x86)\Windows Kits\8.1\Windows Performance Toolkit\;C:\Program Files\Microsoft SQL Server\110\Tools\Binn\;C:\Program Files (x86)\Microsoft SDKs\TypeScript\1.0\;E:\git\Git\cmd;E:\mysql5.0\bin;C:\Program Files (x86)\GtkSharp\2.12\bin;C:\Program Files\Common Files\Autodesk Shared\;C:\Program Files (x86)\Autodesk\Backburner\;F:\cocos2dx\cocos2d-x-3.8.1\templates;F:\cocos2dx\cocos2d-x-3.8.1\tools\cocos2d-console\bin;;%JAVA_HOME%\bin;;.
十二月 02, 2015 11:31:11 下午 org.apache.coyote.http11.Http11Protocol init
信息: Initializing Coyote HTTP/1.1 on http-8080
十二月 02, 2015 11:31:11 下午 org.apache.catalina.startup.Catalina load
信息: Initialization processed in 275 ms
十二月 02, 2015 11:31:11 下午 org.apache.catalina.core.StandardService start
信息: Starting service Catalina
十二月 02, 2015 11:31:11 下午 org.apache.catalina.core.StandardEngine start
信息: Starting Servlet Engine: Apache Tomcat/6.0.29
十二月 02, 2015 11:31:11 下午 org.apache.catalina.startup.HostConfig deployDescriptor
信息: Deploying configuration descriptor host-manager.xml
十二月 02, 2015 11:31:11 下午 org.apache.catalina.startup.HostConfig deployDescriptor
信息: Deploying configuration descriptor manager.xml
十二月 02, 2015 11:31:11 下午 org.apache.catalina.startup.HostConfig deployDirectory
信息: Deploying web application directory diy
十二月 02, 2015 11:31:11 下午 org.apache.catalina.startup.HostConfig deployDirectory
信息: Deploying web application directory ROOT
十二月 02, 2015 11:31:11 下午 org.apache.coyote.http11.Http11Protocol start
信息: Starting Coyote HTTP/1.1 on http-8080
十二月 02, 2015 11:31:11 下午 org.apache.jk.common.ChannelSocket init
信息: JK: ajp13 listening on /0.0.0.0:8009
十二月 02, 2015 11:31:11 下午 org.apache.jk.server.JkMain start
信息: Jk running ID=0 time=0/18  config=null
十二月 02, 2015 11:31:11 下午 org.apache.catalina.startup.Catalina start
信息: Server startup in 316 ms
十二月 02, 2015 11:31:39 下午 org.apache.catalina.startup.Catalina stopServer
严重: Catalina.stop: 
java.net.ConnectException: Connection refused: connect
	at java.net.DualStackPlainSocketImpl.connect0(Native Method)
	at java.net.DualStackPlainSocketImpl.socketConnect(DualStackPlainSocketImpl.java:79)
	at java.net.AbstractPlainSocketImpl.doConnect(AbstractPlainSocketImpl.java:350)
	at java.net.AbstractPlainSocketImpl.connectToAddress(AbstractPlainSocketImpl.java:206)
	at java.net.AbstractPlainSocketImpl.connect(AbstractPlainSocketImpl.java:188)
	at java.net.PlainSocketImpl.connect(PlainSocketImpl.java:172)
	at java.net.SocksSocketImpl.connect(SocksSocketImpl.java:392)
	at java.net.Socket.connect(Socket.java:589)
	at java.net.Socket.connect(Socket.java:538)
	at java.net.Socket.<init>(Socket.java:434)
	at java.net.Socket.<init>(Socket.java:211)
	at org.apache.catalina.startup.Catalina.stopServer(Catalina.java:408)
	at sun.reflect.NativeMethodAccessorImpl.invoke0(Native Method)
	at sun.reflect.NativeMethodAccessorImpl.invoke(NativeMethodAccessorImpl.java:62)
	at sun.reflect.DelegatingMethodAccessorImpl.invoke(DelegatingMethodAccessorImpl.java:43)
	at java.lang.reflect.Method.invoke(Method.java:497)
	at org.apache.catalina.startup.Bootstrap.stopServer(Bootstrap.java:338)
	at org.apache.catalina.startup.Bootstrap.main(Bootstrap.java:416)

十二月 02, 2015 11:32:04 下午 org.apache.catalina.core.AprLifecycleListener init
信息: The APR based Apache Tomcat Native library which allows optimal performance in production environments was not found on the java.library.path: C:\Program Files\Java\jdk1.8.0_60\bin;C:\Windows\Sun\Java\bin;C:\Windows\system32;C:\Windows;C:\ProgramData\Oracle\Java\javapath;E:\Python2.7.9\;E:\Python2.7.9\Scripts;C:\Program Files (x86)\NVIDIA Corporation\PhysX\Common;C:\Program Files (x86)\Intel\iCLS Client\;C:\Program Files\Intel\iCLS Client\;C:\Windows\system32;C:\Windows;C:\Windows\System32\Wbem;C:\Windows\System32\WindowsPowerShell\v1.0\;C:\Program Files\Intel\Intel(R) Management Engine Components\DAL;C:\Program Files (x86)\Intel\Intel(R) Management Engine Components\DAL;C:\Program Files\Intel\Intel(R) Management Engine Components\IPT;C:\Program Files (x86)\Intel\Intel(R) Management Engine Components\IPT;C:\Program Files (x86)\Windows Kits\8.1\Windows Performance Toolkit\;C:\Program Files\Microsoft SQL Server\110\Tools\Binn\;C:\Program Files (x86)\Microsoft SDKs\TypeScript\1.0\;E:\git\Git\cmd;E:\mysql5.0\bin;C:\Program Files (x86)\GtkSharp\2.12\bin;C:\Program Files\Common Files\Autodesk Shared\;C:\Program Files (x86)\Autodesk\Backburner\;F:\cocos2dx\cocos2d-x-3.8.1\templates;F:\cocos2dx\cocos2d-x-3.8.1\tools\cocos2d-console\bin;;%JAVA_HOME%\bin;;.
十二月 02, 2015 11:32:04 下午 org.apache.coyote.http11.Http11Protocol init
信息: Initializing Coyote HTTP/1.1 on http-8080
十二月 02, 2015 11:32:04 下午 org.apache.catalina.startup.Catalina load
信息: Initialization processed in 263 ms
十二月 02, 2015 11:32:04 下午 org.apache.catalina.core.StandardService start
信息: Starting service Catalina
十二月 02, 2015 11:32:04 下午 org.apache.catalina.core.StandardEngine start
信息: Starting Servlet Engine: Apache Tomcat/6.0.29
十二月 02, 2015 11:32:04 下午 org.apache.catalina.startup.HostConfig deployDescriptor
信息: Deploying configuration descriptor host-manager.xml
十二月 02, 2015 11:32:04 下午 org.apache.catalina.startup.HostConfig deployDescriptor
信息: Deploying configuration descriptor manager.xml
十二月 02, 2015 11:32:04 下午 org.apache.catalina.startup.HostConfig deployDirectory
信息: Deploying web application directory diy
十二月 02, 2015 11:32:04 下午 org.apache.catalina.startup.HostConfig deployDirectory
信息: Deploying web application directory ROOT
十二月 02, 2015 11:32:04 下午 org.apache.coyote.http11.Http11Protocol start
信息: Starting Coyote HTTP/1.1 on http-8080
十二月 02, 2015 11:32:04 下午 org.apache.jk.common.ChannelSocket init
信息: JK: ajp13 listening on /0.0.0.0:8009
十二月 02, 2015 11:32:04 下午 org.apache.jk.server.JkMain start
信息: Jk running ID=0 time=0/17  config=null
十二月 02, 2015 11:32:04 下午 org.apache.catalina.startup.Catalina start
信息: Server startup in 292 ms
十二月 02, 2015 11:32:47 下午 org.apache.coyote.http11.Http11Protocol pause
信息: Pausing Coyote HTTP/1.1 on http-8080
十二月 02, 2015 11:32:48 下午 org.apache.catalina.core.StandardService stop
信息: Stopping service Catalina
十二月 02, 2015 11:32:48 下午 org.apache.catalina.loader.WebappClassLoader clearReferencesJdbc
严重: The web application [/diy] registered the JBDC driver [com.mysql.jdbc.Driver] but failed to unregister it when the web application was stopped. To prevent a memory leak, the JDBC Driver has been forcibly unregistered.
十二月 02, 2015 11:32:48 下午 org.apache.catalina.loader.WebappClassLoader clearReferencesThreads
严重: The web application [/diy] appears to have started a thread named [Abandoned connection cleanup thread] but has failed to stop it. This is very likely to create a memory leak.
十二月 02, 2015 11:32:48 下午 org.apache.coyote.http11.Http11Protocol destroy
信息: Stopping Coyote HTTP/1.1 on http-8080
十二月 02, 2015 11:32:48 下午 org.apache.catalina.core.AprLifecycleListener init
信息: The APR based Apache Tomcat Native library which allows optimal performance in production environments was not found on the java.library.path: C:\Program Files\Java\jdk1.8.0_60\bin;C:\Windows\Sun\Java\bin;C:\Windows\system32;C:\Windows;C:\ProgramData\Oracle\Java\javapath;E:\Python2.7.9\;E:\Python2.7.9\Scripts;C:\Program Files (x86)\NVIDIA Corporation\PhysX\Common;C:\Program Files (x86)\Intel\iCLS Client\;C:\Program Files\Intel\iCLS Client\;C:\Windows\system32;C:\Windows;C:\Windows\System32\Wbem;C:\Windows\System32\WindowsPowerShell\v1.0\;C:\Program Files\Intel\Intel(R) Management Engine Components\DAL;C:\Program Files (x86)\Intel\Intel(R) Management Engine Components\DAL;C:\Program Files\Intel\Intel(R) Management Engine Components\IPT;C:\Program Files (x86)\Intel\Intel(R) Management Engine Components\IPT;C:\Program Files (x86)\Windows Kits\8.1\Windows Performance Toolkit\;C:\Program Files\Microsoft SQL Server\110\Tools\Binn\;C:\Program Files (x86)\Microsoft SDKs\TypeScript\1.0\;E:\git\Git\cmd;E:\mysql5.0\bin;C:\Program Files (x86)\GtkSharp\2.12\bin;C:\Program Files\Common Files\Autodesk Shared\;C:\Program Files (x86)\Autodesk\Backburner\;F:\cocos2dx\cocos2d-x-3.8.1\templates;F:\cocos2dx\cocos2d-x-3.8.1\tools\cocos2d-console\bin;;%JAVA_HOME%\bin;;.
十二月 02, 2015 11:32:48 下午 org.apache.coyote.http11.Http11Protocol init
信息: Initializing Coyote HTTP/1.1 on http-8080
十二月 02, 2015 11:32:48 下午 org.apache.catalina.startup.Catalina load
信息: Initialization processed in 274 ms
十二月 02, 2015 11:32:48 下午 org.apache.catalina.core.StandardService start
信息: Starting service Catalina
十二月 02, 2015 11:32:48 下午 org.apache.catalina.core.StandardEngine start
信息: Starting Servlet Engine: Apache Tomcat/6.0.29
十二月 02, 2015 11:32:48 下午 org.apache.catalina.startup.HostConfig deployDescriptor
信息: Deploying configuration descriptor host-manager.xml
十二月 02, 2015 11:32:48 下午 org.apache.catalina.startup.HostConfig deployDescriptor
信息: Deploying configuration descriptor manager.xml
十二月 02, 2015 11:32:48 下午 org.apache.catalina.startup.HostConfig deployDirectory
信息: Deploying web application directory diy
十二月 02, 2015 11:32:48 下午 org.apache.catalina.startup.HostConfig deployDirectory
信息: Deploying web application directory ROOT
十二月 02, 2015 11:32:48 下午 org.apache.coyote.http11.Http11Protocol start
信息: Starting Coyote HTTP/1.1 on http-8080
十二月 02, 2015 11:32:48 下午 org.apache.jk.common.ChannelSocket init
信息: JK: ajp13 listening on /0.0.0.0:8009
十二月 02, 2015 11:32:48 下午 org.apache.jk.server.JkMain start
信息: Jk running ID=0 time=0/15  config=null
十二月 02, 2015 11:32:49 下午 org.apache.catalina.startup.Catalina start
信息: Server startup in 339 ms
十二月 02, 2015 11:33:17 下午 org.apache.coyote.http11.Http11Protocol pause
信息: Pausing Coyote HTTP/1.1 on http-8080
十二月 02, 2015 11:33:18 下午 org.apache.catalina.core.StandardService stop
信息: Stopping service Catalina
十二月 02, 2015 11:33:18 下午 org.apache.catalina.loader.WebappClassLoader clearReferencesJdbc
严重: The web application [/diy] registered the JBDC driver [com.mysql.jdbc.Driver] but failed to unregister it when the web application was stopped. To prevent a memory leak, the JDBC Driver has been forcibly unregistered.
十二月 02, 2015 11:33:18 下午 org.apache.catalina.loader.WebappClassLoader clearReferencesThreads
严重: The web application [/diy] appears to have started a thread named [Abandoned connection cleanup thread] but has failed to stop it. This is very likely to create a memory leak.
十二月 02, 2015 11:33:19 下午 org.apache.coyote.http11.Http11Protocol destroy
信息: Stopping Coyote HTTP/1.1 on http-8080
十二月 02, 2015 11:33:19 下午 org.apache.catalina.core.AprLifecycleListener init
信息: The APR based Apache Tomcat Native library which allows optimal performance in production environments was not found on the java.library.path: C:\Program Files\Java\jdk1.8.0_60\bin;C:\Windows\Sun\Java\bin;C:\Windows\system32;C:\Windows;C:\ProgramData\Oracle\Java\javapath;E:\Python2.7.9\;E:\Python2.7.9\Scripts;C:\Program Files (x86)\NVIDIA Corporation\PhysX\Common;C:\Program Files (x86)\Intel\iCLS Client\;C:\Program Files\Intel\iCLS Client\;C:\Windows\system32;C:\Windows;C:\Windows\System32\Wbem;C:\Windows\System32\WindowsPowerShell\v1.0\;C:\Program Files\Intel\Intel(R) Management Engine Components\DAL;C:\Program Files (x86)\Intel\Intel(R) Management Engine Components\DAL;C:\Program Files\Intel\Intel(R) Management Engine Components\IPT;C:\Program Files (x86)\Intel\Intel(R) Management Engine Components\IPT;C:\Program Files (x86)\Windows Kits\8.1\Windows Performance Toolkit\;C:\Program Files\Microsoft SQL Server\110\Tools\Binn\;C:\Program Files (x86)\Microsoft SDKs\TypeScript\1.0\;E:\git\Git\cmd;E:\mysql5.0\bin;C:\Program Files (x86)\GtkSharp\2.12\bin;C:\Program Files\Common Files\Autodesk Shared\;C:\Program Files (x86)\Autodesk\Backburner\;F:\cocos2dx\cocos2d-x-3.8.1\templates;F:\cocos2dx\cocos2d-x-3.8.1\tools\cocos2d-console\bin;;%JAVA_HOME%\bin;;.
十二月 02, 2015 11:33:19 下午 org.apache.coyote.http11.Http11Protocol init
信息: Initializing Coyote HTTP/1.1 on http-8080
十二月 02, 2015 11:33:19 下午 org.apache.catalina.startup.Catalina load
信息: Initialization processed in 299 ms
十二月 02, 2015 11:33:19 下午 org.apache.catalina.core.StandardService start
信息: Starting service Catalina
十二月 02, 2015 11:33:19 下午 org.apache.catalina.core.StandardEngine start
信息: Starting Servlet Engine: Apache Tomcat/6.0.29
十二月 02, 2015 11:33:19 下午 org.apache.catalina.startup.HostConfig deployDescriptor
信息: Deploying configuration descriptor host-manager.xml
十二月 02, 2015 11:33:19 下午 org.apache.catalina.startup.HostConfig deployDescriptor
信息: Deploying configuration descriptor manager.xml
十二月 02, 2015 11:33:19 下午 org.apache.catalina.startup.HostConfig deployDirectory
信息: Deploying web application directory diy
十二月 02, 2015 11:33:19 下午 org.apache.catalina.startup.HostConfig deployDirectory
信息: Deploying web application directory ROOT
十二月 02, 2015 11:33:19 下午 org.apache.coyote.http11.Http11Protocol start
信息: Starting Coyote HTTP/1.1 on http-8080
十二月 02, 2015 11:33:19 下午 org.apache.jk.common.ChannelSocket init
信息: JK: ajp13 listening on /0.0.0.0:8009
十二月 02, 2015 11:33:19 下午 org.apache.jk.server.JkMain start
信息: Jk running ID=0 time=0/12  config=null
十二月 02, 2015 11:33:19 下午 org.apache.catalina.startup.Catalina start
信息: Server startup in 296 ms
十二月 02, 2015 11:50:29 下午 org.apache.catalina.startup.HostConfig checkResources
信息: Reloading context [/diy]
十二月 02, 2015 11:50:29 下午 org.apache.catalina.loader.WebappClassLoader clearReferencesJdbc
严重: The web application [/diy] registered the JBDC driver [com.mysql.jdbc.Driver] but failed to unregister it when the web application was stopped. To prevent a memory leak, the JDBC Driver has been forcibly unregistered.
十二月 02, 2015 11:50:29 下午 org.apache.catalina.loader.WebappClassLoader clearReferencesThreads
严重: The web application [/diy] appears to have started a thread named [Abandoned connection cleanup thread] but has failed to stop it. This is very likely to create a memory leak.
十二月 02, 2015 11:50:29 下午 org.apache.tomcat.util.digester.Digester endElement
严重: End event threw exception
java.lang.reflect.InvocationTargetException
	at sun.reflect.GeneratedMethodAccessor25.invoke(Unknown Source)
	at sun.reflect.DelegatingMethodAccessorImpl.invoke(DelegatingMethodAccessorImpl.java:43)
	at java.lang.reflect.Method.invoke(Method.java:497)
	at org.apache.tomcat.util.IntrospectionUtils.callMethod1(IntrospectionUtils.java:928)
	at org.apache.tomcat.util.digester.SetNextRule.end(SetNextRule.java:193)
	at org.apache.tomcat.util.digester.Rule.end(Rule.java:229)
	at org.apache.tomcat.util.digester.Digester.endElement(Digester.java:1138)
	at com.sun.org.apache.xerces.internal.parsers.AbstractSAXParser.endElement(AbstractSAXParser.java:609)
	at com.sun.org.apache.xerces.internal.impl.XMLDocumentFragmentScannerImpl.scanEndElement(XMLDocumentFragmentScannerImpl.java:1782)
	at com.sun.org.apache.xerces.internal.impl.XMLDocumentFragmentScannerImpl$FragmentContentDriver.next(XMLDocumentFragmentScannerImpl.java:2973)
	at com.sun.org.apache.xerces.internal.impl.XMLDocumentScannerImpl.next(XMLDocumentScannerImpl.java:606)
	at com.sun.org.apache.xerces.internal.impl.XMLDocumentFragmentScannerImpl.scanDocument(XMLDocumentFragmentScannerImpl.java:510)
	at com.sun.org.apache.xerces.internal.parsers.XML11Configuration.parse(XML11Configuration.java:848)
	at com.sun.org.apache.xerces.internal.parsers.XML11Configuration.parse(XML11Configuration.java:777)
	at com.sun.org.apache.xerces.internal.parsers.XMLParser.parse(XMLParser.java:141)
	at com.sun.org.apache.xerces.internal.parsers.AbstractSAXParser.parse(AbstractSAXParser.java:1213)
	at com.sun.org.apache.xerces.internal.jaxp.SAXParserImpl$JAXPSAXParser.parse(SAXParserImpl.java:649)
	at org.apache.tomcat.util.digester.Digester.parse(Digester.java:1642)
	at org.apache.catalina.startup.ContextConfig.applicationWebConfig(ContextConfig.java:365)
	at org.apache.catalina.startup.ContextConfig.start(ContextConfig.java:1076)
	at org.apache.catalina.startup.ContextConfig.lifecycleEvent(ContextConfig.java:261)
	at org.apache.catalina.util.LifecycleSupport.fireLifecycleEvent(LifecycleSupport.java:119)
	at org.apache.catalina.core.StandardContext.start(StandardContext.java:4540)
	at org.apache.catalina.startup.HostConfig.checkResources(HostConfig.java:1244)
	at org.apache.catalina.startup.HostConfig.check(HostConfig.java:1342)
	at org.apache.catalina.startup.HostConfig.lifecycleEvent(HostConfig.java:303)
	at org.apache.catalina.util.LifecycleSupport.fireLifecycleEvent(LifecycleSupport.java:119)
	at org.apache.catalina.core.ContainerBase.backgroundProcess(ContainerBase.java:1337)
	at org.apache.catalina.core.ContainerBase$ContainerBackgroundProcessor.processChildren(ContainerBase.java:1601)
	at org.apache.catalina.core.ContainerBase$ContainerBackgroundProcessor.processChildren(ContainerBase.java:1610)
	at org.apache.catalina.core.ContainerBase$ContainerBackgroundProcessor.run(ContainerBase.java:1590)
	at java.lang.Thread.run(Thread.java:745)
Caused by: java.lang.IllegalArgumentException: addChild:  Child name 'Hello' is not unique
	at org.apache.catalina.core.ContainerBase.addChildInternal(ContainerBase.java:781)
	at org.apache.catalina.core.ContainerBase.addChild(ContainerBase.java:771)
	at org.apache.catalina.core.StandardContext.addChild(StandardContext.java:2315)
	... 32 more

十二月 02, 2015 11:50:29 下午 org.apache.catalina.startup.ContextConfig applicationWebConfig
严重: Parse error in application web.xml file at jndi:/localhost/diy/WEB-INF/web.xml
org.xml.sax.SAXParseException; systemId: jndi:/localhost/diy/WEB-INF/web.xml; lineNumber: 23; columnNumber: 13; Error at (23, 13: addChild:  Child name 'Hello' is not unique
	at org.apache.tomcat.util.digester.Digester.createSAXException(Digester.java:2806)
	at org.apache.tomcat.util.digester.Digester.createSAXException(Digester.java:2832)
	at org.apache.tomcat.util.digester.Digester.endElement(Digester.java:1141)
	at com.sun.org.apache.xerces.internal.parsers.AbstractSAXParser.endElement(AbstractSAXParser.java:609)
	at com.sun.org.apache.xerces.internal.impl.XMLDocumentFragmentScannerImpl.scanEndElement(XMLDocumentFragmentScannerImpl.java:1782)
	at com.sun.org.apache.xerces.internal.impl.XMLDocumentFragmentScannerImpl$FragmentContentDriver.next(XMLDocumentFragmentScannerImpl.java:2973)
	at com.sun.org.apache.xerces.internal.impl.XMLDocumentScannerImpl.next(XMLDocumentScannerImpl.java:606)
	at com.sun.org.apache.xerces.internal.impl.XMLDocumentFragmentScannerImpl.scanDocument(XMLDocumentFragmentScannerImpl.java:510)
	at com.sun.org.apache.xerces.internal.parsers.XML11Configuration.parse(XML11Configuration.java:848)
	at com.sun.org.apache.xerces.internal.parsers.XML11Configuration.parse(XML11Configuration.java:777)
	at com.sun.org.apache.xerces.internal.parsers.XMLParser.parse(XMLParser.java:141)
	at com.sun.org.apache.xerces.internal.parsers.AbstractSAXParser.parse(AbstractSAXParser.java:1213)
	at com.sun.org.apache.xerces.internal.jaxp.SAXParserImpl$JAXPSAXParser.parse(SAXParserImpl.java:649)
	at org.apache.tomcat.util.digester.Digester.parse(Digester.java:1642)
	at org.apache.catalina.startup.ContextConfig.applicationWebConfig(ContextConfig.java:365)
	at org.apache.catalina.startup.ContextConfig.start(ContextConfig.java:1076)
	at org.apache.catalina.startup.ContextConfig.lifecycleEvent(ContextConfig.java:261)
	at org.apache.catalina.util.LifecycleSupport.fireLifecycleEvent(LifecycleSupport.java:119)
	at org.apache.catalina.core.StandardContext.start(StandardContext.java:4540)
	at org.apache.catalina.startup.HostConfig.checkResources(HostConfig.java:1244)
	at org.apache.catalina.startup.HostConfig.check(HostConfig.java:1342)
	at org.apache.catalina.startup.HostConfig.lifecycleEvent(HostConfig.java:303)
	at org.apache.catalina.util.LifecycleSupport.fireLifecycleEvent(LifecycleSupport.java:119)
	at org.apache.catalina.core.ContainerBase.backgroundProcess(ContainerBase.java:1337)
	at org.apache.catalina.core.ContainerBase$ContainerBackgroundProcessor.processChildren(ContainerBase.java:1601)
	at org.apache.catalina.core.ContainerBase$ContainerBackgroundProcessor.processChildren(ContainerBase.java:1610)
	at org.apache.catalina.core.ContainerBase$ContainerBackgroundProcessor.run(ContainerBase.java:1590)
	at java.lang.Thread.run(Thread.java:745)
Caused by: java.lang.IllegalArgumentException: addChild:  Child name 'Hello' is not unique
	at org.apache.catalina.core.ContainerBase.addChildInternal(ContainerBase.java:781)
	at org.apache.catalina.core.ContainerBase.addChild(ContainerBase.java:771)
	at org.apache.catalina.core.StandardContext.addChild(StandardContext.java:2315)
	at sun.reflect.GeneratedMethodAccessor25.invoke(Unknown Source)
	at sun.reflect.DelegatingMethodAccessorImpl.invoke(DelegatingMethodAccessorImpl.java:43)
	at java.lang.reflect.Method.invoke(Method.java:497)
	at org.apache.tomcat.util.IntrospectionUtils.callMethod1(IntrospectionUtils.java:928)
	at org.apache.tomcat.util.digester.SetNextRule.end(SetNextRule.java:193)
	at org.apache.tomcat.util.digester.Rule.end(Rule.java:229)
	at org.apache.tomcat.util.digester.Digester.endElement(Digester.java:1138)
	... 25 more

十二月 02, 2015 11:50:29 下午 org.apache.catalina.startup.ContextConfig applicationWebConfig
严重: Occurred at line 23 column 13
十二月 02, 2015 11:50:29 下午 org.apache.catalina.startup.ContextConfig start
严重: Marking this application unavailable due to previous error(s)
十二月 02, 2015 11:50:29 下午 org.apache.catalina.core.StandardContext start
严重: Error getConfigured
十二月 02, 2015 11:50:29 下午 org.apache.catalina.core.StandardContext start
严重: Context [/diy] startup failed due to previous errors
十二月 02, 2015 11:50:39 下午 org.apache.catalina.startup.HostConfig checkResources
信息: Reloading context [/diy]
十二月 02, 2015 11:50:39 下午 org.apache.catalina.core.StandardContext stop
信息: Container org.apache.catalina.core.ContainerBase.[Catalina].[localhost].[/diy] has not been started
十二月 02, 2015 11:50:49 下午 org.apache.catalina.startup.HostConfig checkResources
信息: Reloading context [/diy]
十二月 02, 2015 11:50:53 下午 org.apache.coyote.http11.Http11Protocol pause
信息: Pausing Coyote HTTP/1.1 on http-8080
十二月 02, 2015 11:50:54 下午 org.apache.catalina.core.StandardService stop
信息: Stopping service Catalina
十二月 02, 2015 11:50:54 下午 org.apache.coyote.http11.Http11Protocol destroy
信息: Stopping Coyote HTTP/1.1 on http-8080
十二月 02, 2015 11:50:54 下午 org.apache.catalina.core.AprLifecycleListener init
信息: The APR based Apache Tomcat Native library which allows optimal performance in production environments was not found on the java.library.path: C:\Program Files\Java\jdk1.8.0_60\bin;C:\Windows\Sun\Java\bin;C:\Windows\system32;C:\Windows;C:\ProgramData\Oracle\Java\javapath;E:\Python2.7.9\;E:\Python2.7.9\Scripts;C:\Program Files (x86)\NVIDIA Corporation\PhysX\Common;C:\Program Files (x86)\Intel\iCLS Client\;C:\Program Files\Intel\iCLS Client\;C:\Windows\system32;C:\Windows;C:\Windows\System32\Wbem;C:\Windows\System32\WindowsPowerShell\v1.0\;C:\Program Files\Intel\Intel(R) Management Engine Components\DAL;C:\Program Files (x86)\Intel\Intel(R) Management Engine Components\DAL;C:\Program Files\Intel\Intel(R) Management Engine Components\IPT;C:\Program Files (x86)\Intel\Intel(R) Management Engine Components\IPT;C:\Program Files (x86)\Windows Kits\8.1\Windows Performance Toolkit\;C:\Program Files\Microsoft SQL Server\110\Tools\Binn\;C:\Program Files (x86)\Microsoft SDKs\TypeScript\1.0\;E:\git\Git\cmd;E:\mysql5.0\bin;C:\Program Files (x86)\GtkSharp\2.12\bin;C:\Program Files\Common Files\Autodesk Shared\;C:\Program Files (x86)\Autodesk\Backburner\;F:\cocos2dx\cocos2d-x-3.8.1\templates;F:\cocos2dx\cocos2d-x-3.8.1\tools\cocos2d-console\bin;;%JAVA_HOME%\bin;;.
十二月 02, 2015 11:50:54 下午 org.apache.coyote.http11.Http11Protocol init
信息: Initializing Coyote HTTP/1.1 on http-8080
十二月 02, 2015 11:50:54 下午 org.apache.catalina.startup.Catalina load
信息: Initialization processed in 271 ms
十二月 02, 2015 11:50:54 下午 org.apache.catalina.core.StandardService start
信息: Starting service Catalina
十二月 02, 2015 11:50:54 下午 org.apache.catalina.core.StandardEngine start
信息: Starting Servlet Engine: Apache Tomcat/6.0.29
十二月 02, 2015 11:50:54 下午 org.apache.catalina.startup.HostConfig deployDescriptor
信息: Deploying configuration descriptor host-manager.xml
十二月 02, 2015 11:50:55 下午 org.apache.catalina.startup.HostConfig deployDescriptor
信息: Deploying configuration descriptor manager.xml
十二月 02, 2015 11:50:55 下午 org.apache.catalina.startup.HostConfig deployDirectory
信息: Deploying web application directory diy
十二月 02, 2015 11:50:55 下午 org.apache.catalina.startup.HostConfig deployDirectory
信息: Deploying web application directory ROOT
十二月 02, 2015 11:50:55 下午 org.apache.coyote.http11.Http11Protocol start
信息: Starting Coyote HTTP/1.1 on http-8080
十二月 02, 2015 11:50:55 下午 org.apache.jk.common.ChannelSocket init
信息: JK: ajp13 listening on /0.0.0.0:8009
十二月 02, 2015 11:50:55 下午 org.apache.jk.server.JkMain start
信息: Jk running ID=0 time=0/13  config=null
十二月 02, 2015 11:50:55 下午 org.apache.catalina.startup.Catalina start
信息: Server startup in 304 ms
十二月 02, 2015 11:52:55 下午 org.apache.coyote.http11.Http11Protocol pause
信息: Pausing Coyote HTTP/1.1 on http-8080
十二月 02, 2015 11:52:56 下午 org.apache.catalina.core.StandardService stop
信息: Stopping service Catalina
十二月 02, 2015 11:52:56 下午 org.apache.catalina.loader.WebappClassLoader clearReferencesJdbc
严重: The web application [/diy] registered the JBDC driver [com.mysql.jdbc.Driver] but failed to unregister it when the web application was stopped. To prevent a memory leak, the JDBC Driver has been forcibly unregistered.
十二月 02, 2015 11:52:56 下午 org.apache.catalina.loader.WebappClassLoader clearReferencesThreads
严重: The web application [/diy] appears to have started a thread named [Abandoned connection cleanup thread] but has failed to stop it. This is very likely to create a memory leak.
十二月 02, 2015 11:52:56 下午 org.apache.coyote.http11.Http11Protocol destroy
信息: Stopping Coyote HTTP/1.1 on http-8080
十二月 02, 2015 11:52:56 下午 org.apache.catalina.core.AprLifecycleListener init
信息: The APR based Apache Tomcat Native library which allows optimal performance in production environments was not found on the java.library.path: C:\Program Files\Java\jdk1.8.0_60\bin;C:\Windows\Sun\Java\bin;C:\Windows\system32;C:\Windows;C:\ProgramData\Oracle\Java\javapath;E:\Python2.7.9\;E:\Python2.7.9\Scripts;C:\Program Files (x86)\NVIDIA Corporation\PhysX\Common;C:\Program Files (x86)\Intel\iCLS Client\;C:\Program Files\Intel\iCLS Client\;C:\Windows\system32;C:\Windows;C:\Windows\System32\Wbem;C:\Windows\System32\WindowsPowerShell\v1.0\;C:\Program Files\Intel\Intel(R) Management Engine Components\DAL;C:\Program Files (x86)\Intel\Intel(R) Management Engine Components\DAL;C:\Program Files\Intel\Intel(R) Management Engine Components\IPT;C:\Program Files (x86)\Intel\Intel(R) Management Engine Components\IPT;C:\Program Files (x86)\Windows Kits\8.1\Windows Performance Toolkit\;C:\Program Files\Microsoft SQL Server\110\Tools\Binn\;C:\Program Files (x86)\Microsoft SDKs\TypeScript\1.0\;E:\git\Git\cmd;E:\mysql5.0\bin;C:\Program Files (x86)\GtkSharp\2.12\bin;C:\Program Files\Common Files\Autodesk Shared\;C:\Program Files (x86)\Autodesk\Backburner\;F:\cocos2dx\cocos2d-x-3.8.1\templates;F:\cocos2dx\cocos2d-x-3.8.1\tools\cocos2d-console\bin;;%JAVA_HOME%\bin;;.
十二月 02, 2015 11:52:57 下午 org.apache.coyote.http11.Http11Protocol init
信息: Initializing Coyote HTTP/1.1 on http-8080
十二月 02, 2015 11:52:57 下午 org.apache.catalina.startup.Catalina load
信息: Initialization processed in 285 ms
十二月 02, 2015 11:52:57 下午 org.apache.catalina.core.StandardService start
信息: Starting service Catalina
十二月 02, 2015 11:52:57 下午 org.apache.catalina.core.StandardEngine start
信息: Starting Servlet Engine: Apache Tomcat/6.0.29
十二月 02, 2015 11:52:57 下午 org.apache.catalina.startup.HostConfig deployDescriptor
信息: Deploying configuration descriptor host-manager.xml
十二月 02, 2015 11:52:57 下午 org.apache.catalina.startup.HostConfig deployDescriptor
信息: Deploying configuration descriptor manager.xml
十二月 02, 2015 11:52:57 下午 org.apache.catalina.startup.HostConfig deployDirectory
信息: Deploying web application directory diy
十二月 02, 2015 11:52:57 下午 org.apache.catalina.startup.HostConfig deployDirectory
信息: Deploying web application directory ROOT
十二月 02, 2015 11:52:57 下午 org.apache.coyote.http11.Http11Protocol start
信息: Starting Coyote HTTP/1.1 on http-8080
十二月 02, 2015 11:52:57 下午 org.apache.jk.common.ChannelSocket init
信息: JK: ajp13 listening on /0.0.0.0:8009
十二月 02, 2015 11:52:57 下午 org.apache.jk.server.JkMain start
信息: Jk running ID=0 time=0/13  config=null
十二月 02, 2015 11:52:57 下午 org.apache.catalina.startup.Catalina start
信息: Server startup in 327 ms
十二月 02, 2015 11:54:35 下午 org.apache.coyote.http11.Http11Protocol pause
信息: Pausing Coyote HTTP/1.1 on http-8080
十二月 02, 2015 11:54:36 下午 org.apache.catalina.core.StandardService stop
信息: Stopping service Catalina
十二月 02, 2015 11:54:36 下午 org.apache.catalina.loader.WebappClassLoader clearReferencesJdbc
严重: The web application [/diy] registered the JBDC driver [com.mysql.jdbc.Driver] but failed to unregister it when the web application was stopped. To prevent a memory leak, the JDBC Driver has been forcibly unregistered.
十二月 02, 2015 11:54:36 下午 org.apache.catalina.loader.WebappClassLoader clearReferencesThreads
严重: The web application [/diy] appears to have started a thread named [Abandoned connection cleanup thread] but has failed to stop it. This is very likely to create a memory leak.
十二月 02, 2015 11:54:36 下午 org.apache.catalina.core.AprLifecycleListener init
信息: The APR based Apache Tomcat Native library which allows optimal performance in production environments was not found on the java.library.path: C:\Program Files\Java\jdk1.8.0_60\bin;C:\Windows\Sun\Java\bin;C:\Windows\system32;C:\Windows;C:\ProgramData\Oracle\Java\javapath;E:\Python2.7.9\;E:\Python2.7.9\Scripts;C:\Program Files (x86)\NVIDIA Corporation\PhysX\Common;C:\Program Files (x86)\Intel\iCLS Client\;C:\Program Files\Intel\iCLS Client\;C:\Windows\system32;C:\Windows;C:\Windows\System32\Wbem;C:\Windows\System32\WindowsPowerShell\v1.0\;C:\Program Files\Intel\Intel(R) Management Engine Components\DAL;C:\Program Files (x86)\Intel\Intel(R) Management Engine Components\DAL;C:\Program Files\Intel\Intel(R) Management Engine Components\IPT;C:\Program Files (x86)\Intel\Intel(R) Management Engine Components\IPT;C:\Program Files (x86)\Windows Kits\8.1\Windows Performance Toolkit\;C:\Program Files\Microsoft SQL Server\110\Tools\Binn\;C:\Program Files (x86)\Microsoft SDKs\TypeScript\1.0\;E:\git\Git\cmd;E:\mysql5.0\bin;C:\Program Files (x86)\GtkSharp\2.12\bin;C:\Program Files\Common Files\Autodesk Shared\;C:\Program Files (x86)\Autodesk\Backburner\;F:\cocos2dx\cocos2d-x-3.8.1\templates;F:\cocos2dx\cocos2d-x-3.8.1\tools\cocos2d-console\bin;;%JAVA_HOME%\bin;;.
十二月 02, 2015 11:54:36 下午 org.apache.coyote.http11.Http11Protocol destroy
信息: Stopping Coyote HTTP/1.1 on http-8080
十二月 02, 2015 11:54:36 下午 org.apache.coyote.http11.Http11Protocol init
信息: Initializing Coyote HTTP/1.1 on http-8080
十二月 02, 2015 11:54:36 下午 org.apache.catalina.startup.Catalina load
信息: Initialization processed in 311 ms
十二月 02, 2015 11:54:36 下午 org.apache.catalina.core.StandardService start
信息: Starting service Catalina
十二月 02, 2015 11:54:36 下午 org.apache.catalina.core.StandardEngine start
信息: Starting Servlet Engine: Apache Tomcat/6.0.29
十二月 02, 2015 11:54:36 下午 org.apache.catalina.startup.HostConfig deployDescriptor
信息: Deploying configuration descriptor host-manager.xml
十二月 02, 2015 11:54:36 下午 org.apache.catalina.startup.HostConfig deployDescriptor
信息: Deploying configuration descriptor manager.xml
十二月 02, 2015 11:54:36 下午 org.apache.catalina.startup.HostConfig deployDirectory
信息: Deploying web application directory diy
十二月 02, 2015 11:54:36 下午 org.apache.catalina.startup.HostConfig deployDirectory
信息: Deploying web application directory ROOT
十二月 02, 2015 11:54:36 下午 org.apache.coyote.http11.Http11Protocol start
信息: Starting Coyote HTTP/1.1 on http-8080
十二月 02, 2015 11:54:36 下午 org.apache.jk.common.ChannelSocket init
信息: JK: ajp13 listening on /0.0.0.0:8009
十二月 02, 2015 11:54:36 下午 org.apache.jk.server.JkMain start
信息: Jk running ID=0 time=0/12  config=null
十二月 02, 2015 11:54:36 下午 org.apache.catalina.startup.Catalina start
信息: Server startup in 332 ms
十二月 02, 2015 11:58:09 下午 org.apache.coyote.http11.Http11Protocol pause
信息: Pausing Coyote HTTP/1.1 on http-8080
十二月 02, 2015 11:58:10 下午 org.apache.catalina.core.StandardService stop
信息: Stopping service Catalina
十二月 02, 2015 11:58:10 下午 org.apache.catalina.loader.WebappClassLoader clearReferencesJdbc
严重: The web application [/diy] registered the JBDC driver [com.mysql.jdbc.Driver] but failed to unregister it when the web application was stopped. To prevent a memory leak, the JDBC Driver has been forcibly unregistered.
十二月 02, 2015 11:58:10 下午 org.apache.catalina.loader.WebappClassLoader clearReferencesThreads
严重: The web application [/diy] appears to have started a thread named [Abandoned connection cleanup thread] but has failed to stop it. This is very likely to create a memory leak.
十二月 02, 2015 11:58:10 下午 org.apache.coyote.http11.Http11Protocol destroy
信息: Stopping Coyote HTTP/1.1 on http-8080
十二月 02, 2015 11:58:10 下午 org.apache.catalina.core.AprLifecycleListener init
信息: The APR based Apache Tomcat Native library which allows optimal performance in production environments was not found on the java.library.path: C:\Program Files\Java\jdk1.8.0_60\bin;C:\Windows\Sun\Java\bin;C:\Windows\system32;C:\Windows;C:\ProgramData\Oracle\Java\javapath;E:\Python2.7.9\;E:\Python2.7.9\Scripts;C:\Program Files (x86)\NVIDIA Corporation\PhysX\Common;C:\Program Files (x86)\Intel\iCLS Client\;C:\Program Files\Intel\iCLS Client\;C:\Windows\system32;C:\Windows;C:\Windows\System32\Wbem;C:\Windows\System32\WindowsPowerShell\v1.0\;C:\Program Files\Intel\Intel(R) Management Engine Components\DAL;C:\Program Files (x86)\Intel\Intel(R) Management Engine Components\DAL;C:\Program Files\Intel\Intel(R) Management Engine Components\IPT;C:\Program Files (x86)\Intel\Intel(R) Management Engine Components\IPT;C:\Program Files (x86)\Windows Kits\8.1\Windows Performance Toolkit\;C:\Program Files\Microsoft SQL Server\110\Tools\Binn\;C:\Program Files (x86)\Microsoft SDKs\TypeScript\1.0\;E:\git\Git\cmd;E:\mysql5.0\bin;C:\Program Files (x86)\GtkSharp\2.12\bin;C:\Program Files\Common Files\Autodesk Shared\;C:\Program Files (x86)\Autodesk\Backburner\;F:\cocos2dx\cocos2d-x-3.8.1\templates;F:\cocos2dx\cocos2d-x-3.8.1\tools\cocos2d-console\bin;;%JAVA_HOME%\bin;;.
十二月 02, 2015 11:58:10 下午 org.apache.coyote.http11.Http11Protocol init
信息: Initializing Coyote HTTP/1.1 on http-8080
十二月 02, 2015 11:58:10 下午 org.apache.catalina.startup.Catalina load
信息: Initialization processed in 279 ms
十二月 02, 2015 11:58:10 下午 org.apache.catalina.core.StandardService start
信息: Starting service Catalina
十二月 02, 2015 11:58:10 下午 org.apache.catalina.core.StandardEngine start
信息: Starting Servlet Engine: Apache Tomcat/6.0.29
十二月 02, 2015 11:58:10 下午 org.apache.catalina.startup.HostConfig deployDescriptor
信息: Deploying configuration descriptor host-manager.xml
十二月 02, 2015 11:58:10 下午 org.apache.catalina.startup.HostConfig deployDescriptor
信息: Deploying configuration descriptor manager.xml
十二月 02, 2015 11:58:10 下午 org.apache.catalina.startup.HostConfig deployDirectory
信息: Deploying web application directory diy
十二月 02, 2015 11:58:10 下午 org.apache.catalina.startup.HostConfig deployDirectory
信息: Deploying web application directory ROOT
十二月 02, 2015 11:58:11 下午 org.apache.coyote.http11.Http11Protocol start
信息: Starting Coyote HTTP/1.1 on http-8080
十二月 02, 2015 11:58:11 下午 org.apache.jk.common.ChannelSocket init
信息: JK: ajp13 listening on /0.0.0.0:8009
十二月 02, 2015 11:58:11 下午 org.apache.jk.server.JkMain start
信息: Jk running ID=0 time=0/13  config=null
十二月 02, 2015 11:58:11 下午 org.apache.catalina.startup.Catalina start
信息: Server startup in 281 ms
十二月 02, 2015 11:59:38 下午 org.apache.coyote.http11.Http11Protocol pause
信息: Pausing Coyote HTTP/1.1 on http-8080
十二月 02, 2015 11:59:39 下午 org.apache.catalina.core.StandardService stop
信息: Stopping service Catalina
十二月 02, 2015 11:59:39 下午 org.apache.catalina.core.AprLifecycleListener init
信息: The APR based Apache Tomcat Native library which allows optimal performance in production environments was not found on the java.library.path: C:\Program Files\Java\jdk1.8.0_60\bin;C:\Windows\Sun\Java\bin;C:\Windows\system32;C:\Windows;C:\ProgramData\Oracle\Java\javapath;E:\Python2.7.9\;E:\Python2.7.9\Scripts;C:\Program Files (x86)\NVIDIA Corporation\PhysX\Common;C:\Program Files (x86)\Intel\iCLS Client\;C:\Program Files\Intel\iCLS Client\;C:\Windows\system32;C:\Windows;C:\Windows\System32\Wbem;C:\Windows\System32\WindowsPowerShell\v1.0\;C:\Program Files\Intel\Intel(R) Management Engine Components\DAL;C:\Program Files (x86)\Intel\Intel(R) Management Engine Components\DAL;C:\Program Files\Intel\Intel(R) Management Engine Components\IPT;C:\Program Files (x86)\Intel\Intel(R) Management Engine Components\IPT;C:\Program Files (x86)\Windows Kits\8.1\Windows Performance Toolkit\;C:\Program Files\Microsoft SQL Server\110\Tools\Binn\;C:\Program Files (x86)\Microsoft SDKs\TypeScript\1.0\;E:\git\Git\cmd;E:\mysql5.0\bin;C:\Program Files (x86)\GtkSharp\2.12\bin;C:\Program Files\Common Files\Autodesk Shared\;C:\Program Files (x86)\Autodesk\Backburner\;F:\cocos2dx\cocos2d-x-3.8.1\templates;F:\cocos2dx\cocos2d-x-3.8.1\tools\cocos2d-console\bin;;%JAVA_HOME%\bin;;.
十二月 02, 2015 11:59:39 下午 org.apache.catalina.loader.WebappClassLoader clearReferencesJdbc
严重: The web application [/diy] registered the JBDC driver [com.mysql.jdbc.Driver] but failed to unregister it when the web application was stopped. To prevent a memory leak, the JDBC Driver has been forcibly unregistered.
十二月 02, 2015 11:59:39 下午 org.apache.catalina.loader.WebappClassLoader clearReferencesThreads
严重: The web application [/diy] appears to have started a thread named [Abandoned connection cleanup thread] but has failed to stop it. This is very likely to create a memory leak.
十二月 02, 2015 11:59:39 下午 org.apache.coyote.http11.Http11Protocol destroy
信息: Stopping Coyote HTTP/1.1 on http-8080
十二月 02, 2015 11:59:39 下午 org.apache.coyote.http11.Http11Protocol init
信息: Initializing Coyote HTTP/1.1 on http-8080
十二月 02, 2015 11:59:39 下午 org.apache.catalina.startup.Catalina load
信息: Initialization processed in 287 ms
十二月 02, 2015 11:59:39 下午 org.apache.catalina.core.StandardService start
信息: Starting service Catalina
十二月 02, 2015 11:59:39 下午 org.apache.catalina.core.StandardEngine start
信息: Starting Servlet Engine: Apache Tomcat/6.0.29
十二月 02, 2015 11:59:39 下午 org.apache.catalina.startup.HostConfig deployDescriptor
信息: Deploying configuration descriptor host-manager.xml
十二月 02, 2015 11:59:40 下午 org.apache.catalina.startup.HostConfig deployDescriptor
信息: Deploying configuration descriptor manager.xml
十二月 02, 2015 11:59:40 下午 org.apache.catalina.startup.HostConfig deployDirectory
信息: Deploying web application directory diy
十二月 02, 2015 11:59:40 下午 org.apache.catalina.startup.HostConfig deployDirectory
信息: Deploying web application directory ROOT
十二月 02, 2015 11:59:40 下午 org.apache.coyote.http11.Http11Protocol start
信息: Starting Coyote HTTP/1.1 on http-8080
十二月 02, 2015 11:59:40 下午 org.apache.jk.common.ChannelSocket init
信息: JK: ajp13 listening on /0.0.0.0:8009
十二月 02, 2015 11:59:40 下午 org.apache.jk.server.JkMain start
信息: Jk running ID=0 time=0/14  config=null
十二月 02, 2015 11:59:40 下午 org.apache.catalina.startup.Catalina start
信息: Server startup in 280 ms
