十一月 28, 2015 2:56:11 上午 org.apache.catalina.core.AprLifecycleListener init
信息: The APR based Apache Tomcat Native library which allows optimal performance in production environments was not found on the java.library.path: C:\Program Files\Java\jdk1.8.0_60\bin;C:\Windows\Sun\Java\bin;C:\Windows\system32;C:\Windows;C:\ProgramData\Oracle\Java\javapath;E:\Python2.7.9\;E:\Python2.7.9\Scripts;C:\Program Files (x86)\NVIDIA Corporation\PhysX\Common;C:\Program Files (x86)\Intel\iCLS Client\;C:\Program Files\Intel\iCLS Client\;C:\Windows\system32;C:\Windows;C:\Windows\System32\Wbem;C:\Windows\System32\WindowsPowerShell\v1.0\;C:\Program Files\Intel\Intel(R) Management Engine Components\DAL;C:\Program Files (x86)\Intel\Intel(R) Management Engine Components\DAL;C:\Program Files\Intel\Intel(R) Management Engine Components\IPT;C:\Program Files (x86)\Intel\Intel(R) Management Engine Components\IPT;C:\Program Files (x86)\Windows Kits\8.1\Windows Performance Toolkit\;C:\Program Files\Microsoft SQL Server\110\Tools\Binn\;C:\Program Files (x86)\Microsoft SDKs\TypeScript\1.0\;E:\git\Git\cmd;E:\mysql5.0\bin;C:\Program Files (x86)\GtkSharp\2.12\bin;C:\Program Files\Common Files\Autodesk Shared\;C:\Program Files (x86)\Autodesk\Backburner\;F:\cocos2dx\cocos2d-x-3.8.1\templates;F:\cocos2dx\cocos2d-x-3.8.1\tools\cocos2d-console\bin;;%JAVA_HOME%\bin;;.
十一月 28, 2015 2:56:11 上午 org.apache.coyote.http11.Http11Protocol init
信息: Initializing Coyote HTTP/1.1 on http-8080
十一月 28, 2015 2:56:11 上午 org.apache.catalina.startup.Catalina load
信息: Initialization processed in 411 ms
十一月 28, 2015 2:56:11 上午 org.apache.catalina.core.StandardService start
信息: Starting service Catalina
十一月 28, 2015 2:56:11 上午 org.apache.catalina.core.StandardEngine start
信息: Starting Servlet Engine: Apache Tomcat/6.0.29
十一月 28, 2015 2:56:11 上午 org.apache.catalina.startup.HostConfig deployDescriptor
信息: Deploying configuration descriptor host-manager.xml
十一月 28, 2015 2:56:11 上午 org.apache.catalina.startup.HostConfig deployDescriptor
信息: Deploying configuration descriptor manager.xml
十一月 28, 2015 2:56:11 上午 org.apache.catalina.startup.HostConfig deployDirectory
信息: Deploying web application directory diy
十一月 28, 2015 2:56:11 上午 org.apache.catalina.startup.HostConfig deployDirectory
信息: Deploying web application directory docs
十一月 28, 2015 2:56:11 上午 org.apache.catalina.startup.HostConfig deployDirectory
信息: Deploying web application directory examples
十一月 28, 2015 2:56:11 上午 org.apache.catalina.startup.HostConfig deployDirectory
信息: Deploying web application directory ROOT
十一月 28, 2015 2:56:11 上午 org.apache.catalina.startup.HostConfig deployDirectory
信息: Deploying web application directory shopping
十一月 28, 2015 2:56:11 上午 org.apache.catalina.loader.WebappClassLoader validateJarFile
信息: validateJarFile(D:\diy\diy_server\apache-tomcat-6.0.29\webapps\shopping\WEB-INF\lib\servlet-api.jar) - jar not loaded. See Servlet Spec 2.3, section 9.7.2. Offending class: javax/servlet/Servlet.class
十一月 28, 2015 2:56:13 上午 org.apache.coyote.http11.Http11Protocol start
信息: Starting Coyote HTTP/1.1 on http-8080
十一月 28, 2015 2:56:13 上午 org.apache.jk.common.ChannelSocket init
信息: JK: ajp13 listening on /0.0.0.0:8009
十一月 28, 2015 2:56:13 上午 org.apache.jk.server.JkMain start
信息: Jk running ID=0 time=0/45  config=null
十一月 28, 2015 2:56:13 上午 org.apache.catalina.startup.Catalina start
信息: Server startup in 2070 ms
十一月 28, 2015 3:21:50 上午 org.apache.coyote.http11.Http11Protocol pause
信息: Pausing Coyote HTTP/1.1 on http-8080
十一月 28, 2015 3:21:51 上午 org.apache.catalina.core.StandardService stop
信息: Stopping service Catalina
十一月 28, 2015 3:21:52 上午 org.apache.coyote.http11.Http11Protocol destroy
信息: Stopping Coyote HTTP/1.1 on http-8080
十一月 28, 2015 10:00:38 下午 org.apache.catalina.core.AprLifecycleListener init
信息: The APR based Apache Tomcat Native library which allows optimal performance in production environments was not found on the java.library.path: C:\Program Files\Java\jdk1.8.0_60\bin;C:\Windows\Sun\Java\bin;C:\Windows\system32;C:\Windows;C:\ProgramData\Oracle\Java\javapath;E:\Python2.7.9\;E:\Python2.7.9\Scripts;C:\Program Files (x86)\NVIDIA Corporation\PhysX\Common;C:\Program Files (x86)\Intel\iCLS Client\;C:\Program Files\Intel\iCLS Client\;C:\Windows\system32;C:\Windows;C:\Windows\System32\Wbem;C:\Windows\System32\WindowsPowerShell\v1.0\;C:\Program Files\Intel\Intel(R) Management Engine Components\DAL;C:\Program Files (x86)\Intel\Intel(R) Management Engine Components\DAL;C:\Program Files\Intel\Intel(R) Management Engine Components\IPT;C:\Program Files (x86)\Intel\Intel(R) Management Engine Components\IPT;C:\Program Files (x86)\Windows Kits\8.1\Windows Performance Toolkit\;C:\Program Files\Microsoft SQL Server\110\Tools\Binn\;C:\Program Files (x86)\Microsoft SDKs\TypeScript\1.0\;E:\git\Git\cmd;E:\mysql5.0\bin;C:\Program Files (x86)\GtkSharp\2.12\bin;C:\Program Files\Common Files\Autodesk Shared\;C:\Program Files (x86)\Autodesk\Backburner\;F:\cocos2dx\cocos2d-x-3.8.1\templates;F:\cocos2dx\cocos2d-x-3.8.1\tools\cocos2d-console\bin;;%JAVA_HOME%\bin;;.
十一月 28, 2015 10:00:38 下午 org.apache.coyote.http11.Http11Protocol init
信息: Initializing Coyote HTTP/1.1 on http-8080
十一月 28, 2015 10:00:38 下午 org.apache.catalina.startup.Catalina load
信息: Initialization processed in 390 ms
十一月 28, 2015 10:00:38 下午 org.apache.catalina.core.StandardService start
信息: Starting service Catalina
十一月 28, 2015 10:00:38 下午 org.apache.catalina.core.StandardEngine start
信息: Starting Servlet Engine: Apache Tomcat/6.0.29
十一月 28, 2015 10:00:38 下午 org.apache.catalina.startup.HostConfig deployDescriptor
信息: Deploying configuration descriptor host-manager.xml
十一月 28, 2015 10:00:38 下午 org.apache.catalina.startup.HostConfig deployDescriptor
信息: Deploying configuration descriptor manager.xml
十一月 28, 2015 10:00:38 下午 org.apache.catalina.startup.HostConfig deployDirectory
信息: Deploying web application directory diy
十一月 28, 2015 10:00:38 下午 org.apache.catalina.startup.HostConfig deployDirectory
信息: Deploying web application directory docs
十一月 28, 2015 10:00:38 下午 org.apache.catalina.startup.HostConfig deployDirectory
信息: Deploying web application directory examples
十一月 28, 2015 10:00:38 下午 org.apache.catalina.startup.HostConfig deployDirectory
信息: Deploying web application directory ROOT
十一月 28, 2015 10:00:39 下午 org.apache.catalina.startup.HostConfig deployDirectory
信息: Deploying web application directory shopping
十一月 28, 2015 10:00:39 下午 org.apache.catalina.loader.WebappClassLoader validateJarFile
信息: validateJarFile(D:\diy\diy_server\apache-tomcat-6.0.29\webapps\shopping\WEB-INF\lib\servlet-api.jar) - jar not loaded. See Servlet Spec 2.3, section 9.7.2. Offending class: javax/servlet/Servlet.class
十一月 28, 2015 10:00:40 下午 org.apache.coyote.http11.Http11Protocol start
信息: Starting Coyote HTTP/1.1 on http-8080
十一月 28, 2015 10:00:40 下午 org.apache.jk.common.ChannelSocket init
信息: JK: ajp13 listening on /0.0.0.0:8009
十一月 28, 2015 10:00:40 下午 org.apache.jk.server.JkMain start
信息: Jk running ID=0 time=0/14  config=null
十一月 28, 2015 10:00:40 下午 org.apache.catalina.startup.Catalina start
信息: Server startup in 1704 ms
十一月 28, 2015 11:19:47 下午 org.apache.catalina.startup.Catalina stopServer
严重: Catalina.stop: 
java.net.ConnectException: Connection refused: connect
	at java.net.DualStackPlainSocketImpl.connect0(Native Method)
	at java.net.DualStackPlainSocketImpl.socketConnect(DualStackPlainSocketImpl.java:79)
	at java.net.AbstractPlainSocketImpl.doConnect(AbstractPlainSocketImpl.java:350)
	at java.net.AbstractPlainSocketImpl.connectToAddress(AbstractPlainSocketImpl.java:206)
	at java.net.AbstractPlainSocketImpl.connect(AbstractPlainSocketImpl.java:188)
	at java.net.PlainSocketImpl.connect(PlainSocketImpl.java:172)
	at java.net.SocksSocketImpl.connect(SocksSocketImpl.java:392)
	at java.net.Socket.connect(Socket.java:589)
	at java.net.Socket.connect(Socket.java:538)
	at java.net.Socket.<init>(Socket.java:434)
	at java.net.Socket.<init>(Socket.java:211)
	at org.apache.catalina.startup.Catalina.stopServer(Catalina.java:408)
	at sun.reflect.NativeMethodAccessorImpl.invoke0(Native Method)
	at sun.reflect.NativeMethodAccessorImpl.invoke(NativeMethodAccessorImpl.java:62)
	at sun.reflect.DelegatingMethodAccessorImpl.invoke(DelegatingMethodAccessorImpl.java:43)
	at java.lang.reflect.Method.invoke(Method.java:497)
	at org.apache.catalina.startup.Bootstrap.stopServer(Bootstrap.java:338)
	at org.apache.catalina.startup.Bootstrap.main(Bootstrap.java:416)

