十二月 03, 2015 12:20:28 上午 org.apache.coyote.http11.Http11Protocol pause
信息: Pausing Coyote HTTP/1.1 on http-8080
十二月 03, 2015 12:20:29 上午 org.apache.catalina.core.StandardService stop
信息: Stopping service Catalina
十二月 03, 2015 12:20:29 上午 org.apache.catalina.loader.WebappClassLoader clearReferencesJdbc
严重: The web application [/diy] registered the JBDC driver [com.mysql.jdbc.Driver] but failed to unregister it when the web application was stopped. To prevent a memory leak, the JDBC Driver has been forcibly unregistered.
十二月 03, 2015 12:20:29 上午 org.apache.catalina.loader.WebappClassLoader clearReferencesThreads
严重: The web application [/diy] appears to have started a thread named [Abandoned connection cleanup thread] but has failed to stop it. This is very likely to create a memory leak.
十二月 03, 2015 12:20:29 上午 org.apache.coyote.http11.Http11Protocol destroy
信息: Stopping Coyote HTTP/1.1 on http-8080
十二月 03, 2015 12:20:30 上午 org.apache.catalina.core.AprLifecycleListener init
信息: The APR based Apache Tomcat Native library which allows optimal performance in production environments was not found on the java.library.path: C:\Program Files\Java\jdk1.8.0_60\bin;C:\Windows\Sun\Java\bin;C:\Windows\system32;C:\Windows;C:\ProgramData\Oracle\Java\javapath;E:\Python2.7.9\;E:\Python2.7.9\Scripts;C:\Program Files (x86)\NVIDIA Corporation\PhysX\Common;C:\Program Files (x86)\Intel\iCLS Client\;C:\Program Files\Intel\iCLS Client\;C:\Windows\system32;C:\Windows;C:\Windows\System32\Wbem;C:\Windows\System32\WindowsPowerShell\v1.0\;C:\Program Files\Intel\Intel(R) Management Engine Components\DAL;C:\Program Files (x86)\Intel\Intel(R) Management Engine Components\DAL;C:\Program Files\Intel\Intel(R) Management Engine Components\IPT;C:\Program Files (x86)\Intel\Intel(R) Management Engine Components\IPT;C:\Program Files (x86)\Windows Kits\8.1\Windows Performance Toolkit\;C:\Program Files\Microsoft SQL Server\110\Tools\Binn\;C:\Program Files (x86)\Microsoft SDKs\TypeScript\1.0\;E:\git\Git\cmd;E:\mysql5.0\bin;C:\Program Files (x86)\GtkSharp\2.12\bin;C:\Program Files\Common Files\Autodesk Shared\;C:\Program Files (x86)\Autodesk\Backburner\;F:\cocos2dx\cocos2d-x-3.8.1\templates;F:\cocos2dx\cocos2d-x-3.8.1\tools\cocos2d-console\bin;;%JAVA_HOME%\bin;;.
十二月 03, 2015 12:20:30 上午 org.apache.coyote.http11.Http11Protocol init
信息: Initializing Coyote HTTP/1.1 on http-8080
十二月 03, 2015 12:20:30 上午 org.apache.catalina.startup.Catalina load
信息: Initialization processed in 277 ms
十二月 03, 2015 12:20:30 上午 org.apache.catalina.core.StandardService start
信息: Starting service Catalina
十二月 03, 2015 12:20:30 上午 org.apache.catalina.core.StandardEngine start
信息: Starting Servlet Engine: Apache Tomcat/6.0.29
十二月 03, 2015 12:20:30 上午 org.apache.catalina.startup.HostConfig deployDescriptor
信息: Deploying configuration descriptor host-manager.xml
十二月 03, 2015 12:20:30 上午 org.apache.catalina.startup.HostConfig deployDescriptor
信息: Deploying configuration descriptor manager.xml
十二月 03, 2015 12:20:30 上午 org.apache.catalina.startup.HostConfig deployDirectory
信息: Deploying web application directory diy
十二月 03, 2015 12:20:30 上午 org.apache.catalina.startup.HostConfig deployDirectory
信息: Deploying web application directory ROOT
十二月 03, 2015 12:20:30 上午 org.apache.coyote.http11.Http11Protocol start
信息: Starting Coyote HTTP/1.1 on http-8080
十二月 03, 2015 12:20:30 上午 org.apache.jk.common.ChannelSocket init
信息: JK: ajp13 listening on /0.0.0.0:8009
十二月 03, 2015 12:20:30 上午 org.apache.jk.server.JkMain start
信息: Jk running ID=0 time=0/12  config=null
十二月 03, 2015 12:20:30 上午 org.apache.catalina.startup.Catalina start
信息: Server startup in 279 ms
十二月 03, 2015 12:25:30 上午 org.apache.coyote.http11.Http11Protocol pause
信息: Pausing Coyote HTTP/1.1 on http-8080
十二月 03, 2015 12:25:31 上午 org.apache.catalina.core.StandardService stop
信息: Stopping service Catalina
十二月 03, 2015 12:25:31 上午 org.apache.catalina.loader.WebappClassLoader clearReferencesJdbc
严重: The web application [/diy] registered the JBDC driver [com.mysql.jdbc.Driver] but failed to unregister it when the web application was stopped. To prevent a memory leak, the JDBC Driver has been forcibly unregistered.
十二月 03, 2015 12:25:31 上午 org.apache.catalina.loader.WebappClassLoader clearReferencesThreads
严重: The web application [/diy] appears to have started a thread named [Abandoned connection cleanup thread] but has failed to stop it. This is very likely to create a memory leak.
十二月 03, 2015 12:25:31 上午 org.apache.catalina.core.AprLifecycleListener init
信息: The APR based Apache Tomcat Native library which allows optimal performance in production environments was not found on the java.library.path: C:\Program Files\Java\jdk1.8.0_60\bin;C:\Windows\Sun\Java\bin;C:\Windows\system32;C:\Windows;C:\ProgramData\Oracle\Java\javapath;E:\Python2.7.9\;E:\Python2.7.9\Scripts;C:\Program Files (x86)\NVIDIA Corporation\PhysX\Common;C:\Program Files (x86)\Intel\iCLS Client\;C:\Program Files\Intel\iCLS Client\;C:\Windows\system32;C:\Windows;C:\Windows\System32\Wbem;C:\Windows\System32\WindowsPowerShell\v1.0\;C:\Program Files\Intel\Intel(R) Management Engine Components\DAL;C:\Program Files (x86)\Intel\Intel(R) Management Engine Components\DAL;C:\Program Files\Intel\Intel(R) Management Engine Components\IPT;C:\Program Files (x86)\Intel\Intel(R) Management Engine Components\IPT;C:\Program Files (x86)\Windows Kits\8.1\Windows Performance Toolkit\;C:\Program Files\Microsoft SQL Server\110\Tools\Binn\;C:\Program Files (x86)\Microsoft SDKs\TypeScript\1.0\;E:\git\Git\cmd;E:\mysql5.0\bin;C:\Program Files (x86)\GtkSharp\2.12\bin;C:\Program Files\Common Files\Autodesk Shared\;C:\Program Files (x86)\Autodesk\Backburner\;F:\cocos2dx\cocos2d-x-3.8.1\templates;F:\cocos2dx\cocos2d-x-3.8.1\tools\cocos2d-console\bin;;%JAVA_HOME%\bin;;.
十二月 03, 2015 12:25:31 上午 org.apache.coyote.http11.Http11Protocol destroy
信息: Stopping Coyote HTTP/1.1 on http-8080
十二月 03, 2015 12:25:31 上午 org.apache.coyote.http11.Http11Protocol init
信息: Initializing Coyote HTTP/1.1 on http-8080
十二月 03, 2015 12:25:31 上午 org.apache.catalina.startup.Catalina load
信息: Initialization processed in 294 ms
十二月 03, 2015 12:25:31 上午 org.apache.catalina.core.StandardService start
信息: Starting service Catalina
十二月 03, 2015 12:25:31 上午 org.apache.catalina.core.StandardEngine start
信息: Starting Servlet Engine: Apache Tomcat/6.0.29
十二月 03, 2015 12:25:31 上午 org.apache.catalina.startup.HostConfig deployDescriptor
信息: Deploying configuration descriptor host-manager.xml
十二月 03, 2015 12:25:31 上午 org.apache.catalina.startup.HostConfig deployDescriptor
信息: Deploying configuration descriptor manager.xml
十二月 03, 2015 12:25:31 上午 org.apache.catalina.startup.HostConfig deployDirectory
信息: Deploying web application directory diy
十二月 03, 2015 12:25:32 上午 org.apache.catalina.startup.HostConfig deployDirectory
信息: Deploying web application directory ROOT
十二月 03, 2015 12:25:32 上午 org.apache.coyote.http11.Http11Protocol start
信息: Starting Coyote HTTP/1.1 on http-8080
十二月 03, 2015 12:25:32 上午 org.apache.jk.common.ChannelSocket init
信息: JK: ajp13 listening on /0.0.0.0:8009
十二月 03, 2015 12:25:32 上午 org.apache.jk.server.JkMain start
信息: Jk running ID=0 time=0/11  config=null
十二月 03, 2015 12:25:32 上午 org.apache.catalina.startup.Catalina start
信息: Server startup in 288 ms
十二月 03, 2015 1:02:21 上午 org.apache.coyote.http11.Http11Protocol pause
信息: Pausing Coyote HTTP/1.1 on http-8080
十二月 03, 2015 1:02:22 上午 org.apache.catalina.core.StandardService stop
信息: Stopping service Catalina
十二月 03, 2015 1:02:22 上午 org.apache.catalina.loader.WebappClassLoader clearReferencesJdbc
严重: The web application [/diy] registered the JBDC driver [com.mysql.jdbc.Driver] but failed to unregister it when the web application was stopped. To prevent a memory leak, the JDBC Driver has been forcibly unregistered.
十二月 03, 2015 1:02:22 上午 org.apache.catalina.loader.WebappClassLoader clearReferencesThreads
严重: The web application [/diy] appears to have started a thread named [Abandoned connection cleanup thread] but has failed to stop it. This is very likely to create a memory leak.
十二月 03, 2015 1:02:22 上午 org.apache.coyote.http11.Http11Protocol destroy
信息: Stopping Coyote HTTP/1.1 on http-8080
十二月 03, 2015 11:10:19 下午 org.apache.catalina.core.AprLifecycleListener init
信息: The APR based Apache Tomcat Native library which allows optimal performance in production environments was not found on the java.library.path: C:\Program Files\Java\jdk1.8.0_60\bin;C:\Windows\Sun\Java\bin;C:\Windows\system32;C:\Windows;C:\ProgramData\Oracle\Java\javapath;E:\Python2.7.9\;E:\Python2.7.9\Scripts;C:\Program Files (x86)\NVIDIA Corporation\PhysX\Common;C:\Program Files (x86)\Intel\iCLS Client\;C:\Program Files\Intel\iCLS Client\;C:\Windows\system32;C:\Windows;C:\Windows\System32\Wbem;C:\Windows\System32\WindowsPowerShell\v1.0\;C:\Program Files\Intel\Intel(R) Management Engine Components\DAL;C:\Program Files (x86)\Intel\Intel(R) Management Engine Components\DAL;C:\Program Files\Intel\Intel(R) Management Engine Components\IPT;C:\Program Files (x86)\Intel\Intel(R) Management Engine Components\IPT;C:\Program Files (x86)\Windows Kits\8.1\Windows Performance Toolkit\;C:\Program Files\Microsoft SQL Server\110\Tools\Binn\;C:\Program Files (x86)\Microsoft SDKs\TypeScript\1.0\;E:\git\Git\cmd;E:\mysql5.0\bin;C:\Program Files (x86)\GtkSharp\2.12\bin;C:\Program Files\Common Files\Autodesk Shared\;C:\Program Files (x86)\Autodesk\Backburner\;F:\cocos2dx\cocos2d-x-3.8.1\templates;F:\cocos2dx\cocos2d-x-3.8.1\tools\cocos2d-console\bin;;%JAVA_HOME%\bin;;.
十二月 03, 2015 11:10:19 下午 org.apache.coyote.http11.Http11Protocol init
信息: Initializing Coyote HTTP/1.1 on http-8080
十二月 03, 2015 11:10:19 下午 org.apache.catalina.startup.Catalina load
信息: Initialization processed in 401 ms
十二月 03, 2015 11:10:19 下午 org.apache.catalina.core.StandardService start
信息: Starting service Catalina
十二月 03, 2015 11:10:19 下午 org.apache.catalina.core.StandardEngine start
信息: Starting Servlet Engine: Apache Tomcat/6.0.29
十二月 03, 2015 11:10:19 下午 org.apache.catalina.startup.HostConfig deployDescriptor
信息: Deploying configuration descriptor host-manager.xml
十二月 03, 2015 11:10:19 下午 org.apache.catalina.startup.HostConfig deployDescriptor
信息: Deploying configuration descriptor manager.xml
十二月 03, 2015 11:10:19 下午 org.apache.catalina.startup.HostConfig deployDirectory
信息: Deploying web application directory diy
十二月 03, 2015 11:10:19 下午 org.apache.catalina.startup.HostConfig deployDirectory
信息: Deploying web application directory ROOT
十二月 03, 2015 11:10:19 下午 org.apache.coyote.http11.Http11Protocol start
信息: Starting Coyote HTTP/1.1 on http-8080
十二月 03, 2015 11:10:19 下午 org.apache.jk.common.ChannelSocket init
信息: JK: ajp13 listening on /0.0.0.0:8009
十二月 03, 2015 11:10:19 下午 org.apache.jk.server.JkMain start
信息: Jk running ID=0 time=0/22  config=null
十二月 03, 2015 11:10:19 下午 org.apache.catalina.startup.Catalina start
信息: Server startup in 365 ms
十二月 03, 2015 11:18:29 下午 org.apache.catalina.startup.HostConfig checkResources
信息: Reloading context [/diy]
十二月 03, 2015 11:18:29 下午 org.apache.catalina.loader.WebappClassLoader clearReferencesJdbc
严重: The web application [/diy] registered the JBDC driver [com.mysql.jdbc.Driver] but failed to unregister it when the web application was stopped. To prevent a memory leak, the JDBC Driver has been forcibly unregistered.
十二月 03, 2015 11:18:29 下午 org.apache.catalina.loader.WebappClassLoader clearReferencesThreads
严重: The web application [/diy] appears to have started a thread named [Abandoned connection cleanup thread] but has failed to stop it. This is very likely to create a memory leak.
十二月 03, 2015 11:18:39 下午 org.apache.catalina.startup.HostConfig checkResources
信息: Reloading context [/diy]
十二月 03, 2015 11:18:49 下午 org.apache.catalina.startup.HostConfig checkResources
信息: Reloading context [/diy]
十二月 03, 2015 11:19:09 下午 org.apache.catalina.startup.HostConfig checkResources
信息: Reloading context [/diy]
十二月 03, 2015 11:19:12 下午 org.apache.coyote.http11.Http11Protocol pause
信息: Pausing Coyote HTTP/1.1 on http-8080
十二月 03, 2015 11:19:13 下午 org.apache.catalina.core.StandardService stop
信息: Stopping service Catalina
十二月 03, 2015 11:19:13 下午 org.apache.coyote.http11.Http11Protocol destroy
信息: Stopping Coyote HTTP/1.1 on http-8080
十二月 03, 2015 11:19:13 下午 org.apache.catalina.core.AprLifecycleListener init
信息: The APR based Apache Tomcat Native library which allows optimal performance in production environments was not found on the java.library.path: C:\Program Files\Java\jdk1.8.0_60\bin;C:\Windows\Sun\Java\bin;C:\Windows\system32;C:\Windows;C:\ProgramData\Oracle\Java\javapath;E:\Python2.7.9\;E:\Python2.7.9\Scripts;C:\Program Files (x86)\NVIDIA Corporation\PhysX\Common;C:\Program Files (x86)\Intel\iCLS Client\;C:\Program Files\Intel\iCLS Client\;C:\Windows\system32;C:\Windows;C:\Windows\System32\Wbem;C:\Windows\System32\WindowsPowerShell\v1.0\;C:\Program Files\Intel\Intel(R) Management Engine Components\DAL;C:\Program Files (x86)\Intel\Intel(R) Management Engine Components\DAL;C:\Program Files\Intel\Intel(R) Management Engine Components\IPT;C:\Program Files (x86)\Intel\Intel(R) Management Engine Components\IPT;C:\Program Files (x86)\Windows Kits\8.1\Windows Performance Toolkit\;C:\Program Files\Microsoft SQL Server\110\Tools\Binn\;C:\Program Files (x86)\Microsoft SDKs\TypeScript\1.0\;E:\git\Git\cmd;E:\mysql5.0\bin;C:\Program Files (x86)\GtkSharp\2.12\bin;C:\Program Files\Common Files\Autodesk Shared\;C:\Program Files (x86)\Autodesk\Backburner\;F:\cocos2dx\cocos2d-x-3.8.1\templates;F:\cocos2dx\cocos2d-x-3.8.1\tools\cocos2d-console\bin;;%JAVA_HOME%\bin;;.
十二月 03, 2015 11:19:13 下午 org.apache.coyote.http11.Http11Protocol init
信息: Initializing Coyote HTTP/1.1 on http-8080
十二月 03, 2015 11:19:13 下午 org.apache.catalina.startup.Catalina load
信息: Initialization processed in 251 ms
十二月 03, 2015 11:19:13 下午 org.apache.catalina.core.StandardService start
信息: Starting service Catalina
十二月 03, 2015 11:19:13 下午 org.apache.catalina.core.StandardEngine start
信息: Starting Servlet Engine: Apache Tomcat/6.0.29
十二月 03, 2015 11:19:13 下午 org.apache.catalina.startup.HostConfig deployDescriptor
信息: Deploying configuration descriptor host-manager.xml
十二月 03, 2015 11:19:13 下午 org.apache.catalina.startup.HostConfig deployDescriptor
信息: Deploying configuration descriptor manager.xml
十二月 03, 2015 11:19:13 下午 org.apache.catalina.startup.HostConfig deployDirectory
信息: Deploying web application directory diy
十二月 03, 2015 11:19:13 下午 org.apache.catalina.startup.HostConfig deployDirectory
信息: Deploying web application directory ROOT
十二月 03, 2015 11:19:13 下午 org.apache.coyote.http11.Http11Protocol start
信息: Starting Coyote HTTP/1.1 on http-8080
十二月 03, 2015 11:19:13 下午 org.apache.jk.common.ChannelSocket init
信息: JK: ajp13 listening on /0.0.0.0:8009
十二月 03, 2015 11:19:13 下午 org.apache.jk.server.JkMain start
信息: Jk running ID=0 time=0/12  config=null
十二月 03, 2015 11:19:13 下午 org.apache.catalina.startup.Catalina start
信息: Server startup in 292 ms
十二月 03, 2015 11:25:43 下午 org.apache.catalina.startup.HostConfig checkResources
信息: Reloading context [/diy]
十二月 03, 2015 11:25:43 下午 org.apache.catalina.loader.WebappClassLoader clearReferencesJdbc
严重: The web application [/diy] registered the JBDC driver [com.mysql.jdbc.Driver] but failed to unregister it when the web application was stopped. To prevent a memory leak, the JDBC Driver has been forcibly unregistered.
十二月 03, 2015 11:25:43 下午 org.apache.catalina.loader.WebappClassLoader clearReferencesThreads
严重: The web application [/diy] appears to have started a thread named [Abandoned connection cleanup thread] but has failed to stop it. This is very likely to create a memory leak.
十二月 03, 2015 11:28:06 下午 org.apache.coyote.http11.Http11Protocol pause
信息: Pausing Coyote HTTP/1.1 on http-8080
十二月 03, 2015 11:28:07 下午 org.apache.catalina.core.StandardService stop
信息: Stopping service Catalina
十二月 03, 2015 11:28:07 下午 org.apache.coyote.http11.Http11Protocol destroy
信息: Stopping Coyote HTTP/1.1 on http-8080
十二月 03, 2015 11:28:07 下午 org.apache.catalina.core.AprLifecycleListener init
信息: The APR based Apache Tomcat Native library which allows optimal performance in production environments was not found on the java.library.path: C:\Program Files\Java\jdk1.8.0_60\bin;C:\Windows\Sun\Java\bin;C:\Windows\system32;C:\Windows;C:\ProgramData\Oracle\Java\javapath;E:\Python2.7.9\;E:\Python2.7.9\Scripts;C:\Program Files (x86)\NVIDIA Corporation\PhysX\Common;C:\Program Files (x86)\Intel\iCLS Client\;C:\Program Files\Intel\iCLS Client\;C:\Windows\system32;C:\Windows;C:\Windows\System32\Wbem;C:\Windows\System32\WindowsPowerShell\v1.0\;C:\Program Files\Intel\Intel(R) Management Engine Components\DAL;C:\Program Files (x86)\Intel\Intel(R) Management Engine Components\DAL;C:\Program Files\Intel\Intel(R) Management Engine Components\IPT;C:\Program Files (x86)\Intel\Intel(R) Management Engine Components\IPT;C:\Program Files (x86)\Windows Kits\8.1\Windows Performance Toolkit\;C:\Program Files\Microsoft SQL Server\110\Tools\Binn\;C:\Program Files (x86)\Microsoft SDKs\TypeScript\1.0\;E:\git\Git\cmd;E:\mysql5.0\bin;C:\Program Files (x86)\GtkSharp\2.12\bin;C:\Program Files\Common Files\Autodesk Shared\;C:\Program Files (x86)\Autodesk\Backburner\;F:\cocos2dx\cocos2d-x-3.8.1\templates;F:\cocos2dx\cocos2d-x-3.8.1\tools\cocos2d-console\bin;;%JAVA_HOME%\bin;;.
十二月 03, 2015 11:28:07 下午 org.apache.coyote.http11.Http11Protocol init
信息: Initializing Coyote HTTP/1.1 on http-8080
十二月 03, 2015 11:28:07 下午 org.apache.catalina.startup.Catalina load
信息: Initialization processed in 250 ms
十二月 03, 2015 11:28:07 下午 org.apache.catalina.core.StandardService start
信息: Starting service Catalina
十二月 03, 2015 11:28:07 下午 org.apache.catalina.core.StandardEngine start
信息: Starting Servlet Engine: Apache Tomcat/6.0.29
十二月 03, 2015 11:28:07 下午 org.apache.catalina.startup.HostConfig deployDescriptor
信息: Deploying configuration descriptor host-manager.xml
十二月 03, 2015 11:28:08 下午 org.apache.catalina.startup.HostConfig deployDescriptor
信息: Deploying configuration descriptor manager.xml
十二月 03, 2015 11:28:08 下午 org.apache.catalina.startup.HostConfig deployDirectory
信息: Deploying web application directory diy
十二月 03, 2015 11:28:08 下午 org.apache.catalina.startup.HostConfig deployDirectory
信息: Deploying web application directory ROOT
十二月 03, 2015 11:28:08 下午 org.apache.coyote.http11.Http11Protocol start
信息: Starting Coyote HTTP/1.1 on http-8080
十二月 03, 2015 11:28:08 下午 org.apache.jk.common.ChannelSocket init
信息: JK: ajp13 listening on /0.0.0.0:8009
十二月 03, 2015 11:28:08 下午 org.apache.jk.server.JkMain start
信息: Jk running ID=0 time=0/12  config=null
十二月 03, 2015 11:28:08 下午 org.apache.catalina.startup.Catalina start
信息: Server startup in 292 ms
十二月 03, 2015 11:29:12 下午 org.apache.coyote.http11.Http11Protocol pause
信息: Pausing Coyote HTTP/1.1 on http-8080
十二月 03, 2015 11:29:13 下午 org.apache.catalina.core.StandardService stop
信息: Stopping service Catalina
十二月 03, 2015 11:29:13 下午 org.apache.coyote.http11.Http11Protocol destroy
信息: Stopping Coyote HTTP/1.1 on http-8080
十二月 03, 2015 11:29:13 下午 org.apache.catalina.core.AprLifecycleListener init
信息: The APR based Apache Tomcat Native library which allows optimal performance in production environments was not found on the java.library.path: C:\Program Files\Java\jdk1.8.0_60\bin;C:\Windows\Sun\Java\bin;C:\Windows\system32;C:\Windows;C:\ProgramData\Oracle\Java\javapath;E:\Python2.7.9\;E:\Python2.7.9\Scripts;C:\Program Files (x86)\NVIDIA Corporation\PhysX\Common;C:\Program Files (x86)\Intel\iCLS Client\;C:\Program Files\Intel\iCLS Client\;C:\Windows\system32;C:\Windows;C:\Windows\System32\Wbem;C:\Windows\System32\WindowsPowerShell\v1.0\;C:\Program Files\Intel\Intel(R) Management Engine Components\DAL;C:\Program Files (x86)\Intel\Intel(R) Management Engine Components\DAL;C:\Program Files\Intel\Intel(R) Management Engine Components\IPT;C:\Program Files (x86)\Intel\Intel(R) Management Engine Components\IPT;C:\Program Files (x86)\Windows Kits\8.1\Windows Performance Toolkit\;C:\Program Files\Microsoft SQL Server\110\Tools\Binn\;C:\Program Files (x86)\Microsoft SDKs\TypeScript\1.0\;E:\git\Git\cmd;E:\mysql5.0\bin;C:\Program Files (x86)\GtkSharp\2.12\bin;C:\Program Files\Common Files\Autodesk Shared\;C:\Program Files (x86)\Autodesk\Backburner\;F:\cocos2dx\cocos2d-x-3.8.1\templates;F:\cocos2dx\cocos2d-x-3.8.1\tools\cocos2d-console\bin;;%JAVA_HOME%\bin;;.
十二月 03, 2015 11:29:13 下午 org.apache.coyote.http11.Http11Protocol init
信息: Initializing Coyote HTTP/1.1 on http-8080
十二月 03, 2015 11:29:13 下午 org.apache.catalina.startup.Catalina load
信息: Initialization processed in 253 ms
十二月 03, 2015 11:29:13 下午 org.apache.catalina.core.StandardService start
信息: Starting service Catalina
十二月 03, 2015 11:29:13 下午 org.apache.catalina.core.StandardEngine start
信息: Starting Servlet Engine: Apache Tomcat/6.0.29
十二月 03, 2015 11:29:13 下午 org.apache.catalina.startup.HostConfig deployDescriptor
信息: Deploying configuration descriptor host-manager.xml
十二月 03, 2015 11:29:13 下午 org.apache.catalina.startup.HostConfig deployDescriptor
信息: Deploying configuration descriptor manager.xml
十二月 03, 2015 11:29:14 下午 org.apache.catalina.startup.HostConfig deployDirectory
信息: Deploying web application directory diy
十二月 03, 2015 11:29:14 下午 org.apache.catalina.startup.HostConfig deployDirectory
信息: Deploying web application directory ROOT
十二月 03, 2015 11:29:14 下午 org.apache.coyote.http11.Http11Protocol start
信息: Starting Coyote HTTP/1.1 on http-8080
十二月 03, 2015 11:29:14 下午 org.apache.jk.common.ChannelSocket init
信息: JK: ajp13 listening on /0.0.0.0:8009
十二月 03, 2015 11:29:14 下午 org.apache.jk.server.JkMain start
信息: Jk running ID=0 time=0/12  config=null
十二月 03, 2015 11:29:14 下午 org.apache.catalina.startup.Catalina start
信息: Server startup in 280 ms
十二月 03, 2015 11:30:14 下午 org.apache.catalina.startup.HostConfig checkResources
信息: Reloading context [/diy]
十二月 03, 2015 11:30:14 下午 org.apache.catalina.loader.WebappClassLoader clearReferencesJdbc
严重: The web application [/diy] registered the JBDC driver [com.mysql.jdbc.Driver] but failed to unregister it when the web application was stopped. To prevent a memory leak, the JDBC Driver has been forcibly unregistered.
十二月 03, 2015 11:30:14 下午 org.apache.catalina.loader.WebappClassLoader clearReferencesThreads
严重: The web application [/diy] appears to have started a thread named [Abandoned connection cleanup thread] but has failed to stop it. This is very likely to create a memory leak.
十二月 03, 2015 11:30:36 下午 org.apache.coyote.http11.Http11Protocol pause
信息: Pausing Coyote HTTP/1.1 on http-8080
十二月 03, 2015 11:30:37 下午 org.apache.catalina.core.StandardService stop
信息: Stopping service Catalina
十二月 03, 2015 11:30:37 下午 org.apache.coyote.http11.Http11Protocol destroy
信息: Stopping Coyote HTTP/1.1 on http-8080
十二月 03, 2015 11:30:40 下午 org.apache.catalina.startup.Catalina stopServer
严重: Catalina.stop: 
java.net.ConnectException: Connection refused: connect
	at java.net.DualStackPlainSocketImpl.connect0(Native Method)
	at java.net.DualStackPlainSocketImpl.socketConnect(DualStackPlainSocketImpl.java:79)
	at java.net.AbstractPlainSocketImpl.doConnect(AbstractPlainSocketImpl.java:350)
	at java.net.AbstractPlainSocketImpl.connectToAddress(AbstractPlainSocketImpl.java:206)
	at java.net.AbstractPlainSocketImpl.connect(AbstractPlainSocketImpl.java:188)
	at java.net.PlainSocketImpl.connect(PlainSocketImpl.java:172)
	at java.net.SocksSocketImpl.connect(SocksSocketImpl.java:392)
	at java.net.Socket.connect(Socket.java:589)
	at java.net.Socket.connect(Socket.java:538)
	at java.net.Socket.<init>(Socket.java:434)
	at java.net.Socket.<init>(Socket.java:211)
	at org.apache.catalina.startup.Catalina.stopServer(Catalina.java:408)
	at sun.reflect.NativeMethodAccessorImpl.invoke0(Native Method)
	at sun.reflect.NativeMethodAccessorImpl.invoke(NativeMethodAccessorImpl.java:62)
	at sun.reflect.DelegatingMethodAccessorImpl.invoke(DelegatingMethodAccessorImpl.java:43)
	at java.lang.reflect.Method.invoke(Method.java:497)
	at org.apache.catalina.startup.Bootstrap.stopServer(Bootstrap.java:338)
	at org.apache.catalina.startup.Bootstrap.main(Bootstrap.java:416)

十二月 03, 2015 11:30:42 下午 org.apache.catalina.core.AprLifecycleListener init
信息: The APR based Apache Tomcat Native library which allows optimal performance in production environments was not found on the java.library.path: C:\Program Files\Java\jdk1.8.0_60\bin;C:\Windows\Sun\Java\bin;C:\Windows\system32;C:\Windows;C:\ProgramData\Oracle\Java\javapath;E:\Python2.7.9\;E:\Python2.7.9\Scripts;C:\Program Files (x86)\NVIDIA Corporation\PhysX\Common;C:\Program Files (x86)\Intel\iCLS Client\;C:\Program Files\Intel\iCLS Client\;C:\Windows\system32;C:\Windows;C:\Windows\System32\Wbem;C:\Windows\System32\WindowsPowerShell\v1.0\;C:\Program Files\Intel\Intel(R) Management Engine Components\DAL;C:\Program Files (x86)\Intel\Intel(R) Management Engine Components\DAL;C:\Program Files\Intel\Intel(R) Management Engine Components\IPT;C:\Program Files (x86)\Intel\Intel(R) Management Engine Components\IPT;C:\Program Files (x86)\Windows Kits\8.1\Windows Performance Toolkit\;C:\Program Files\Microsoft SQL Server\110\Tools\Binn\;C:\Program Files (x86)\Microsoft SDKs\TypeScript\1.0\;E:\git\Git\cmd;E:\mysql5.0\bin;C:\Program Files (x86)\GtkSharp\2.12\bin;C:\Program Files\Common Files\Autodesk Shared\;C:\Program Files (x86)\Autodesk\Backburner\;F:\cocos2dx\cocos2d-x-3.8.1\templates;F:\cocos2dx\cocos2d-x-3.8.1\tools\cocos2d-console\bin;;%JAVA_HOME%\bin;;.
十二月 03, 2015 11:30:42 下午 org.apache.coyote.http11.Http11Protocol init
信息: Initializing Coyote HTTP/1.1 on http-8080
十二月 03, 2015 11:30:42 下午 org.apache.catalina.startup.Catalina load
信息: Initialization processed in 246 ms
十二月 03, 2015 11:30:42 下午 org.apache.catalina.core.StandardService start
信息: Starting service Catalina
十二月 03, 2015 11:30:42 下午 org.apache.catalina.core.StandardEngine start
信息: Starting Servlet Engine: Apache Tomcat/6.0.29
十二月 03, 2015 11:30:42 下午 org.apache.catalina.startup.HostConfig deployDescriptor
信息: Deploying configuration descriptor host-manager.xml
十二月 03, 2015 11:30:42 下午 org.apache.catalina.startup.HostConfig deployDescriptor
信息: Deploying configuration descriptor manager.xml
十二月 03, 2015 11:30:42 下午 org.apache.catalina.startup.HostConfig deployDirectory
信息: Deploying web application directory diy
十二月 03, 2015 11:30:42 下午 org.apache.catalina.startup.HostConfig deployDirectory
信息: Deploying web application directory ROOT
十二月 03, 2015 11:30:42 下午 org.apache.coyote.http11.Http11Protocol start
信息: Starting Coyote HTTP/1.1 on http-8080
十二月 03, 2015 11:30:42 下午 org.apache.jk.common.ChannelSocket init
信息: JK: ajp13 listening on /0.0.0.0:8009
十二月 03, 2015 11:30:42 下午 org.apache.jk.server.JkMain start
信息: Jk running ID=0 time=0/13  config=null
十二月 03, 2015 11:30:42 下午 org.apache.catalina.startup.Catalina start
信息: Server startup in 288 ms
十二月 03, 2015 11:31:32 下午 org.apache.catalina.startup.HostConfig checkResources
信息: Reloading context [/diy]
十二月 03, 2015 11:31:32 下午 org.apache.catalina.loader.WebappClassLoader clearReferencesJdbc
严重: The web application [/diy] registered the JBDC driver [com.mysql.jdbc.Driver] but failed to unregister it when the web application was stopped. To prevent a memory leak, the JDBC Driver has been forcibly unregistered.
十二月 03, 2015 11:31:32 下午 org.apache.catalina.loader.WebappClassLoader clearReferencesThreads
严重: The web application [/diy] appears to have started a thread named [Abandoned connection cleanup thread] but has failed to stop it. This is very likely to create a memory leak.
十二月 03, 2015 11:32:18 下午 org.apache.coyote.http11.Http11Protocol pause
信息: Pausing Coyote HTTP/1.1 on http-8080
十二月 03, 2015 11:32:19 下午 org.apache.catalina.core.StandardService stop
信息: Stopping service Catalina
十二月 03, 2015 11:32:19 下午 org.apache.coyote.http11.Http11Protocol destroy
信息: Stopping Coyote HTTP/1.1 on http-8080
十二月 03, 2015 11:32:44 下午 org.apache.catalina.startup.Catalina stopServer
严重: Catalina.stop: 
java.net.ConnectException: Connection refused: connect
	at java.net.DualStackPlainSocketImpl.connect0(Native Method)
	at java.net.DualStackPlainSocketImpl.socketConnect(DualStackPlainSocketImpl.java:79)
	at java.net.AbstractPlainSocketImpl.doConnect(AbstractPlainSocketImpl.java:350)
	at java.net.AbstractPlainSocketImpl.connectToAddress(AbstractPlainSocketImpl.java:206)
	at java.net.AbstractPlainSocketImpl.connect(AbstractPlainSocketImpl.java:188)
	at java.net.PlainSocketImpl.connect(PlainSocketImpl.java:172)
	at java.net.SocksSocketImpl.connect(SocksSocketImpl.java:392)
	at java.net.Socket.connect(Socket.java:589)
	at java.net.Socket.connect(Socket.java:538)
	at java.net.Socket.<init>(Socket.java:434)
	at java.net.Socket.<init>(Socket.java:211)
	at org.apache.catalina.startup.Catalina.stopServer(Catalina.java:408)
	at sun.reflect.NativeMethodAccessorImpl.invoke0(Native Method)
	at sun.reflect.NativeMethodAccessorImpl.invoke(NativeMethodAccessorImpl.java:62)
	at sun.reflect.DelegatingMethodAccessorImpl.invoke(DelegatingMethodAccessorImpl.java:43)
	at java.lang.reflect.Method.invoke(Method.java:497)
	at org.apache.catalina.startup.Bootstrap.stopServer(Bootstrap.java:338)
	at org.apache.catalina.startup.Bootstrap.main(Bootstrap.java:416)

十二月 03, 2015 11:32:46 下午 org.apache.catalina.core.AprLifecycleListener init
信息: The APR based Apache Tomcat Native library which allows optimal performance in production environments was not found on the java.library.path: C:\Program Files\Java\jdk1.8.0_60\bin;C:\Windows\Sun\Java\bin;C:\Windows\system32;C:\Windows;C:\ProgramData\Oracle\Java\javapath;E:\Python2.7.9\;E:\Python2.7.9\Scripts;C:\Program Files (x86)\NVIDIA Corporation\PhysX\Common;C:\Program Files (x86)\Intel\iCLS Client\;C:\Program Files\Intel\iCLS Client\;C:\Windows\system32;C:\Windows;C:\Windows\System32\Wbem;C:\Windows\System32\WindowsPowerShell\v1.0\;C:\Program Files\Intel\Intel(R) Management Engine Components\DAL;C:\Program Files (x86)\Intel\Intel(R) Management Engine Components\DAL;C:\Program Files\Intel\Intel(R) Management Engine Components\IPT;C:\Program Files (x86)\Intel\Intel(R) Management Engine Components\IPT;C:\Program Files (x86)\Windows Kits\8.1\Windows Performance Toolkit\;C:\Program Files\Microsoft SQL Server\110\Tools\Binn\;C:\Program Files (x86)\Microsoft SDKs\TypeScript\1.0\;E:\git\Git\cmd;E:\mysql5.0\bin;C:\Program Files (x86)\GtkSharp\2.12\bin;C:\Program Files\Common Files\Autodesk Shared\;C:\Program Files (x86)\Autodesk\Backburner\;F:\cocos2dx\cocos2d-x-3.8.1\templates;F:\cocos2dx\cocos2d-x-3.8.1\tools\cocos2d-console\bin;;%JAVA_HOME%\bin;;.
十二月 03, 2015 11:32:47 下午 org.apache.coyote.http11.Http11Protocol init
信息: Initializing Coyote HTTP/1.1 on http-8080
十二月 03, 2015 11:32:47 下午 org.apache.catalina.startup.Catalina load
信息: Initialization processed in 262 ms
十二月 03, 2015 11:32:47 下午 org.apache.catalina.core.StandardService start
信息: Starting service Catalina
十二月 03, 2015 11:32:47 下午 org.apache.catalina.core.StandardEngine start
信息: Starting Servlet Engine: Apache Tomcat/6.0.29
十二月 03, 2015 11:32:47 下午 org.apache.catalina.startup.HostConfig deployDescriptor
信息: Deploying configuration descriptor host-manager.xml
十二月 03, 2015 11:32:47 下午 org.apache.catalina.startup.HostConfig deployDescriptor
信息: Deploying configuration descriptor manager.xml
十二月 03, 2015 11:32:47 下午 org.apache.catalina.startup.HostConfig deployDirectory
信息: Deploying web application directory diy
十二月 03, 2015 11:32:47 下午 org.apache.catalina.startup.HostConfig deployDirectory
信息: Deploying web application directory ROOT
十二月 03, 2015 11:32:47 下午 org.apache.coyote.http11.Http11Protocol start
信息: Starting Coyote HTTP/1.1 on http-8080
十二月 03, 2015 11:32:47 下午 org.apache.jk.common.ChannelSocket init
信息: JK: ajp13 listening on /0.0.0.0:8009
十二月 03, 2015 11:32:47 下午 org.apache.jk.server.JkMain start
信息: Jk running ID=0 time=0/14  config=null
十二月 03, 2015 11:32:47 下午 org.apache.catalina.startup.Catalina start
信息: Server startup in 293 ms
十二月 03, 2015 11:32:59 下午 org.apache.coyote.http11.Http11Protocol pause
信息: Pausing Coyote HTTP/1.1 on http-8080
十二月 03, 2015 11:33:00 下午 org.apache.catalina.core.StandardService stop
信息: Stopping service Catalina
十二月 03, 2015 11:33:00 下午 org.apache.coyote.http11.Http11Protocol destroy
信息: Stopping Coyote HTTP/1.1 on http-8080
十二月 03, 2015 11:55:12 下午 org.apache.catalina.startup.Catalina stopServer
严重: Catalina.stop: 
java.net.ConnectException: Connection refused: connect
	at java.net.DualStackPlainSocketImpl.connect0(Native Method)
	at java.net.DualStackPlainSocketImpl.socketConnect(DualStackPlainSocketImpl.java:79)
	at java.net.AbstractPlainSocketImpl.doConnect(AbstractPlainSocketImpl.java:350)
	at java.net.AbstractPlainSocketImpl.connectToAddress(AbstractPlainSocketImpl.java:206)
	at java.net.AbstractPlainSocketImpl.connect(AbstractPlainSocketImpl.java:188)
	at java.net.PlainSocketImpl.connect(PlainSocketImpl.java:172)
	at java.net.SocksSocketImpl.connect(SocksSocketImpl.java:392)
	at java.net.Socket.connect(Socket.java:589)
	at java.net.Socket.connect(Socket.java:538)
	at java.net.Socket.<init>(Socket.java:434)
	at java.net.Socket.<init>(Socket.java:211)
	at org.apache.catalina.startup.Catalina.stopServer(Catalina.java:408)
	at sun.reflect.NativeMethodAccessorImpl.invoke0(Native Method)
	at sun.reflect.NativeMethodAccessorImpl.invoke(NativeMethodAccessorImpl.java:62)
	at sun.reflect.DelegatingMethodAccessorImpl.invoke(DelegatingMethodAccessorImpl.java:43)
	at java.lang.reflect.Method.invoke(Method.java:497)
	at org.apache.catalina.startup.Bootstrap.stopServer(Bootstrap.java:338)
	at org.apache.catalina.startup.Bootstrap.main(Bootstrap.java:416)

十二月 03, 2015 11:55:14 下午 org.apache.catalina.core.AprLifecycleListener init
信息: The APR based Apache Tomcat Native library which allows optimal performance in production environments was not found on the java.library.path: C:\Program Files\Java\jdk1.8.0_60\bin;C:\Windows\Sun\Java\bin;C:\Windows\system32;C:\Windows;C:\ProgramData\Oracle\Java\javapath;E:\Python2.7.9\;E:\Python2.7.9\Scripts;C:\Program Files (x86)\NVIDIA Corporation\PhysX\Common;C:\Program Files (x86)\Intel\iCLS Client\;C:\Program Files\Intel\iCLS Client\;C:\Windows\system32;C:\Windows;C:\Windows\System32\Wbem;C:\Windows\System32\WindowsPowerShell\v1.0\;C:\Program Files\Intel\Intel(R) Management Engine Components\DAL;C:\Program Files (x86)\Intel\Intel(R) Management Engine Components\DAL;C:\Program Files\Intel\Intel(R) Management Engine Components\IPT;C:\Program Files (x86)\Intel\Intel(R) Management Engine Components\IPT;C:\Program Files (x86)\Windows Kits\8.1\Windows Performance Toolkit\;C:\Program Files\Microsoft SQL Server\110\Tools\Binn\;C:\Program Files (x86)\Microsoft SDKs\TypeScript\1.0\;E:\git\Git\cmd;E:\mysql5.0\bin;C:\Program Files (x86)\GtkSharp\2.12\bin;C:\Program Files\Common Files\Autodesk Shared\;C:\Program Files (x86)\Autodesk\Backburner\;F:\cocos2dx\cocos2d-x-3.8.1\templates;F:\cocos2dx\cocos2d-x-3.8.1\tools\cocos2d-console\bin;;%JAVA_HOME%\bin;;.
十二月 03, 2015 11:55:14 下午 org.apache.coyote.http11.Http11Protocol init
信息: Initializing Coyote HTTP/1.1 on http-8080
十二月 03, 2015 11:55:14 下午 org.apache.catalina.startup.Catalina load
信息: Initialization processed in 243 ms
十二月 03, 2015 11:55:14 下午 org.apache.catalina.core.StandardService start
信息: Starting service Catalina
十二月 03, 2015 11:55:14 下午 org.apache.catalina.core.StandardEngine start
信息: Starting Servlet Engine: Apache Tomcat/6.0.29
十二月 03, 2015 11:55:14 下午 org.apache.catalina.startup.HostConfig deployDescriptor
信息: Deploying configuration descriptor host-manager.xml
十二月 03, 2015 11:55:14 下午 org.apache.catalina.startup.HostConfig deployDescriptor
信息: Deploying configuration descriptor manager.xml
十二月 03, 2015 11:55:14 下午 org.apache.catalina.startup.HostConfig deployDirectory
信息: Deploying web application directory diy
十二月 03, 2015 11:55:14 下午 org.apache.catalina.startup.HostConfig deployDirectory
信息: Deploying web application directory ROOT
十二月 03, 2015 11:55:14 下午 org.apache.coyote.http11.Http11Protocol start
信息: Starting Coyote HTTP/1.1 on http-8080
十二月 03, 2015 11:55:14 下午 org.apache.jk.common.ChannelSocket init
信息: JK: ajp13 listening on /0.0.0.0:8009
十二月 03, 2015 11:55:14 下午 org.apache.jk.server.JkMain start
信息: Jk running ID=0 time=0/14  config=null
十二月 03, 2015 11:55:14 下午 org.apache.catalina.startup.Catalina start
信息: Server startup in 289 ms
十二月 03, 2015 11:57:11 下午 org.apache.coyote.http11.Http11Protocol pause
信息: Pausing Coyote HTTP/1.1 on http-8080
十二月 03, 2015 11:57:12 下午 org.apache.catalina.core.StandardService stop
信息: Stopping service Catalina
十二月 03, 2015 11:57:12 下午 org.apache.coyote.http11.Http11Protocol destroy
信息: Stopping Coyote HTTP/1.1 on http-8080
十二月 03, 2015 11:57:12 下午 org.apache.catalina.core.AprLifecycleListener init
信息: The APR based Apache Tomcat Native library which allows optimal performance in production environments was not found on the java.library.path: C:\Program Files\Java\jdk1.8.0_60\bin;C:\Windows\Sun\Java\bin;C:\Windows\system32;C:\Windows;C:\ProgramData\Oracle\Java\javapath;E:\Python2.7.9\;E:\Python2.7.9\Scripts;C:\Program Files (x86)\NVIDIA Corporation\PhysX\Common;C:\Program Files (x86)\Intel\iCLS Client\;C:\Program Files\Intel\iCLS Client\;C:\Windows\system32;C:\Windows;C:\Windows\System32\Wbem;C:\Windows\System32\WindowsPowerShell\v1.0\;C:\Program Files\Intel\Intel(R) Management Engine Components\DAL;C:\Program Files (x86)\Intel\Intel(R) Management Engine Components\DAL;C:\Program Files\Intel\Intel(R) Management Engine Components\IPT;C:\Program Files (x86)\Intel\Intel(R) Management Engine Components\IPT;C:\Program Files (x86)\Windows Kits\8.1\Windows Performance Toolkit\;C:\Program Files\Microsoft SQL Server\110\Tools\Binn\;C:\Program Files (x86)\Microsoft SDKs\TypeScript\1.0\;E:\git\Git\cmd;E:\mysql5.0\bin;C:\Program Files (x86)\GtkSharp\2.12\bin;C:\Program Files\Common Files\Autodesk Shared\;C:\Program Files (x86)\Autodesk\Backburner\;F:\cocos2dx\cocos2d-x-3.8.1\templates;F:\cocos2dx\cocos2d-x-3.8.1\tools\cocos2d-console\bin;;%JAVA_HOME%\bin;;.
十二月 03, 2015 11:57:12 下午 org.apache.coyote.http11.Http11Protocol init
信息: Initializing Coyote HTTP/1.1 on http-8080
十二月 03, 2015 11:57:12 下午 org.apache.catalina.startup.Catalina load
信息: Initialization processed in 247 ms
十二月 03, 2015 11:57:12 下午 org.apache.catalina.core.StandardService start
信息: Starting service Catalina
十二月 03, 2015 11:57:12 下午 org.apache.catalina.core.StandardEngine start
信息: Starting Servlet Engine: Apache Tomcat/6.0.29
十二月 03, 2015 11:57:12 下午 org.apache.catalina.startup.HostConfig deployDescriptor
信息: Deploying configuration descriptor host-manager.xml
十二月 03, 2015 11:57:13 下午 org.apache.catalina.startup.HostConfig deployDescriptor
信息: Deploying configuration descriptor manager.xml
十二月 03, 2015 11:57:13 下午 org.apache.catalina.startup.HostConfig deployDirectory
信息: Deploying web application directory diy
十二月 03, 2015 11:57:13 下午 org.apache.catalina.startup.HostConfig deployDirectory
信息: Deploying web application directory ROOT
十二月 03, 2015 11:57:13 下午 org.apache.coyote.http11.Http11Protocol start
信息: Starting Coyote HTTP/1.1 on http-8080
十二月 03, 2015 11:57:13 下午 org.apache.jk.common.ChannelSocket init
信息: JK: ajp13 listening on /0.0.0.0:8009
十二月 03, 2015 11:57:13 下午 org.apache.jk.server.JkMain start
信息: Jk running ID=0 time=0/12  config=null
十二月 03, 2015 11:57:13 下午 org.apache.catalina.startup.Catalina start
信息: Server startup in 281 ms
十二月 03, 2015 11:59:00 下午 org.apache.coyote.http11.Http11Protocol pause
信息: Pausing Coyote HTTP/1.1 on http-8080
十二月 03, 2015 11:59:01 下午 org.apache.catalina.core.StandardService stop
信息: Stopping service Catalina
十二月 03, 2015 11:59:02 下午 org.apache.coyote.http11.Http11Protocol destroy
信息: Stopping Coyote HTTP/1.1 on http-8080
十二月 03, 2015 11:59:02 下午 org.apache.catalina.core.AprLifecycleListener init
信息: The APR based Apache Tomcat Native library which allows optimal performance in production environments was not found on the java.library.path: C:\Program Files\Java\jdk1.8.0_60\bin;C:\Windows\Sun\Java\bin;C:\Windows\system32;C:\Windows;C:\ProgramData\Oracle\Java\javapath;E:\Python2.7.9\;E:\Python2.7.9\Scripts;C:\Program Files (x86)\NVIDIA Corporation\PhysX\Common;C:\Program Files (x86)\Intel\iCLS Client\;C:\Program Files\Intel\iCLS Client\;C:\Windows\system32;C:\Windows;C:\Windows\System32\Wbem;C:\Windows\System32\WindowsPowerShell\v1.0\;C:\Program Files\Intel\Intel(R) Management Engine Components\DAL;C:\Program Files (x86)\Intel\Intel(R) Management Engine Components\DAL;C:\Program Files\Intel\Intel(R) Management Engine Components\IPT;C:\Program Files (x86)\Intel\Intel(R) Management Engine Components\IPT;C:\Program Files (x86)\Windows Kits\8.1\Windows Performance Toolkit\;C:\Program Files\Microsoft SQL Server\110\Tools\Binn\;C:\Program Files (x86)\Microsoft SDKs\TypeScript\1.0\;E:\git\Git\cmd;E:\mysql5.0\bin;C:\Program Files (x86)\GtkSharp\2.12\bin;C:\Program Files\Common Files\Autodesk Shared\;C:\Program Files (x86)\Autodesk\Backburner\;F:\cocos2dx\cocos2d-x-3.8.1\templates;F:\cocos2dx\cocos2d-x-3.8.1\tools\cocos2d-console\bin;;%JAVA_HOME%\bin;;.
十二月 03, 2015 11:59:02 下午 org.apache.coyote.http11.Http11Protocol init
信息: Initializing Coyote HTTP/1.1 on http-8080
十二月 03, 2015 11:59:02 下午 org.apache.catalina.startup.Catalina load
信息: Initialization processed in 244 ms
十二月 03, 2015 11:59:02 下午 org.apache.catalina.core.StandardService start
信息: Starting service Catalina
十二月 03, 2015 11:59:02 下午 org.apache.catalina.core.StandardEngine start
信息: Starting Servlet Engine: Apache Tomcat/6.0.29
十二月 03, 2015 11:59:02 下午 org.apache.catalina.startup.HostConfig deployDescriptor
信息: Deploying configuration descriptor host-manager.xml
十二月 03, 2015 11:59:03 下午 org.apache.catalina.startup.HostConfig deployDescriptor
信息: Deploying configuration descriptor manager.xml
十二月 03, 2015 11:59:03 下午 org.apache.catalina.startup.HostConfig deployDirectory
信息: Deploying web application directory diy
十二月 03, 2015 11:59:03 下午 org.apache.catalina.startup.HostConfig deployDirectory
信息: Deploying web application directory ROOT
十二月 03, 2015 11:59:03 下午 org.apache.coyote.http11.Http11Protocol start
信息: Starting Coyote HTTP/1.1 on http-8080
十二月 03, 2015 11:59:03 下午 org.apache.jk.common.ChannelSocket init
信息: JK: ajp13 listening on /0.0.0.0:8009
十二月 03, 2015 11:59:03 下午 org.apache.jk.server.JkMain start
信息: Jk running ID=0 time=0/12  config=null
十二月 03, 2015 11:59:03 下午 org.apache.catalina.startup.Catalina start
信息: Server startup in 284 ms
