二月 21, 2016 4:34:41 下午 org.apache.catalina.core.AprLifecycleListener init
信息: The APR based Apache Tomcat Native library which allows optimal performance in production environments was not found on the java.library.path: C:\Program Files\Java\jdk1.8.0_60\bin;C:\Windows\Sun\Java\bin;C:\Windows\system32;C:\Windows;C:\ProgramData\Oracle\Java\javapath;E:\Python2.7.9\;E:\Python2.7.9\Scripts;C:\Program Files (x86)\NVIDIA Corporation\PhysX\Common;C:\Program Files (x86)\Intel\iCLS Client\;C:\Program Files\Intel\iCLS Client\;C:\Windows\system32;C:\Windows;C:\Windows\System32\Wbem;C:\Windows\System32\WindowsPowerShell\v1.0\;C:\Program Files\Intel\Intel(R) Management Engine Components\DAL;C:\Program Files (x86)\Intel\Intel(R) Management Engine Components\DAL;C:\Program Files\Intel\Intel(R) Management Engine Components\IPT;C:\Program Files (x86)\Intel\Intel(R) Management Engine Components\IPT;C:\Program Files (x86)\Windows Kits\8.1\Windows Performance Toolkit\;C:\Program Files\Microsoft SQL Server\110\Tools\Binn\;C:\Program Files (x86)\Microsoft SDKs\TypeScript\1.0\;E:\git\Git\cmd;E:\mysql5.0\bin;C:\Program Files (x86)\GtkSharp\2.12\bin;C:\Program Files\Common Files\Autodesk Shared\;C:\Program Files (x86)\Autodesk\Backburner\;F:\cocos2dx\cocos2d-x-3.8.1\templates;F:\cocos2dx\cocos2d-x-3.8.1\tools\cocos2d-console\bin;;%JAVA_HOME%\bin;;.
二月 21, 2016 4:34:41 下午 org.apache.coyote.http11.Http11Protocol init
信息: Initializing Coyote HTTP/1.1 on http-8080
二月 21, 2016 4:34:41 下午 org.apache.catalina.startup.Catalina load
信息: Initialization processed in 392 ms
二月 21, 2016 4:34:41 下午 org.apache.catalina.core.StandardService start
信息: Starting service Catalina
二月 21, 2016 4:34:41 下午 org.apache.catalina.core.StandardEngine start
信息: Starting Servlet Engine: Apache Tomcat/6.0.29
二月 21, 2016 4:34:41 下午 org.apache.catalina.startup.HostConfig deployDescriptor
信息: Deploying configuration descriptor host-manager.xml
二月 21, 2016 4:34:41 下午 org.apache.catalina.startup.HostConfig deployDescriptor
信息: Deploying configuration descriptor manager.xml
二月 21, 2016 4:34:41 下午 org.apache.catalina.startup.HostConfig deployDirectory
信息: Deploying web application directory diy
二月 21, 2016 4:34:41 下午 org.apache.catalina.startup.HostConfig deployDirectory
信息: Deploying web application directory ROOT
二月 21, 2016 4:34:41 下午 org.apache.coyote.http11.Http11Protocol start
信息: Starting Coyote HTTP/1.1 on http-8080
二月 21, 2016 4:34:42 下午 org.apache.jk.common.ChannelSocket init
信息: JK: ajp13 listening on /0.0.0.0:8009
二月 21, 2016 4:34:42 下午 org.apache.jk.server.JkMain start
信息: Jk running ID=0 time=1/14  config=null
二月 21, 2016 4:34:42 下午 org.apache.catalina.startup.Catalina start
信息: Server startup in 318 ms
二月 21, 2016 6:47:58 下午 org.apache.coyote.http11.Http11Protocol pause
信息: Pausing Coyote HTTP/1.1 on http-8080
二月 21, 2016 6:47:59 下午 org.apache.catalina.core.StandardService stop
信息: Stopping service Catalina
二月 21, 2016 6:47:59 下午 org.apache.catalina.loader.WebappClassLoader clearReferencesJdbc
严重: The web application [/diy] registered the JBDC driver [com.mysql.jdbc.Driver] but failed to unregister it when the web application was stopped. To prevent a memory leak, the JDBC Driver has been forcibly unregistered.
二月 21, 2016 6:47:59 下午 org.apache.catalina.loader.WebappClassLoader clearReferencesThreads
严重: The web application [/diy] appears to have started a thread named [Abandoned connection cleanup thread] but has failed to stop it. This is very likely to create a memory leak.
二月 21, 2016 6:47:59 下午 org.apache.coyote.http11.Http11Protocol destroy
信息: Stopping Coyote HTTP/1.1 on http-8080
二月 21, 2016 6:48:01 下午 org.apache.catalina.core.AprLifecycleListener init
信息: The APR based Apache Tomcat Native library which allows optimal performance in production environments was not found on the java.library.path: C:\Program Files\Java\jdk1.8.0_60\bin;C:\Windows\Sun\Java\bin;C:\Windows\system32;C:\Windows;C:\ProgramData\Oracle\Java\javapath;E:\Python2.7.9\;E:\Python2.7.9\Scripts;C:\Program Files (x86)\NVIDIA Corporation\PhysX\Common;C:\Program Files (x86)\Intel\iCLS Client\;C:\Program Files\Intel\iCLS Client\;C:\Windows\system32;C:\Windows;C:\Windows\System32\Wbem;C:\Windows\System32\WindowsPowerShell\v1.0\;C:\Program Files\Intel\Intel(R) Management Engine Components\DAL;C:\Program Files (x86)\Intel\Intel(R) Management Engine Components\DAL;C:\Program Files\Intel\Intel(R) Management Engine Components\IPT;C:\Program Files (x86)\Intel\Intel(R) Management Engine Components\IPT;C:\Program Files (x86)\Windows Kits\8.1\Windows Performance Toolkit\;C:\Program Files\Microsoft SQL Server\110\Tools\Binn\;C:\Program Files (x86)\Microsoft SDKs\TypeScript\1.0\;E:\git\Git\cmd;E:\mysql5.0\bin;C:\Program Files (x86)\GtkSharp\2.12\bin;C:\Program Files\Common Files\Autodesk Shared\;C:\Program Files (x86)\Autodesk\Backburner\;F:\cocos2dx\cocos2d-x-3.8.1\templates;F:\cocos2dx\cocos2d-x-3.8.1\tools\cocos2d-console\bin;;%JAVA_HOME%\bin;;.
二月 21, 2016 6:48:01 下午 org.apache.coyote.http11.Http11Protocol init
信息: Initializing Coyote HTTP/1.1 on http-8080
二月 21, 2016 6:48:01 下午 org.apache.catalina.startup.Catalina load
信息: Initialization processed in 315 ms
二月 21, 2016 6:48:01 下午 org.apache.catalina.core.StandardService start
信息: Starting service Catalina
二月 21, 2016 6:48:01 下午 org.apache.catalina.core.StandardEngine start
信息: Starting Servlet Engine: Apache Tomcat/6.0.29
二月 21, 2016 6:48:01 下午 org.apache.catalina.startup.HostConfig deployDescriptor
信息: Deploying configuration descriptor host-manager.xml
二月 21, 2016 6:48:01 下午 org.apache.catalina.startup.HostConfig deployDescriptor
信息: Deploying configuration descriptor manager.xml
二月 21, 2016 6:48:01 下午 org.apache.catalina.startup.HostConfig deployDirectory
信息: Deploying web application directory diy
二月 21, 2016 6:48:01 下午 org.apache.catalina.startup.HostConfig deployDirectory
信息: Deploying web application directory ROOT
二月 21, 2016 6:48:01 下午 org.apache.coyote.http11.Http11Protocol start
信息: Starting Coyote HTTP/1.1 on http-8080
二月 21, 2016 6:48:02 下午 org.apache.jk.common.ChannelSocket init
信息: JK: ajp13 listening on /0.0.0.0:8009
二月 21, 2016 6:48:02 下午 org.apache.jk.server.JkMain start
信息: Jk running ID=0 time=0/15  config=null
二月 21, 2016 6:48:02 下午 org.apache.catalina.startup.Catalina start
信息: Server startup in 321 ms
二月 21, 2016 6:58:04 下午 org.apache.coyote.http11.Http11Protocol pause
信息: Pausing Coyote HTTP/1.1 on http-8080
二月 21, 2016 6:58:05 下午 org.apache.catalina.core.StandardService stop
信息: Stopping service Catalina
二月 21, 2016 6:58:05 下午 org.apache.catalina.loader.WebappClassLoader clearReferencesJdbc
严重: The web application [/diy] registered the JBDC driver [com.mysql.jdbc.Driver] but failed to unregister it when the web application was stopped. To prevent a memory leak, the JDBC Driver has been forcibly unregistered.
二月 21, 2016 6:58:05 下午 org.apache.catalina.loader.WebappClassLoader clearReferencesThreads
严重: The web application [/diy] appears to have started a thread named [Abandoned connection cleanup thread] but has failed to stop it. This is very likely to create a memory leak.
二月 21, 2016 6:58:05 下午 org.apache.coyote.http11.Http11Protocol destroy
信息: Stopping Coyote HTTP/1.1 on http-8080
二月 21, 2016 6:58:07 下午 org.apache.catalina.core.AprLifecycleListener init
信息: The APR based Apache Tomcat Native library which allows optimal performance in production environments was not found on the java.library.path: C:\Program Files\Java\jdk1.8.0_60\bin;C:\Windows\Sun\Java\bin;C:\Windows\system32;C:\Windows;C:\ProgramData\Oracle\Java\javapath;E:\Python2.7.9\;E:\Python2.7.9\Scripts;C:\Program Files (x86)\NVIDIA Corporation\PhysX\Common;C:\Program Files (x86)\Intel\iCLS Client\;C:\Program Files\Intel\iCLS Client\;C:\Windows\system32;C:\Windows;C:\Windows\System32\Wbem;C:\Windows\System32\WindowsPowerShell\v1.0\;C:\Program Files\Intel\Intel(R) Management Engine Components\DAL;C:\Program Files (x86)\Intel\Intel(R) Management Engine Components\DAL;C:\Program Files\Intel\Intel(R) Management Engine Components\IPT;C:\Program Files (x86)\Intel\Intel(R) Management Engine Components\IPT;C:\Program Files (x86)\Windows Kits\8.1\Windows Performance Toolkit\;C:\Program Files\Microsoft SQL Server\110\Tools\Binn\;C:\Program Files (x86)\Microsoft SDKs\TypeScript\1.0\;E:\git\Git\cmd;E:\mysql5.0\bin;C:\Program Files (x86)\GtkSharp\2.12\bin;C:\Program Files\Common Files\Autodesk Shared\;C:\Program Files (x86)\Autodesk\Backburner\;F:\cocos2dx\cocos2d-x-3.8.1\templates;F:\cocos2dx\cocos2d-x-3.8.1\tools\cocos2d-console\bin;;%JAVA_HOME%\bin;;.
二月 21, 2016 6:58:07 下午 org.apache.coyote.http11.Http11Protocol init
信息: Initializing Coyote HTTP/1.1 on http-8080
二月 21, 2016 6:58:07 下午 org.apache.catalina.startup.Catalina load
信息: Initialization processed in 265 ms
二月 21, 2016 6:58:07 下午 org.apache.catalina.core.StandardService start
信息: Starting service Catalina
二月 21, 2016 6:58:07 下午 org.apache.catalina.core.StandardEngine start
信息: Starting Servlet Engine: Apache Tomcat/6.0.29
二月 21, 2016 6:58:07 下午 org.apache.catalina.startup.HostConfig deployDescriptor
信息: Deploying configuration descriptor host-manager.xml
二月 21, 2016 6:58:07 下午 org.apache.catalina.startup.HostConfig deployDescriptor
信息: Deploying configuration descriptor manager.xml
二月 21, 2016 6:58:07 下午 org.apache.catalina.startup.HostConfig deployDirectory
信息: Deploying web application directory diy
二月 21, 2016 6:58:07 下午 org.apache.catalina.startup.HostConfig deployDirectory
信息: Deploying web application directory ROOT
二月 21, 2016 6:58:07 下午 org.apache.coyote.http11.Http11Protocol start
信息: Starting Coyote HTTP/1.1 on http-8080
二月 21, 2016 6:58:07 下午 org.apache.jk.common.ChannelSocket init
信息: JK: ajp13 listening on /0.0.0.0:8009
二月 21, 2016 6:58:07 下午 org.apache.jk.server.JkMain start
信息: Jk running ID=0 time=0/12  config=null
二月 21, 2016 6:58:07 下午 org.apache.catalina.startup.Catalina start
信息: Server startup in 286 ms
二月 21, 2016 6:58:09 下午 org.apache.catalina.core.AprLifecycleListener init
信息: The APR based Apache Tomcat Native library which allows optimal performance in production environments was not found on the java.library.path: C:\Program Files\Java\jdk1.8.0_60\bin;C:\Windows\Sun\Java\bin;C:\Windows\system32;C:\Windows;C:\ProgramData\Oracle\Java\javapath;E:\Python2.7.9\;E:\Python2.7.9\Scripts;C:\Program Files (x86)\NVIDIA Corporation\PhysX\Common;C:\Program Files (x86)\Intel\iCLS Client\;C:\Program Files\Intel\iCLS Client\;C:\Windows\system32;C:\Windows;C:\Windows\System32\Wbem;C:\Windows\System32\WindowsPowerShell\v1.0\;C:\Program Files\Intel\Intel(R) Management Engine Components\DAL;C:\Program Files (x86)\Intel\Intel(R) Management Engine Components\DAL;C:\Program Files\Intel\Intel(R) Management Engine Components\IPT;C:\Program Files (x86)\Intel\Intel(R) Management Engine Components\IPT;C:\Program Files (x86)\Windows Kits\8.1\Windows Performance Toolkit\;C:\Program Files\Microsoft SQL Server\110\Tools\Binn\;C:\Program Files (x86)\Microsoft SDKs\TypeScript\1.0\;E:\git\Git\cmd;E:\mysql5.0\bin;C:\Program Files (x86)\GtkSharp\2.12\bin;C:\Program Files\Common Files\Autodesk Shared\;C:\Program Files (x86)\Autodesk\Backburner\;F:\cocos2dx\cocos2d-x-3.8.1\templates;F:\cocos2dx\cocos2d-x-3.8.1\tools\cocos2d-console\bin;;%JAVA_HOME%\bin;;.
二月 21, 2016 6:58:09 下午 org.apache.coyote.http11.Http11Protocol init
严重: Error initializing endpoint
java.net.BindException: Address already in use: JVM_Bind <null>:8080
	at org.apache.tomcat.util.net.JIoEndpoint.init(JIoEndpoint.java:549)
	at org.apache.coyote.http11.Http11Protocol.init(Http11Protocol.java:176)
	at org.apache.catalina.connector.Connector.initialize(Connector.java:1014)
	at org.apache.catalina.core.StandardService.initialize(StandardService.java:680)
	at org.apache.catalina.core.StandardServer.initialize(StandardServer.java:795)
	at org.apache.catalina.startup.Catalina.load(Catalina.java:524)
	at org.apache.catalina.startup.Catalina.load(Catalina.java:548)
	at sun.reflect.NativeMethodAccessorImpl.invoke0(Native Method)
	at sun.reflect.NativeMethodAccessorImpl.invoke(NativeMethodAccessorImpl.java:62)
	at sun.reflect.DelegatingMethodAccessorImpl.invoke(DelegatingMethodAccessorImpl.java:43)
	at java.lang.reflect.Method.invoke(Method.java:497)
	at org.apache.catalina.startup.Bootstrap.load(Bootstrap.java:261)
	at org.apache.catalina.startup.Bootstrap.main(Bootstrap.java:413)
Caused by: java.net.BindException: Address already in use: JVM_Bind
	at java.net.DualStackPlainSocketImpl.bind0(Native Method)
	at java.net.DualStackPlainSocketImpl.socketBind(DualStackPlainSocketImpl.java:106)
	at java.net.AbstractPlainSocketImpl.bind(AbstractPlainSocketImpl.java:387)
	at java.net.PlainSocketImpl.bind(PlainSocketImpl.java:190)
	at java.net.ServerSocket.bind(ServerSocket.java:375)
	at java.net.ServerSocket.<init>(ServerSocket.java:237)
	at java.net.ServerSocket.<init>(ServerSocket.java:181)
	at org.apache.tomcat.util.net.DefaultServerSocketFactory.createSocket(DefaultServerSocketFactory.java:50)
	at org.apache.tomcat.util.net.JIoEndpoint.init(JIoEndpoint.java:538)
	... 12 more

二月 21, 2016 6:58:09 下午 org.apache.catalina.startup.Catalina load
严重: Catalina.start
LifecycleException:  Protocol handler initialization failed: java.net.BindException: Address already in use: JVM_Bind <null>:8080
	at org.apache.catalina.connector.Connector.initialize(Connector.java:1016)
	at org.apache.catalina.core.StandardService.initialize(StandardService.java:680)
	at org.apache.catalina.core.StandardServer.initialize(StandardServer.java:795)
	at org.apache.catalina.startup.Catalina.load(Catalina.java:524)
	at org.apache.catalina.startup.Catalina.load(Catalina.java:548)
	at sun.reflect.NativeMethodAccessorImpl.invoke0(Native Method)
	at sun.reflect.NativeMethodAccessorImpl.invoke(NativeMethodAccessorImpl.java:62)
	at sun.reflect.DelegatingMethodAccessorImpl.invoke(DelegatingMethodAccessorImpl.java:43)
	at java.lang.reflect.Method.invoke(Method.java:497)
	at org.apache.catalina.startup.Bootstrap.load(Bootstrap.java:261)
	at org.apache.catalina.startup.Bootstrap.main(Bootstrap.java:413)

二月 21, 2016 6:58:09 下午 org.apache.catalina.startup.Catalina load
信息: Initialization processed in 284 ms
二月 21, 2016 6:58:09 下午 org.apache.catalina.core.StandardService start
信息: Starting service Catalina
二月 21, 2016 6:58:09 下午 org.apache.catalina.core.StandardEngine start
信息: Starting Servlet Engine: Apache Tomcat/6.0.29
二月 21, 2016 6:58:09 下午 org.apache.catalina.startup.HostConfig deployDescriptor
信息: Deploying configuration descriptor host-manager.xml
二月 21, 2016 6:58:09 下午 org.apache.catalina.startup.HostConfig deployDescriptor
信息: Deploying configuration descriptor manager.xml
二月 21, 2016 6:58:09 下午 org.apache.catalina.startup.HostConfig deployDirectory
信息: Deploying web application directory diy
二月 21, 2016 6:58:09 下午 org.apache.catalina.startup.HostConfig deployDirectory
信息: Deploying web application directory ROOT
二月 21, 2016 6:58:09 下午 org.apache.coyote.http11.Http11Protocol start
严重: Error starting endpoint
java.net.BindException: Address already in use: JVM_Bind <null>:8080
	at org.apache.tomcat.util.net.JIoEndpoint.init(JIoEndpoint.java:549)
	at org.apache.tomcat.util.net.JIoEndpoint.start(JIoEndpoint.java:565)
	at org.apache.coyote.http11.Http11Protocol.start(Http11Protocol.java:203)
	at org.apache.catalina.connector.Connector.start(Connector.java:1087)
	at org.apache.catalina.core.StandardService.start(StandardService.java:534)
	at org.apache.catalina.core.StandardServer.start(StandardServer.java:710)
	at org.apache.catalina.startup.Catalina.start(Catalina.java:581)
	at sun.reflect.NativeMethodAccessorImpl.invoke0(Native Method)
	at sun.reflect.NativeMethodAccessorImpl.invoke(NativeMethodAccessorImpl.java:62)
	at sun.reflect.DelegatingMethodAccessorImpl.invoke(DelegatingMethodAccessorImpl.java:43)
	at java.lang.reflect.Method.invoke(Method.java:497)
	at org.apache.catalina.startup.Bootstrap.start(Bootstrap.java:289)
	at org.apache.catalina.startup.Bootstrap.main(Bootstrap.java:414)
Caused by: java.net.BindException: Address already in use: JVM_Bind
	at java.net.DualStackPlainSocketImpl.bind0(Native Method)
	at java.net.DualStackPlainSocketImpl.socketBind(DualStackPlainSocketImpl.java:106)
	at java.net.AbstractPlainSocketImpl.bind(AbstractPlainSocketImpl.java:387)
	at java.net.PlainSocketImpl.bind(PlainSocketImpl.java:190)
	at java.net.ServerSocket.bind(ServerSocket.java:375)
	at java.net.ServerSocket.<init>(ServerSocket.java:237)
	at java.net.ServerSocket.<init>(ServerSocket.java:181)
	at org.apache.tomcat.util.net.DefaultServerSocketFactory.createSocket(DefaultServerSocketFactory.java:50)
	at org.apache.tomcat.util.net.JIoEndpoint.init(JIoEndpoint.java:538)
	... 12 more

二月 21, 2016 6:58:09 下午 org.apache.catalina.startup.Catalina start
严重: Catalina.start: 
LifecycleException:  service.getName(): "Catalina";  Protocol handler start failed: java.net.BindException: Address already in use: JVM_Bind <null>:8080
	at org.apache.catalina.connector.Connector.start(Connector.java:1094)
	at org.apache.catalina.core.StandardService.start(StandardService.java:534)
	at org.apache.catalina.core.StandardServer.start(StandardServer.java:710)
	at org.apache.catalina.startup.Catalina.start(Catalina.java:581)
	at sun.reflect.NativeMethodAccessorImpl.invoke0(Native Method)
	at sun.reflect.NativeMethodAccessorImpl.invoke(NativeMethodAccessorImpl.java:62)
	at sun.reflect.DelegatingMethodAccessorImpl.invoke(DelegatingMethodAccessorImpl.java:43)
	at java.lang.reflect.Method.invoke(Method.java:497)
	at org.apache.catalina.startup.Bootstrap.start(Bootstrap.java:289)
	at org.apache.catalina.startup.Bootstrap.main(Bootstrap.java:414)

二月 21, 2016 6:58:09 下午 org.apache.catalina.startup.Catalina start
信息: Server startup in 295 ms
二月 21, 2016 6:58:09 下午 org.apache.catalina.core.StandardServer await
严重: StandardServer.await: create[8005]: 
java.net.BindException: Address already in use: JVM_Bind
	at java.net.DualStackPlainSocketImpl.bind0(Native Method)
	at java.net.DualStackPlainSocketImpl.socketBind(DualStackPlainSocketImpl.java:106)
	at java.net.AbstractPlainSocketImpl.bind(AbstractPlainSocketImpl.java:387)
	at java.net.PlainSocketImpl.bind(PlainSocketImpl.java:190)
	at java.net.ServerSocket.bind(ServerSocket.java:375)
	at java.net.ServerSocket.<init>(ServerSocket.java:237)
	at org.apache.catalina.core.StandardServer.await(StandardServer.java:373)
	at org.apache.catalina.startup.Catalina.await(Catalina.java:662)
	at org.apache.catalina.startup.Catalina.start(Catalina.java:614)
	at sun.reflect.NativeMethodAccessorImpl.invoke0(Native Method)
	at sun.reflect.NativeMethodAccessorImpl.invoke(NativeMethodAccessorImpl.java:62)
	at sun.reflect.DelegatingMethodAccessorImpl.invoke(DelegatingMethodAccessorImpl.java:43)
	at java.lang.reflect.Method.invoke(Method.java:497)
	at org.apache.catalina.startup.Bootstrap.start(Bootstrap.java:289)
	at org.apache.catalina.startup.Bootstrap.main(Bootstrap.java:414)

二月 21, 2016 6:58:09 下午 org.apache.coyote.http11.Http11Protocol pause
信息: Pausing Coyote HTTP/1.1 on http-8080
二月 21, 2016 6:58:10 下午 org.apache.catalina.core.StandardService stop
信息: Stopping service Catalina
二月 21, 2016 6:58:10 下午 org.apache.catalina.connector.MapperListener destroy
警告: Error unregistering MBeanServerDelegate
java.lang.NullPointerException
	at org.apache.catalina.connector.MapperListener.destroy(MapperListener.java:176)
	at org.apache.catalina.connector.Connector.stop(Connector.java:1135)
	at org.apache.catalina.core.StandardService.stop(StandardService.java:596)
	at org.apache.catalina.core.StandardServer.stop(StandardServer.java:744)
	at org.apache.catalina.startup.Catalina.stop(Catalina.java:648)
	at org.apache.catalina.startup.Catalina$CatalinaShutdownHook.run(Catalina.java:692)

二月 21, 2016 6:58:10 下午 org.apache.coyote.http11.Http11Protocol destroy
信息: Stopping Coyote HTTP/1.1 on http-8080
二月 21, 2016 6:58:10 下午 org.apache.catalina.connector.Connector stop
严重: Coyote connector has not been started
二月 21, 2016 6:58:12 下午 org.apache.coyote.http11.Http11Protocol pause
信息: Pausing Coyote HTTP/1.1 on http-8080
二月 21, 2016 6:58:13 下午 org.apache.catalina.core.StandardService stop
信息: Stopping service Catalina
二月 21, 2016 6:58:13 下午 org.apache.coyote.http11.Http11Protocol destroy
信息: Stopping Coyote HTTP/1.1 on http-8080
二月 21, 2016 6:58:15 下午 org.apache.catalina.core.AprLifecycleListener init
信息: The APR based Apache Tomcat Native library which allows optimal performance in production environments was not found on the java.library.path: C:\Program Files\Java\jdk1.8.0_60\bin;C:\Windows\Sun\Java\bin;C:\Windows\system32;C:\Windows;C:\ProgramData\Oracle\Java\javapath;E:\Python2.7.9\;E:\Python2.7.9\Scripts;C:\Program Files (x86)\NVIDIA Corporation\PhysX\Common;C:\Program Files (x86)\Intel\iCLS Client\;C:\Program Files\Intel\iCLS Client\;C:\Windows\system32;C:\Windows;C:\Windows\System32\Wbem;C:\Windows\System32\WindowsPowerShell\v1.0\;C:\Program Files\Intel\Intel(R) Management Engine Components\DAL;C:\Program Files (x86)\Intel\Intel(R) Management Engine Components\DAL;C:\Program Files\Intel\Intel(R) Management Engine Components\IPT;C:\Program Files (x86)\Intel\Intel(R) Management Engine Components\IPT;C:\Program Files (x86)\Windows Kits\8.1\Windows Performance Toolkit\;C:\Program Files\Microsoft SQL Server\110\Tools\Binn\;C:\Program Files (x86)\Microsoft SDKs\TypeScript\1.0\;E:\git\Git\cmd;E:\mysql5.0\bin;C:\Program Files (x86)\GtkSharp\2.12\bin;C:\Program Files\Common Files\Autodesk Shared\;C:\Program Files (x86)\Autodesk\Backburner\;F:\cocos2dx\cocos2d-x-3.8.1\templates;F:\cocos2dx\cocos2d-x-3.8.1\tools\cocos2d-console\bin;;%JAVA_HOME%\bin;;.
二月 21, 2016 6:58:16 下午 org.apache.coyote.http11.Http11Protocol init
信息: Initializing Coyote HTTP/1.1 on http-8080
二月 21, 2016 6:58:16 下午 org.apache.catalina.startup.Catalina load
信息: Initialization processed in 262 ms
二月 21, 2016 6:58:16 下午 org.apache.catalina.core.StandardService start
信息: Starting service Catalina
二月 21, 2016 6:58:16 下午 org.apache.catalina.core.StandardEngine start
信息: Starting Servlet Engine: Apache Tomcat/6.0.29
二月 21, 2016 6:58:16 下午 org.apache.catalina.startup.HostConfig deployDescriptor
信息: Deploying configuration descriptor host-manager.xml
二月 21, 2016 6:58:16 下午 org.apache.catalina.startup.HostConfig deployDescriptor
信息: Deploying configuration descriptor manager.xml
二月 21, 2016 6:58:16 下午 org.apache.catalina.startup.HostConfig deployDirectory
信息: Deploying web application directory diy
二月 21, 2016 6:58:16 下午 org.apache.catalina.startup.HostConfig deployDirectory
信息: Deploying web application directory ROOT
二月 21, 2016 6:58:16 下午 org.apache.coyote.http11.Http11Protocol start
信息: Starting Coyote HTTP/1.1 on http-8080
二月 21, 2016 6:58:16 下午 org.apache.jk.common.ChannelSocket init
信息: JK: ajp13 listening on /0.0.0.0:8009
二月 21, 2016 6:58:16 下午 org.apache.jk.server.JkMain start
信息: Jk running ID=0 time=0/12  config=null
二月 21, 2016 6:58:16 下午 org.apache.catalina.startup.Catalina start
信息: Server startup in 296 ms
二月 21, 2016 6:58:37 下午 org.apache.coyote.http11.Http11Protocol pause
信息: Pausing Coyote HTTP/1.1 on http-8080
二月 21, 2016 6:58:38 下午 org.apache.catalina.core.StandardService stop
信息: Stopping service Catalina
二月 21, 2016 6:58:38 下午 org.apache.catalina.loader.WebappClassLoader clearReferencesJdbc
严重: The web application [/diy] registered the JBDC driver [com.mysql.jdbc.Driver] but failed to unregister it when the web application was stopped. To prevent a memory leak, the JDBC Driver has been forcibly unregistered.
二月 21, 2016 6:58:38 下午 org.apache.catalina.loader.WebappClassLoader clearReferencesThreads
严重: The web application [/diy] appears to have started a thread named [Abandoned connection cleanup thread] but has failed to stop it. This is very likely to create a memory leak.
二月 21, 2016 6:58:38 下午 org.apache.coyote.http11.Http11Protocol destroy
信息: Stopping Coyote HTTP/1.1 on http-8080
二月 21, 2016 6:58:40 下午 org.apache.catalina.core.AprLifecycleListener init
信息: The APR based Apache Tomcat Native library which allows optimal performance in production environments was not found on the java.library.path: C:\Program Files\Java\jdk1.8.0_60\bin;C:\Windows\Sun\Java\bin;C:\Windows\system32;C:\Windows;C:\ProgramData\Oracle\Java\javapath;E:\Python2.7.9\;E:\Python2.7.9\Scripts;C:\Program Files (x86)\NVIDIA Corporation\PhysX\Common;C:\Program Files (x86)\Intel\iCLS Client\;C:\Program Files\Intel\iCLS Client\;C:\Windows\system32;C:\Windows;C:\Windows\System32\Wbem;C:\Windows\System32\WindowsPowerShell\v1.0\;C:\Program Files\Intel\Intel(R) Management Engine Components\DAL;C:\Program Files (x86)\Intel\Intel(R) Management Engine Components\DAL;C:\Program Files\Intel\Intel(R) Management Engine Components\IPT;C:\Program Files (x86)\Intel\Intel(R) Management Engine Components\IPT;C:\Program Files (x86)\Windows Kits\8.1\Windows Performance Toolkit\;C:\Program Files\Microsoft SQL Server\110\Tools\Binn\;C:\Program Files (x86)\Microsoft SDKs\TypeScript\1.0\;E:\git\Git\cmd;E:\mysql5.0\bin;C:\Program Files (x86)\GtkSharp\2.12\bin;C:\Program Files\Common Files\Autodesk Shared\;C:\Program Files (x86)\Autodesk\Backburner\;F:\cocos2dx\cocos2d-x-3.8.1\templates;F:\cocos2dx\cocos2d-x-3.8.1\tools\cocos2d-console\bin;;%JAVA_HOME%\bin;;.
二月 21, 2016 6:58:40 下午 org.apache.coyote.http11.Http11Protocol init
信息: Initializing Coyote HTTP/1.1 on http-8080
二月 21, 2016 6:58:40 下午 org.apache.catalina.startup.Catalina load
信息: Initialization processed in 296 ms
二月 21, 2016 6:58:40 下午 org.apache.catalina.core.StandardService start
信息: Starting service Catalina
二月 21, 2016 6:58:40 下午 org.apache.catalina.core.StandardEngine start
信息: Starting Servlet Engine: Apache Tomcat/6.0.29
二月 21, 2016 6:58:40 下午 org.apache.catalina.startup.HostConfig deployDescriptor
信息: Deploying configuration descriptor host-manager.xml
二月 21, 2016 6:58:41 下午 org.apache.catalina.startup.HostConfig deployDescriptor
信息: Deploying configuration descriptor manager.xml
二月 21, 2016 6:58:41 下午 org.apache.catalina.startup.HostConfig deployDirectory
信息: Deploying web application directory diy
二月 21, 2016 6:58:41 下午 org.apache.catalina.startup.HostConfig deployDirectory
信息: Deploying web application directory ROOT
二月 21, 2016 6:58:41 下午 org.apache.coyote.http11.Http11Protocol start
信息: Starting Coyote HTTP/1.1 on http-8080
二月 21, 2016 6:58:41 下午 org.apache.jk.common.ChannelSocket init
信息: JK: ajp13 listening on /0.0.0.0:8009
二月 21, 2016 6:58:41 下午 org.apache.jk.server.JkMain start
信息: Jk running ID=0 time=0/15  config=null
二月 21, 2016 6:58:41 下午 org.apache.catalina.startup.Catalina start
信息: Server startup in 391 ms
二月 21, 2016 7:02:06 下午 org.apache.coyote.http11.Http11Protocol pause
信息: Pausing Coyote HTTP/1.1 on http-8080
二月 21, 2016 7:02:07 下午 org.apache.catalina.core.StandardService stop
信息: Stopping service Catalina
二月 21, 2016 7:02:07 下午 org.apache.catalina.loader.WebappClassLoader clearReferencesJdbc
严重: The web application [/diy] registered the JBDC driver [com.mysql.jdbc.Driver] but failed to unregister it when the web application was stopped. To prevent a memory leak, the JDBC Driver has been forcibly unregistered.
二月 21, 2016 7:02:07 下午 org.apache.catalina.loader.WebappClassLoader clearReferencesThreads
严重: The web application [/diy] appears to have started a thread named [Abandoned connection cleanup thread] but has failed to stop it. This is very likely to create a memory leak.
二月 21, 2016 7:02:07 下午 org.apache.coyote.http11.Http11Protocol destroy
信息: Stopping Coyote HTTP/1.1 on http-8080
二月 21, 2016 7:02:08 下午 org.apache.catalina.core.AprLifecycleListener init
信息: The APR based Apache Tomcat Native library which allows optimal performance in production environments was not found on the java.library.path: C:\Program Files\Java\jdk1.8.0_60\bin;C:\Windows\Sun\Java\bin;C:\Windows\system32;C:\Windows;C:\ProgramData\Oracle\Java\javapath;E:\Python2.7.9\;E:\Python2.7.9\Scripts;C:\Program Files (x86)\NVIDIA Corporation\PhysX\Common;C:\Program Files (x86)\Intel\iCLS Client\;C:\Program Files\Intel\iCLS Client\;C:\Windows\system32;C:\Windows;C:\Windows\System32\Wbem;C:\Windows\System32\WindowsPowerShell\v1.0\;C:\Program Files\Intel\Intel(R) Management Engine Components\DAL;C:\Program Files (x86)\Intel\Intel(R) Management Engine Components\DAL;C:\Program Files\Intel\Intel(R) Management Engine Components\IPT;C:\Program Files (x86)\Intel\Intel(R) Management Engine Components\IPT;C:\Program Files (x86)\Windows Kits\8.1\Windows Performance Toolkit\;C:\Program Files\Microsoft SQL Server\110\Tools\Binn\;C:\Program Files (x86)\Microsoft SDKs\TypeScript\1.0\;E:\git\Git\cmd;E:\mysql5.0\bin;C:\Program Files (x86)\GtkSharp\2.12\bin;C:\Program Files\Common Files\Autodesk Shared\;C:\Program Files (x86)\Autodesk\Backburner\;F:\cocos2dx\cocos2d-x-3.8.1\templates;F:\cocos2dx\cocos2d-x-3.8.1\tools\cocos2d-console\bin;;%JAVA_HOME%\bin;;.
二月 21, 2016 7:02:09 下午 org.apache.coyote.http11.Http11Protocol init
信息: Initializing Coyote HTTP/1.1 on http-8080
二月 21, 2016 7:02:09 下午 org.apache.catalina.startup.Catalina load
信息: Initialization processed in 282 ms
二月 21, 2016 7:02:09 下午 org.apache.catalina.core.StandardService start
信息: Starting service Catalina
二月 21, 2016 7:02:09 下午 org.apache.catalina.core.StandardEngine start
信息: Starting Servlet Engine: Apache Tomcat/6.0.29
二月 21, 2016 7:02:09 下午 org.apache.catalina.startup.HostConfig deployDescriptor
信息: Deploying configuration descriptor host-manager.xml
二月 21, 2016 7:02:09 下午 org.apache.catalina.startup.HostConfig deployDescriptor
信息: Deploying configuration descriptor manager.xml
二月 21, 2016 7:02:09 下午 org.apache.catalina.startup.HostConfig deployDirectory
信息: Deploying web application directory diy
二月 21, 2016 7:02:09 下午 org.apache.catalina.startup.HostConfig deployDirectory
信息: Deploying web application directory ROOT
二月 21, 2016 7:02:09 下午 org.apache.coyote.http11.Http11Protocol start
信息: Starting Coyote HTTP/1.1 on http-8080
二月 21, 2016 7:02:09 下午 org.apache.jk.common.ChannelSocket init
信息: JK: ajp13 listening on /0.0.0.0:8009
二月 21, 2016 7:02:09 下午 org.apache.jk.server.JkMain start
信息: Jk running ID=0 time=0/12  config=null
二月 21, 2016 7:02:09 下午 org.apache.catalina.startup.Catalina start
信息: Server startup in 302 ms
二月 21, 2016 7:03:02 下午 org.apache.coyote.http11.Http11Protocol pause
信息: Pausing Coyote HTTP/1.1 on http-8080
二月 21, 2016 7:03:03 下午 org.apache.catalina.core.StandardService stop
信息: Stopping service Catalina
二月 21, 2016 7:03:03 下午 org.apache.catalina.loader.WebappClassLoader clearReferencesJdbc
严重: The web application [/diy] registered the JBDC driver [com.mysql.jdbc.Driver] but failed to unregister it when the web application was stopped. To prevent a memory leak, the JDBC Driver has been forcibly unregistered.
二月 21, 2016 7:03:03 下午 org.apache.catalina.loader.WebappClassLoader clearReferencesThreads
严重: The web application [/diy] appears to have started a thread named [Abandoned connection cleanup thread] but has failed to stop it. This is very likely to create a memory leak.
二月 21, 2016 7:03:03 下午 org.apache.coyote.http11.Http11Protocol destroy
信息: Stopping Coyote HTTP/1.1 on http-8080
二月 21, 2016 7:05:50 下午 org.apache.catalina.startup.Catalina stopServer
严重: Catalina.stop: 
java.net.ConnectException: Connection refused: connect
	at java.net.DualStackPlainSocketImpl.connect0(Native Method)
	at java.net.DualStackPlainSocketImpl.socketConnect(DualStackPlainSocketImpl.java:79)
	at java.net.AbstractPlainSocketImpl.doConnect(AbstractPlainSocketImpl.java:350)
	at java.net.AbstractPlainSocketImpl.connectToAddress(AbstractPlainSocketImpl.java:206)
	at java.net.AbstractPlainSocketImpl.connect(AbstractPlainSocketImpl.java:188)
	at java.net.PlainSocketImpl.connect(PlainSocketImpl.java:172)
	at java.net.SocksSocketImpl.connect(SocksSocketImpl.java:392)
	at java.net.Socket.connect(Socket.java:589)
	at java.net.Socket.connect(Socket.java:538)
	at java.net.Socket.<init>(Socket.java:434)
	at java.net.Socket.<init>(Socket.java:211)
	at org.apache.catalina.startup.Catalina.stopServer(Catalina.java:408)
	at sun.reflect.NativeMethodAccessorImpl.invoke0(Native Method)
	at sun.reflect.NativeMethodAccessorImpl.invoke(NativeMethodAccessorImpl.java:62)
	at sun.reflect.DelegatingMethodAccessorImpl.invoke(DelegatingMethodAccessorImpl.java:43)
	at java.lang.reflect.Method.invoke(Method.java:497)
	at org.apache.catalina.startup.Bootstrap.stopServer(Bootstrap.java:338)
	at org.apache.catalina.startup.Bootstrap.main(Bootstrap.java:416)

二月 21, 2016 7:05:51 下午 org.apache.catalina.core.AprLifecycleListener init
信息: The APR based Apache Tomcat Native library which allows optimal performance in production environments was not found on the java.library.path: C:\Program Files\Java\jdk1.8.0_60\bin;C:\Windows\Sun\Java\bin;C:\Windows\system32;C:\Windows;C:\ProgramData\Oracle\Java\javapath;E:\Python2.7.9\;E:\Python2.7.9\Scripts;C:\Program Files (x86)\NVIDIA Corporation\PhysX\Common;C:\Program Files (x86)\Intel\iCLS Client\;C:\Program Files\Intel\iCLS Client\;C:\Windows\system32;C:\Windows;C:\Windows\System32\Wbem;C:\Windows\System32\WindowsPowerShell\v1.0\;C:\Program Files\Intel\Intel(R) Management Engine Components\DAL;C:\Program Files (x86)\Intel\Intel(R) Management Engine Components\DAL;C:\Program Files\Intel\Intel(R) Management Engine Components\IPT;C:\Program Files (x86)\Intel\Intel(R) Management Engine Components\IPT;C:\Program Files (x86)\Windows Kits\8.1\Windows Performance Toolkit\;C:\Program Files\Microsoft SQL Server\110\Tools\Binn\;C:\Program Files (x86)\Microsoft SDKs\TypeScript\1.0\;E:\git\Git\cmd;E:\mysql5.0\bin;C:\Program Files (x86)\GtkSharp\2.12\bin;C:\Program Files\Common Files\Autodesk Shared\;C:\Program Files (x86)\Autodesk\Backburner\;F:\cocos2dx\cocos2d-x-3.8.1\templates;F:\cocos2dx\cocos2d-x-3.8.1\tools\cocos2d-console\bin;;%JAVA_HOME%\bin;;.
二月 21, 2016 7:05:51 下午 org.apache.coyote.http11.Http11Protocol init
信息: Initializing Coyote HTTP/1.1 on http-8080
二月 21, 2016 7:05:51 下午 org.apache.catalina.startup.Catalina load
信息: Initialization processed in 307 ms
二月 21, 2016 7:05:51 下午 org.apache.catalina.core.StandardService start
信息: Starting service Catalina
二月 21, 2016 7:05:51 下午 org.apache.catalina.core.StandardEngine start
信息: Starting Servlet Engine: Apache Tomcat/6.0.29
二月 21, 2016 7:05:51 下午 org.apache.catalina.startup.HostConfig deployDescriptor
信息: Deploying configuration descriptor host-manager.xml
二月 21, 2016 7:05:51 下午 org.apache.catalina.startup.HostConfig deployDescriptor
信息: Deploying configuration descriptor manager.xml
二月 21, 2016 7:05:51 下午 org.apache.catalina.startup.HostConfig deployDirectory
信息: Deploying web application directory diy
二月 21, 2016 7:05:51 下午 org.apache.catalina.startup.HostConfig deployDirectory
信息: Deploying web application directory ROOT
二月 21, 2016 7:05:51 下午 org.apache.coyote.http11.Http11Protocol start
信息: Starting Coyote HTTP/1.1 on http-8080
二月 21, 2016 7:05:51 下午 org.apache.jk.common.ChannelSocket init
信息: JK: ajp13 listening on /0.0.0.0:8009
二月 21, 2016 7:05:51 下午 org.apache.jk.server.JkMain start
信息: Jk running ID=0 time=0/12  config=null
二月 21, 2016 7:05:51 下午 org.apache.catalina.startup.Catalina start
信息: Server startup in 320 ms
二月 21, 2016 10:19:47 下午 org.apache.catalina.core.AprLifecycleListener init
信息: The APR based Apache Tomcat Native library which allows optimal performance in production environments was not found on the java.library.path: C:\Program Files\Java\jdk1.8.0_60\bin;C:\Windows\Sun\Java\bin;C:\Windows\system32;C:\Windows;C:\ProgramData\Oracle\Java\javapath;E:\Python2.7.9\;E:\Python2.7.9\Scripts;C:\Program Files (x86)\NVIDIA Corporation\PhysX\Common;C:\Program Files (x86)\Intel\iCLS Client\;C:\Program Files\Intel\iCLS Client\;C:\Windows\system32;C:\Windows;C:\Windows\System32\Wbem;C:\Windows\System32\WindowsPowerShell\v1.0\;C:\Program Files\Intel\Intel(R) Management Engine Components\DAL;C:\Program Files (x86)\Intel\Intel(R) Management Engine Components\DAL;C:\Program Files\Intel\Intel(R) Management Engine Components\IPT;C:\Program Files (x86)\Intel\Intel(R) Management Engine Components\IPT;C:\Program Files (x86)\Windows Kits\8.1\Windows Performance Toolkit\;C:\Program Files\Microsoft SQL Server\110\Tools\Binn\;C:\Program Files (x86)\Microsoft SDKs\TypeScript\1.0\;E:\git\Git\cmd;E:\mysql5.0\bin;C:\Program Files (x86)\GtkSharp\2.12\bin;C:\Program Files\Common Files\Autodesk Shared\;C:\Program Files (x86)\Autodesk\Backburner\;F:\cocos2dx\cocos2d-x-3.8.1\templates;F:\cocos2dx\cocos2d-x-3.8.1\tools\cocos2d-console\bin;;%JAVA_HOME%\bin;;.
二月 21, 2016 10:19:47 下午 org.apache.coyote.http11.Http11Protocol init
严重: Error initializing endpoint
java.net.BindException: Address already in use: JVM_Bind <null>:8080
	at org.apache.tomcat.util.net.JIoEndpoint.init(JIoEndpoint.java:549)
	at org.apache.coyote.http11.Http11Protocol.init(Http11Protocol.java:176)
	at org.apache.catalina.connector.Connector.initialize(Connector.java:1014)
	at org.apache.catalina.core.StandardService.initialize(StandardService.java:680)
	at org.apache.catalina.core.StandardServer.initialize(StandardServer.java:795)
	at org.apache.catalina.startup.Catalina.load(Catalina.java:524)
	at org.apache.catalina.startup.Catalina.load(Catalina.java:548)
	at sun.reflect.NativeMethodAccessorImpl.invoke0(Native Method)
	at sun.reflect.NativeMethodAccessorImpl.invoke(NativeMethodAccessorImpl.java:62)
	at sun.reflect.DelegatingMethodAccessorImpl.invoke(DelegatingMethodAccessorImpl.java:43)
	at java.lang.reflect.Method.invoke(Method.java:497)
	at org.apache.catalina.startup.Bootstrap.load(Bootstrap.java:261)
	at org.apache.catalina.startup.Bootstrap.main(Bootstrap.java:413)
Caused by: java.net.BindException: Address already in use: JVM_Bind
	at java.net.DualStackPlainSocketImpl.bind0(Native Method)
	at java.net.DualStackPlainSocketImpl.socketBind(DualStackPlainSocketImpl.java:106)
	at java.net.AbstractPlainSocketImpl.bind(AbstractPlainSocketImpl.java:387)
	at java.net.PlainSocketImpl.bind(PlainSocketImpl.java:190)
	at java.net.ServerSocket.bind(ServerSocket.java:375)
	at java.net.ServerSocket.<init>(ServerSocket.java:237)
	at java.net.ServerSocket.<init>(ServerSocket.java:181)
	at org.apache.tomcat.util.net.DefaultServerSocketFactory.createSocket(DefaultServerSocketFactory.java:50)
	at org.apache.tomcat.util.net.JIoEndpoint.init(JIoEndpoint.java:538)
	... 12 more

二月 21, 2016 10:19:47 下午 org.apache.catalina.startup.Catalina load
严重: Catalina.start
LifecycleException:  Protocol handler initialization failed: java.net.BindException: Address already in use: JVM_Bind <null>:8080
	at org.apache.catalina.connector.Connector.initialize(Connector.java:1016)
	at org.apache.catalina.core.StandardService.initialize(StandardService.java:680)
	at org.apache.catalina.core.StandardServer.initialize(StandardServer.java:795)
	at org.apache.catalina.startup.Catalina.load(Catalina.java:524)
	at org.apache.catalina.startup.Catalina.load(Catalina.java:548)
	at sun.reflect.NativeMethodAccessorImpl.invoke0(Native Method)
	at sun.reflect.NativeMethodAccessorImpl.invoke(NativeMethodAccessorImpl.java:62)
	at sun.reflect.DelegatingMethodAccessorImpl.invoke(DelegatingMethodAccessorImpl.java:43)
	at java.lang.reflect.Method.invoke(Method.java:497)
	at org.apache.catalina.startup.Bootstrap.load(Bootstrap.java:261)
	at org.apache.catalina.startup.Bootstrap.main(Bootstrap.java:413)

二月 21, 2016 10:19:47 下午 org.apache.catalina.startup.Catalina load
信息: Initialization processed in 353 ms
二月 21, 2016 10:19:47 下午 org.apache.catalina.core.StandardService start
信息: Starting service Catalina
二月 21, 2016 10:19:47 下午 org.apache.catalina.core.StandardEngine start
信息: Starting Servlet Engine: Apache Tomcat/6.0.29
二月 21, 2016 10:19:47 下午 org.apache.catalina.startup.HostConfig deployDescriptor
信息: Deploying configuration descriptor host-manager.xml
二月 21, 2016 10:19:47 下午 org.apache.catalina.startup.HostConfig deployDescriptor
信息: Deploying configuration descriptor manager.xml
二月 21, 2016 10:19:47 下午 org.apache.catalina.startup.HostConfig deployDirectory
信息: Deploying web application directory diy
二月 21, 2016 10:19:47 下午 org.apache.catalina.startup.HostConfig deployDirectory
信息: Deploying web application directory ROOT
二月 21, 2016 10:19:47 下午 org.apache.coyote.http11.Http11Protocol start
严重: Error starting endpoint
java.net.BindException: Address already in use: JVM_Bind <null>:8080
	at org.apache.tomcat.util.net.JIoEndpoint.init(JIoEndpoint.java:549)
	at org.apache.tomcat.util.net.JIoEndpoint.start(JIoEndpoint.java:565)
	at org.apache.coyote.http11.Http11Protocol.start(Http11Protocol.java:203)
	at org.apache.catalina.connector.Connector.start(Connector.java:1087)
	at org.apache.catalina.core.StandardService.start(StandardService.java:534)
	at org.apache.catalina.core.StandardServer.start(StandardServer.java:710)
	at org.apache.catalina.startup.Catalina.start(Catalina.java:581)
	at sun.reflect.NativeMethodAccessorImpl.invoke0(Native Method)
	at sun.reflect.NativeMethodAccessorImpl.invoke(NativeMethodAccessorImpl.java:62)
	at sun.reflect.DelegatingMethodAccessorImpl.invoke(DelegatingMethodAccessorImpl.java:43)
	at java.lang.reflect.Method.invoke(Method.java:497)
	at org.apache.catalina.startup.Bootstrap.start(Bootstrap.java:289)
	at org.apache.catalina.startup.Bootstrap.main(Bootstrap.java:414)
Caused by: java.net.BindException: Address already in use: JVM_Bind
	at java.net.DualStackPlainSocketImpl.bind0(Native Method)
	at java.net.DualStackPlainSocketImpl.socketBind(DualStackPlainSocketImpl.java:106)
	at java.net.AbstractPlainSocketImpl.bind(AbstractPlainSocketImpl.java:387)
	at java.net.PlainSocketImpl.bind(PlainSocketImpl.java:190)
	at java.net.ServerSocket.bind(ServerSocket.java:375)
	at java.net.ServerSocket.<init>(ServerSocket.java:237)
	at java.net.ServerSocket.<init>(ServerSocket.java:181)
	at org.apache.tomcat.util.net.DefaultServerSocketFactory.createSocket(DefaultServerSocketFactory.java:50)
	at org.apache.tomcat.util.net.JIoEndpoint.init(JIoEndpoint.java:538)
	... 12 more

二月 21, 2016 10:19:47 下午 org.apache.catalina.startup.Catalina start
严重: Catalina.start: 
LifecycleException:  service.getName(): "Catalina";  Protocol handler start failed: java.net.BindException: Address already in use: JVM_Bind <null>:8080
	at org.apache.catalina.connector.Connector.start(Connector.java:1094)
	at org.apache.catalina.core.StandardService.start(StandardService.java:534)
	at org.apache.catalina.core.StandardServer.start(StandardServer.java:710)
	at org.apache.catalina.startup.Catalina.start(Catalina.java:581)
	at sun.reflect.NativeMethodAccessorImpl.invoke0(Native Method)
	at sun.reflect.NativeMethodAccessorImpl.invoke(NativeMethodAccessorImpl.java:62)
	at sun.reflect.DelegatingMethodAccessorImpl.invoke(DelegatingMethodAccessorImpl.java:43)
	at java.lang.reflect.Method.invoke(Method.java:497)
	at org.apache.catalina.startup.Bootstrap.start(Bootstrap.java:289)
	at org.apache.catalina.startup.Bootstrap.main(Bootstrap.java:414)

二月 21, 2016 10:19:47 下午 org.apache.catalina.startup.Catalina start
信息: Server startup in 263 ms
二月 21, 2016 10:19:47 下午 org.apache.catalina.core.StandardServer await
严重: StandardServer.await: create[8005]: 
java.net.BindException: Address already in use: JVM_Bind
	at java.net.DualStackPlainSocketImpl.bind0(Native Method)
	at java.net.DualStackPlainSocketImpl.socketBind(DualStackPlainSocketImpl.java:106)
	at java.net.AbstractPlainSocketImpl.bind(AbstractPlainSocketImpl.java:387)
	at java.net.PlainSocketImpl.bind(PlainSocketImpl.java:190)
	at java.net.ServerSocket.bind(ServerSocket.java:375)
	at java.net.ServerSocket.<init>(ServerSocket.java:237)
	at org.apache.catalina.core.StandardServer.await(StandardServer.java:373)
	at org.apache.catalina.startup.Catalina.await(Catalina.java:662)
	at org.apache.catalina.startup.Catalina.start(Catalina.java:614)
	at sun.reflect.NativeMethodAccessorImpl.invoke0(Native Method)
	at sun.reflect.NativeMethodAccessorImpl.invoke(NativeMethodAccessorImpl.java:62)
	at sun.reflect.DelegatingMethodAccessorImpl.invoke(DelegatingMethodAccessorImpl.java:43)
	at java.lang.reflect.Method.invoke(Method.java:497)
	at org.apache.catalina.startup.Bootstrap.start(Bootstrap.java:289)
	at org.apache.catalina.startup.Bootstrap.main(Bootstrap.java:414)

二月 21, 2016 10:19:47 下午 org.apache.coyote.http11.Http11Protocol pause
信息: Pausing Coyote HTTP/1.1 on http-8080
二月 21, 2016 10:19:48 下午 org.apache.catalina.core.StandardService stop
信息: Stopping service Catalina
二月 21, 2016 10:19:48 下午 org.apache.catalina.connector.MapperListener destroy
警告: Error unregistering MBeanServerDelegate
java.lang.NullPointerException
	at org.apache.catalina.connector.MapperListener.destroy(MapperListener.java:176)
	at org.apache.catalina.connector.Connector.stop(Connector.java:1135)
	at org.apache.catalina.core.StandardService.stop(StandardService.java:596)
	at org.apache.catalina.core.StandardServer.stop(StandardServer.java:744)
	at org.apache.catalina.startup.Catalina.stop(Catalina.java:648)
	at org.apache.catalina.startup.Catalina$CatalinaShutdownHook.run(Catalina.java:692)

二月 21, 2016 10:19:48 下午 org.apache.coyote.http11.Http11Protocol destroy
信息: Stopping Coyote HTTP/1.1 on http-8080
二月 21, 2016 10:19:48 下午 org.apache.catalina.connector.Connector stop
严重: Coyote connector has not been started
二月 21, 2016 10:19:50 下午 org.apache.coyote.http11.Http11Protocol pause
信息: Pausing Coyote HTTP/1.1 on http-8080
二月 21, 2016 10:19:51 下午 org.apache.catalina.core.StandardService stop
信息: Stopping service Catalina
二月 21, 2016 10:19:51 下午 org.apache.catalina.loader.WebappClassLoader clearReferencesJdbc
严重: The web application [/diy] registered the JBDC driver [com.mysql.jdbc.Driver] but failed to unregister it when the web application was stopped. To prevent a memory leak, the JDBC Driver has been forcibly unregistered.
二月 21, 2016 10:19:51 下午 org.apache.catalina.loader.WebappClassLoader clearReferencesThreads
严重: The web application [/diy] appears to have started a thread named [Abandoned connection cleanup thread] but has failed to stop it. This is very likely to create a memory leak.
二月 21, 2016 10:19:51 下午 org.apache.coyote.http11.Http11Protocol destroy
信息: Stopping Coyote HTTP/1.1 on http-8080
二月 21, 2016 10:19:54 下午 org.apache.catalina.startup.Catalina stopServer
严重: Catalina.stop: 
java.net.ConnectException: Connection refused: connect
	at java.net.DualStackPlainSocketImpl.connect0(Native Method)
	at java.net.DualStackPlainSocketImpl.socketConnect(DualStackPlainSocketImpl.java:79)
	at java.net.AbstractPlainSocketImpl.doConnect(AbstractPlainSocketImpl.java:350)
	at java.net.AbstractPlainSocketImpl.connectToAddress(AbstractPlainSocketImpl.java:206)
	at java.net.AbstractPlainSocketImpl.connect(AbstractPlainSocketImpl.java:188)
	at java.net.PlainSocketImpl.connect(PlainSocketImpl.java:172)
	at java.net.SocksSocketImpl.connect(SocksSocketImpl.java:392)
	at java.net.Socket.connect(Socket.java:589)
	at java.net.Socket.connect(Socket.java:538)
	at java.net.Socket.<init>(Socket.java:434)
	at java.net.Socket.<init>(Socket.java:211)
	at org.apache.catalina.startup.Catalina.stopServer(Catalina.java:408)
	at sun.reflect.NativeMethodAccessorImpl.invoke0(Native Method)
	at sun.reflect.NativeMethodAccessorImpl.invoke(NativeMethodAccessorImpl.java:62)
	at sun.reflect.DelegatingMethodAccessorImpl.invoke(DelegatingMethodAccessorImpl.java:43)
	at java.lang.reflect.Method.invoke(Method.java:497)
	at org.apache.catalina.startup.Bootstrap.stopServer(Bootstrap.java:338)
	at org.apache.catalina.startup.Bootstrap.main(Bootstrap.java:416)

二月 21, 2016 10:19:55 下午 org.apache.catalina.core.AprLifecycleListener init
信息: The APR based Apache Tomcat Native library which allows optimal performance in production environments was not found on the java.library.path: C:\Program Files\Java\jdk1.8.0_60\bin;C:\Windows\Sun\Java\bin;C:\Windows\system32;C:\Windows;C:\ProgramData\Oracle\Java\javapath;E:\Python2.7.9\;E:\Python2.7.9\Scripts;C:\Program Files (x86)\NVIDIA Corporation\PhysX\Common;C:\Program Files (x86)\Intel\iCLS Client\;C:\Program Files\Intel\iCLS Client\;C:\Windows\system32;C:\Windows;C:\Windows\System32\Wbem;C:\Windows\System32\WindowsPowerShell\v1.0\;C:\Program Files\Intel\Intel(R) Management Engine Components\DAL;C:\Program Files (x86)\Intel\Intel(R) Management Engine Components\DAL;C:\Program Files\Intel\Intel(R) Management Engine Components\IPT;C:\Program Files (x86)\Intel\Intel(R) Management Engine Components\IPT;C:\Program Files (x86)\Windows Kits\8.1\Windows Performance Toolkit\;C:\Program Files\Microsoft SQL Server\110\Tools\Binn\;C:\Program Files (x86)\Microsoft SDKs\TypeScript\1.0\;E:\git\Git\cmd;E:\mysql5.0\bin;C:\Program Files (x86)\GtkSharp\2.12\bin;C:\Program Files\Common Files\Autodesk Shared\;C:\Program Files (x86)\Autodesk\Backburner\;F:\cocos2dx\cocos2d-x-3.8.1\templates;F:\cocos2dx\cocos2d-x-3.8.1\tools\cocos2d-console\bin;;%JAVA_HOME%\bin;;.
二月 21, 2016 10:19:56 下午 org.apache.coyote.http11.Http11Protocol init
信息: Initializing Coyote HTTP/1.1 on http-8080
二月 21, 2016 10:19:56 下午 org.apache.catalina.startup.Catalina load
信息: Initialization processed in 266 ms
二月 21, 2016 10:19:56 下午 org.apache.catalina.core.StandardService start
信息: Starting service Catalina
二月 21, 2016 10:19:56 下午 org.apache.catalina.core.StandardEngine start
信息: Starting Servlet Engine: Apache Tomcat/6.0.29
二月 21, 2016 10:19:56 下午 org.apache.catalina.startup.HostConfig deployDescriptor
信息: Deploying configuration descriptor host-manager.xml
二月 21, 2016 10:19:56 下午 org.apache.catalina.startup.HostConfig deployDescriptor
信息: Deploying configuration descriptor manager.xml
二月 21, 2016 10:19:56 下午 org.apache.catalina.startup.HostConfig deployDirectory
信息: Deploying web application directory diy
二月 21, 2016 10:19:56 下午 org.apache.catalina.startup.HostConfig deployDirectory
信息: Deploying web application directory ROOT
二月 21, 2016 10:19:56 下午 org.apache.coyote.http11.Http11Protocol start
信息: Starting Coyote HTTP/1.1 on http-8080
二月 21, 2016 10:19:56 下午 org.apache.jk.common.ChannelSocket init
信息: JK: ajp13 listening on /0.0.0.0:8009
二月 21, 2016 10:19:56 下午 org.apache.jk.server.JkMain start
信息: Jk running ID=0 time=0/13  config=null
二月 21, 2016 10:19:56 下午 org.apache.catalina.startup.Catalina start
信息: Server startup in 288 ms
